This file contains any messages produced by compilers while
running configure, to aid debugging if configure makes a mistake.

It was created by configure, which was
generated by GNU Autoconf 2.69.  Invocation command line was

  $ ./configure --host=arm-linux-androideabi --without-zenmap --with-liblua=included --with-pcap=linux --with-libpcap=internal --enable-static --without-ndiff --without-nping --without-nmap-update --without-ncat

## --------- ##
## Platform. ##
## --------- ##

hostname = francesco-desktop
uname -m = x86_64
uname -r = 4.2.0-34-generic
uname -s = Linux
uname -v = #39-Ubuntu SMP Thu Mar 10 22:13:01 UTC 2016

/usr/bin/uname -p = unknown
/bin/uname -X     = unknown

/bin/arch              = unknown
/usr/bin/arch -k       = unknown
/usr/convex/getsysinfo = unknown
/usr/bin/hostinfo      = unknown
/bin/machine           = unknown
/usr/bin/oslevel       = unknown
/bin/universe          = unknown

PATH: /home/francesco/Dropbox/bin/android-toolchain/bin
PATH: /home/francesco/Dropbox/bin/android-sdk/ndk-bundle/
PATH: /home/francesco/Dropbox/bin/android-sdk/platform-tools
PATH: /home/francesco/Dropbox/bin/android-studio/bin
PATH: /home/francesco/Dropbox/bin/netbeans-8.1/bin
PATH: /home/francesco/Dropbox/bin/jdk1.8.0_73/bin
PATH: /home/francesco-ubn/bin
PATH: /home/francesco/Dropbox/bin/android-sdk/ndk-bundle/
PATH: /home/francesco/Dropbox/bin/android-sdk/platform-tools
PATH: /home/francesco/Dropbox/bin/android-studio/bin
PATH: /home/francesco/Dropbox/bin/netbeans-8.1/bin
PATH: /home/francesco/Dropbox/bin/jdk1.8.0_73/bin
PATH: /home/francesco-ubn/bin
PATH: /usr/local/sbin
PATH: /usr/local/bin
PATH: /usr/sbin
PATH: /usr/bin
PATH: /sbin
PATH: /bin
PATH: /usr/games
PATH: /usr/local/games


## ----------- ##
## Core tests. ##
## ----------- ##

configure:2382: checking whether NLS is requested
configure:2391: result: yes
configure:2475: checking build system type
configure:2489: result: x86_64-unknown-linux-gnu
configure:2509: checking host system type
configure:2522: result: arm-unknown-linux-androideabi
configure:2550: checking for arm-linux-androideabi-gcc
configure:2566: found /home/francesco/Dropbox/bin/android-toolchain/bin/arm-linux-androideabi-gcc
configure:2577: result: arm-linux-androideabi-gcc
configure:2846: checking for C compiler version
configure:2855: arm-linux-androideabi-gcc --version >&5
arm-linux-androideabi-gcc (GCC) 4.9 20150123 (prerelease)
Copyright (C) 2014 Free Software Foundation, Inc.
This is free software; see the source for copying conditions.  There is NO
warranty; not even for MERCHANTABILITY or FITNESS FOR A PARTICULAR PURPOSE.

configure:2866: $? = 0
configure:2855: arm-linux-androideabi-gcc -v >&5
Using built-in specs.
COLLECT_GCC=arm-linux-androideabi-gcc
COLLECT_LTO_WRAPPER=/home/francesco/Dropbox/bin/android-toolchain/bin/../libexec/gcc/arm-linux-androideabi/4.9/lto-wrapper
Target: arm-linux-androideabi
Configured with: /usr/local/google/buildbot/src/android/gcc/toolchain/build/../gcc/gcc-4.9/configure --prefix=/tmp/002ff922da42f0f80603ab1715cd43d4 --target=arm-linux-androideabi --host=x86_64-linux-gnu --build=x86_64-linux-gnu --with-gnu-as --with-gnu-ld --enable-languages=c,c++ --with-gmp=/buildbot/tmp/build/toolchain/temp-install --with-mpfr=/buildbot/tmp/build/toolchain/temp-install --with-mpc=/buildbot/tmp/build/toolchain/temp-install --with-cloog=/buildbot/tmp/build/toolchain/temp-install --with-isl=/buildbot/tmp/build/toolchain/temp-install --with-ppl=/buildbot/tmp/build/toolchain/temp-install --disable-ppl-version-check --disable-cloog-version-check --disable-isl-version-check --enable-cloog-backend=isl --with-host-libstdcxx='-static-libgcc -Wl,-Bstatic,-lstdc++,-Bdynamic -lm' --disable-libssp --enable-threads --disable-nls --disable-libmudflap --disable-libgomp --disable-libstdc__-v3 --disable-sjlj-exceptions --disable-shared --disable-tls --disable-libitm --with-float=soft --with-fpu=vfp --with-arch=armv5te --enable-target-optspace --enable-initfini-array --disable-nls --prefix=/tmp/002ff922da42f0f80603ab1715cd43d4 --with-sysroot=/tmp/002ff922da42f0f80603ab1715cd43d4/sysroot --with-binutils-version=2.25 --with-mpfr-version=3.1.1 --with-mpc-version=1.0.1 --with-gmp-version=5.0.5 --with-gcc-version=4.9 --with-gdb-version=none --with-gxx-include-dir=/tmp/002ff922da42f0f80603ab1715cd43d4/include/c++/4.9 --with-bugurl=http://source.android.com/source/report-bugs.html --enable-languages=c,c++ --disable-bootstrap --enable-plugins --enable-libgomp --enable-gnu-indirect-function --disable-libsanitizer --enable-gold --enable-threads --enable-eh-frame-hdr-for-static --enable-graphite=yes --with-isl-version=0.11.1 --with-cloog-version=0.18.0 --with-arch=armv5te --program-transform-name='s&^&arm-linux-androideabi-&' --enable-gold=default
Thread model: posix
gcc version 4.9 20150123 (prerelease) (GCC) 
configure:2866: $? = 0
configure:2855: arm-linux-androideabi-gcc -V >&5
arm-linux-androideabi-gcc: error: unrecognized command line option '-V'
arm-linux-androideabi-gcc: fatal error: no input files
compilation terminated.
configure:2866: $? = 1
configure:2855: arm-linux-androideabi-gcc -qversion >&5
arm-linux-androideabi-gcc: error: unrecognized command line option '-qversion'
arm-linux-androideabi-gcc: fatal error: no input files
compilation terminated.
configure:2866: $? = 1
configure:2886: checking whether the C compiler works
configure:2908: arm-linux-androideabi-gcc    conftest.c  >&5
configure:2912: $? = 0
configure:2960: result: yes
configure:2963: checking for C compiler default output file name
configure:2965: result: a.out
configure:2971: checking for suffix of executables
configure:2978: arm-linux-androideabi-gcc -o conftest    conftest.c  >&5
configure:2982: $? = 0
configure:3004: result: 
configure:3026: checking whether we are cross compiling
configure:3034: arm-linux-androideabi-gcc -o conftest    conftest.c  >&5
configure:3038: $? = 0
configure:3045: ./conftest
./configure: line 3047: ./conftest: cannot execute binary file: Exec format error
configure:3049: $? = 126
configure:3064: result: yes
configure:3069: checking for suffix of object files
configure:3091: arm-linux-androideabi-gcc -c   conftest.c >&5
configure:3095: $? = 0
configure:3116: result: o
configure:3120: checking whether we are using the GNU C compiler
configure:3139: arm-linux-androideabi-gcc -c   conftest.c >&5
configure:3139: $? = 0
configure:3148: result: yes
configure:3157: checking whether arm-linux-androideabi-gcc accepts -g
configure:3177: arm-linux-androideabi-gcc -c -g  conftest.c >&5
configure:3177: $? = 0
configure:3218: result: yes
configure:3235: checking for arm-linux-androideabi-gcc option to accept ISO C89
configure:3298: arm-linux-androideabi-gcc  -c -g -O2  conftest.c >&5
configure:3298: $? = 0
configure:3311: result: none needed
configure:3332: checking for inline
configure:3348: arm-linux-androideabi-gcc -c -g -O2  conftest.c >&5
configure:3348: $? = 0
configure:3356: result: inline
configure:3383: checking for arm-linux-androideabi-gcc
configure:3410: result: arm-linux-androideabi-gcc
configure:3679: checking for C compiler version
configure:3688: arm-linux-androideabi-gcc --version >&5
arm-linux-androideabi-gcc (GCC) 4.9 20150123 (prerelease)
Copyright (C) 2014 Free Software Foundation, Inc.
This is free software; see the source for copying conditions.  There is NO
warranty; not even for MERCHANTABILITY or FITNESS FOR A PARTICULAR PURPOSE.

configure:3699: $? = 0
configure:3688: arm-linux-androideabi-gcc -v >&5
Using built-in specs.
COLLECT_GCC=arm-linux-androideabi-gcc
COLLECT_LTO_WRAPPER=/home/francesco/Dropbox/bin/android-toolchain/bin/../libexec/gcc/arm-linux-androideabi/4.9/lto-wrapper
Target: arm-linux-androideabi
Configured with: /usr/local/google/buildbot/src/android/gcc/toolchain/build/../gcc/gcc-4.9/configure --prefix=/tmp/002ff922da42f0f80603ab1715cd43d4 --target=arm-linux-androideabi --host=x86_64-linux-gnu --build=x86_64-linux-gnu --with-gnu-as --with-gnu-ld --enable-languages=c,c++ --with-gmp=/buildbot/tmp/build/toolchain/temp-install --with-mpfr=/buildbot/tmp/build/toolchain/temp-install --with-mpc=/buildbot/tmp/build/toolchain/temp-install --with-cloog=/buildbot/tmp/build/toolchain/temp-install --with-isl=/buildbot/tmp/build/toolchain/temp-install --with-ppl=/buildbot/tmp/build/toolchain/temp-install --disable-ppl-version-check --disable-cloog-version-check --disable-isl-version-check --enable-cloog-backend=isl --with-host-libstdcxx='-static-libgcc -Wl,-Bstatic,-lstdc++,-Bdynamic -lm' --disable-libssp --enable-threads --disable-nls --disable-libmudflap --disable-libgomp --disable-libstdc__-v3 --disable-sjlj-exceptions --disable-shared --disable-tls --disable-libitm --with-float=soft --with-fpu=vfp --with-arch=armv5te --enable-target-optspace --enable-initfini-array --disable-nls --prefix=/tmp/002ff922da42f0f80603ab1715cd43d4 --with-sysroot=/tmp/002ff922da42f0f80603ab1715cd43d4/sysroot --with-binutils-version=2.25 --with-mpfr-version=3.1.1 --with-mpc-version=1.0.1 --with-gmp-version=5.0.5 --with-gcc-version=4.9 --with-gdb-version=none --with-gxx-include-dir=/tmp/002ff922da42f0f80603ab1715cd43d4/include/c++/4.9 --with-bugurl=http://source.android.com/source/report-bugs.html --enable-languages=c,c++ --disable-bootstrap --enable-plugins --enable-libgomp --enable-gnu-indirect-function --disable-libsanitizer --enable-gold --enable-threads --enable-eh-frame-hdr-for-static --enable-graphite=yes --with-isl-version=0.11.1 --with-cloog-version=0.18.0 --with-arch=armv5te --program-transform-name='s&^&arm-linux-androideabi-&' --enable-gold=default
Thread model: posix
gcc version 4.9 20150123 (prerelease) (GCC) 
configure:3699: $? = 0
configure:3688: arm-linux-androideabi-gcc -V >&5
arm-linux-androideabi-gcc: error: unrecognized command line option '-V'
arm-linux-androideabi-gcc: fatal error: no input files
compilation terminated.
configure:3699: $? = 1
configure:3688: arm-linux-androideabi-gcc -qversion >&5
arm-linux-androideabi-gcc: error: unrecognized command line option '-qversion'
arm-linux-androideabi-gcc: fatal error: no input files
compilation terminated.
configure:3699: $? = 1
configure:3703: checking whether we are using the GNU C compiler
configure:3731: result: yes
configure:3740: checking whether arm-linux-androideabi-gcc accepts -g
configure:3801: result: yes
configure:3818: checking for arm-linux-androideabi-gcc option to accept ISO C89
configure:3894: result: none needed
configure:3928: checking for arm-linux-androideabi-g++
configure:3944: found /home/francesco/Dropbox/bin/android-toolchain/bin/arm-linux-androideabi-g++
configure:3955: result: arm-linux-androideabi-g++
configure:4026: checking for C++ compiler version
configure:4035: arm-linux-androideabi-g++ --version >&5
arm-linux-androideabi-g++ (GCC) 4.9 20150123 (prerelease)
Copyright (C) 2014 Free Software Foundation, Inc.
This is free software; see the source for copying conditions.  There is NO
warranty; not even for MERCHANTABILITY or FITNESS FOR A PARTICULAR PURPOSE.

configure:4046: $? = 0
configure:4035: arm-linux-androideabi-g++ -v >&5
Using built-in specs.
COLLECT_GCC=arm-linux-androideabi-g++
COLLECT_LTO_WRAPPER=/home/francesco/Dropbox/bin/android-toolchain/bin/../libexec/gcc/arm-linux-androideabi/4.9/lto-wrapper
Target: arm-linux-androideabi
Configured with: /usr/local/google/buildbot/src/android/gcc/toolchain/build/../gcc/gcc-4.9/configure --prefix=/tmp/002ff922da42f0f80603ab1715cd43d4 --target=arm-linux-androideabi --host=x86_64-linux-gnu --build=x86_64-linux-gnu --with-gnu-as --with-gnu-ld --enable-languages=c,c++ --with-gmp=/buildbot/tmp/build/toolchain/temp-install --with-mpfr=/buildbot/tmp/build/toolchain/temp-install --with-mpc=/buildbot/tmp/build/toolchain/temp-install --with-cloog=/buildbot/tmp/build/toolchain/temp-install --with-isl=/buildbot/tmp/build/toolchain/temp-install --with-ppl=/buildbot/tmp/build/toolchain/temp-install --disable-ppl-version-check --disable-cloog-version-check --disable-isl-version-check --enable-cloog-backend=isl --with-host-libstdcxx='-static-libgcc -Wl,-Bstatic,-lstdc++,-Bdynamic -lm' --disable-libssp --enable-threads --disable-nls --disable-libmudflap --disable-libgomp --disable-libstdc__-v3 --disable-sjlj-exceptions --disable-shared --disable-tls --disable-libitm --with-float=soft --with-fpu=vfp --with-arch=armv5te --enable-target-optspace --enable-initfini-array --disable-nls --prefix=/tmp/002ff922da42f0f80603ab1715cd43d4 --with-sysroot=/tmp/002ff922da42f0f80603ab1715cd43d4/sysroot --with-binutils-version=2.25 --with-mpfr-version=3.1.1 --with-mpc-version=1.0.1 --with-gmp-version=5.0.5 --with-gcc-version=4.9 --with-gdb-version=none --with-gxx-include-dir=/tmp/002ff922da42f0f80603ab1715cd43d4/include/c++/4.9 --with-bugurl=http://source.android.com/source/report-bugs.html --enable-languages=c,c++ --disable-bootstrap --enable-plugins --enable-libgomp --enable-gnu-indirect-function --disable-libsanitizer --enable-gold --enable-threads --enable-eh-frame-hdr-for-static --enable-graphite=yes --with-isl-version=0.11.1 --with-cloog-version=0.18.0 --with-arch=armv5te --program-transform-name='s&^&arm-linux-androideabi-&' --enable-gold=default
Thread model: posix
gcc version 4.9 20150123 (prerelease) (GCC) 
configure:4046: $? = 0
configure:4035: arm-linux-androideabi-g++ -V >&5
arm-linux-androideabi-g++: error: unrecognized command line option '-V'
arm-linux-androideabi-g++: fatal error: no input files
compilation terminated.
configure:4046: $? = 1
configure:4035: arm-linux-androideabi-g++ -qversion >&5
arm-linux-androideabi-g++: error: unrecognized command line option '-qversion'
arm-linux-androideabi-g++: fatal error: no input files
compilation terminated.
configure:4046: $? = 1
configure:4050: checking whether we are using the GNU C++ compiler
configure:4069: arm-linux-androideabi-g++ -c   conftest.cpp >&5
configure:4069: $? = 0
configure:4078: result: yes
configure:4087: checking whether arm-linux-androideabi-g++ accepts -g
configure:4107: arm-linux-androideabi-g++ -c -g  conftest.cpp >&5
configure:4107: $? = 0
configure:4148: result: yes
configure:4174: checking for arm-linux-androideabi-ranlib
configure:4190: found /home/francesco/Dropbox/bin/android-toolchain/bin/arm-linux-androideabi-ranlib
configure:4201: result: arm-linux-androideabi-ranlib
configure:4277: checking for a BSD-compatible install
configure:4345: result: /usr/bin/install -c
configure:4360: checking for gawk
configure:4376: found /usr/bin/gawk
configure:4387: result: gawk
configure:4407: checking for __func__
configure:4423: arm-linux-androideabi-gcc -c -g -O2  conftest.c >&5
configure:4423: $? = 0
configure:4430: result: yes
configure:4472: checking for arm-linux-androideabi-strip
configure:4490: found /home/francesco/Dropbox/bin/android-toolchain/bin/arm-linux-androideabi-strip
configure:4502: result: /home/francesco/Dropbox/bin/android-toolchain/bin/arm-linux-androideabi-strip
configure:4919: checking how to run the C preprocessor
configure:4950: arm-linux-androideabi-gcc -E  conftest.c
configure:4950: $? = 0
configure:4964: arm-linux-androideabi-gcc -E  conftest.c
conftest.c:10:28: fatal error: ac_nonexistent.h: No such file or directory
 #include <ac_nonexistent.h>
                            ^
compilation terminated.
configure:4964: $? = 1
configure: failed program was:
| /* confdefs.h */
| #define PACKAGE_NAME ""
| #define PACKAGE_TARNAME ""
| #define PACKAGE_VERSION ""
| #define PACKAGE_STRING ""
| #define PACKAGE_BUGREPORT ""
| #define PACKAGE_URL ""
| #define LINUX 1
| /* end confdefs.h.  */
| #include <ac_nonexistent.h>
configure:4989: result: arm-linux-androideabi-gcc -E
configure:5009: arm-linux-androideabi-gcc -E  conftest.c
configure:5009: $? = 0
configure:5023: arm-linux-androideabi-gcc -E  conftest.c
conftest.c:10:28: fatal error: ac_nonexistent.h: No such file or directory
 #include <ac_nonexistent.h>
                            ^
compilation terminated.
configure:5023: $? = 1
configure: failed program was:
| /* confdefs.h */
| #define PACKAGE_NAME ""
| #define PACKAGE_TARNAME ""
| #define PACKAGE_VERSION ""
| #define PACKAGE_STRING ""
| #define PACKAGE_BUGREPORT ""
| #define PACKAGE_URL ""
| #define LINUX 1
| /* end confdefs.h.  */
| #include <ac_nonexistent.h>
configure:5052: checking for grep that handles long lines and -e
configure:5110: result: /bin/grep
configure:5115: checking for egrep
configure:5177: result: /bin/grep -E
configure:5182: checking for ANSI C header files
configure:5202: arm-linux-androideabi-gcc -c -g -O2  conftest.c >&5
configure:5202: $? = 0
configure:5286: result: yes
configure:5299: checking for sys/types.h
configure:5299: arm-linux-androideabi-gcc -c -g -O2  conftest.c >&5
configure:5299: $? = 0
configure:5299: result: yes
configure:5299: checking for sys/stat.h
configure:5299: arm-linux-androideabi-gcc -c -g -O2  conftest.c >&5
configure:5299: $? = 0
configure:5299: result: yes
configure:5299: checking for stdlib.h
configure:5299: arm-linux-androideabi-gcc -c -g -O2  conftest.c >&5
configure:5299: $? = 0
configure:5299: result: yes
configure:5299: checking for string.h
configure:5299: arm-linux-androideabi-gcc -c -g -O2  conftest.c >&5
configure:5299: $? = 0
configure:5299: result: yes
configure:5299: checking for memory.h
configure:5299: arm-linux-androideabi-gcc -c -g -O2  conftest.c >&5
configure:5299: $? = 0
configure:5299: result: yes
configure:5299: checking for strings.h
configure:5299: arm-linux-androideabi-gcc -c -g -O2  conftest.c >&5
configure:5299: $? = 0
configure:5299: result: yes
configure:5299: checking for inttypes.h
configure:5299: arm-linux-androideabi-gcc -c -g -O2  conftest.c >&5
configure:5299: $? = 0
configure:5299: result: yes
configure:5299: checking for stdint.h
configure:5299: arm-linux-androideabi-gcc -c -g -O2  conftest.c >&5
configure:5299: $? = 0
configure:5299: result: yes
configure:5299: checking for unistd.h
configure:5299: arm-linux-androideabi-gcc -c -g -O2  conftest.c >&5
configure:5299: $? = 0
configure:5299: result: yes
configure:5314: checking pwd.h usability
configure:5314: arm-linux-androideabi-gcc -c -g -O2  conftest.c >&5
configure:5314: $? = 0
configure:5314: result: yes
configure:5314: checking pwd.h presence
configure:5314: arm-linux-androideabi-gcc -E  conftest.c
configure:5314: $? = 0
configure:5314: result: yes
configure:5314: checking for pwd.h
configure:5314: result: yes
configure:5314: checking termios.h usability
configure:5314: arm-linux-androideabi-gcc -c -g -O2  conftest.c >&5
configure:5314: $? = 0
configure:5314: result: yes
configure:5314: checking termios.h presence
configure:5314: arm-linux-androideabi-gcc -E  conftest.c
configure:5314: $? = 0
configure:5314: result: yes
configure:5314: checking for termios.h
configure:5314: result: yes
configure:5314: checking sys/sockio.h usability
configure:5314: arm-linux-androideabi-gcc -c -g -O2  conftest.c >&5
conftest.c:55:24: fatal error: sys/sockio.h: No such file or directory
 #include <sys/sockio.h>
                        ^
compilation terminated.
configure:5314: $? = 1
configure: failed program was:
| /* confdefs.h */
| #define PACKAGE_NAME ""
| #define PACKAGE_TARNAME ""
| #define PACKAGE_VERSION ""
| #define PACKAGE_STRING ""
| #define PACKAGE_BUGREPORT ""
| #define PACKAGE_URL ""
| #define LINUX 1
| #define STDC_HEADERS 1
| #define HAVE_SYS_TYPES_H 1
| #define HAVE_SYS_STAT_H 1
| #define HAVE_STDLIB_H 1
| #define HAVE_STRING_H 1
| #define HAVE_MEMORY_H 1
| #define HAVE_STRINGS_H 1
| #define HAVE_INTTYPES_H 1
| #define HAVE_STDINT_H 1
| #define HAVE_UNISTD_H 1
| #define HAVE_PWD_H 1
| #define HAVE_TERMIOS_H 1
| /* end confdefs.h.  */
| #include <stdio.h>
| #ifdef HAVE_SYS_TYPES_H
| # include <sys/types.h>
| #endif
| #ifdef HAVE_SYS_STAT_H
| # include <sys/stat.h>
| #endif
| #ifdef STDC_HEADERS
| # include <stdlib.h>
| # include <stddef.h>
| #else
| # ifdef HAVE_STDLIB_H
| #  include <stdlib.h>
| # endif
| #endif
| #ifdef HAVE_STRING_H
| # if !defined STDC_HEADERS && defined HAVE_MEMORY_H
| #  include <memory.h>
| # endif
| # include <string.h>
| #endif
| #ifdef HAVE_STRINGS_H
| # include <strings.h>
| #endif
| #ifdef HAVE_INTTYPES_H
| # include <inttypes.h>
| #endif
| #ifdef HAVE_STDINT_H
| # include <stdint.h>
| #endif
| #ifdef HAVE_UNISTD_H
| # include <unistd.h>
| #endif
| #include <sys/sockio.h>
configure:5314: result: no
configure:5314: checking sys/sockio.h presence
configure:5314: arm-linux-androideabi-gcc -E  conftest.c
conftest.c:22:24: fatal error: sys/sockio.h: No such file or directory
 #include <sys/sockio.h>
                        ^
compilation terminated.
configure:5314: $? = 1
configure: failed program was:
| /* confdefs.h */
| #define PACKAGE_NAME ""
| #define PACKAGE_TARNAME ""
| #define PACKAGE_VERSION ""
| #define PACKAGE_STRING ""
| #define PACKAGE_BUGREPORT ""
| #define PACKAGE_URL ""
| #define LINUX 1
| #define STDC_HEADERS 1
| #define HAVE_SYS_TYPES_H 1
| #define HAVE_SYS_STAT_H 1
| #define HAVE_STDLIB_H 1
| #define HAVE_STRING_H 1
| #define HAVE_MEMORY_H 1
| #define HAVE_STRINGS_H 1
| #define HAVE_INTTYPES_H 1
| #define HAVE_STDINT_H 1
| #define HAVE_UNISTD_H 1
| #define HAVE_PWD_H 1
| #define HAVE_TERMIOS_H 1
| /* end confdefs.h.  */
| #include <sys/sockio.h>
configure:5314: result: no
configure:5314: checking for sys/sockio.h
configure:5314: result: no
configure:5326: checking for linux/rtnetlink.h
configure:5326: arm-linux-androideabi-gcc -c -g -O2  conftest.c >&5
configure:5326: $? = 0
configure:5326: result: yes
configure:5339: checking sys/socket.h usability
configure:5339: arm-linux-androideabi-gcc -c -g -O2  conftest.c >&5
configure:5339: $? = 0
configure:5339: result: yes
configure:5339: checking sys/socket.h presence
configure:5339: arm-linux-androideabi-gcc -E  conftest.c
configure:5339: $? = 0
configure:5339: result: yes
configure:5339: checking for sys/socket.h
configure:5339: result: yes
configure:5351: checking for net/if.h
configure:5351: arm-linux-androideabi-gcc -c -g -O2  conftest.c >&5
configure:5351: $? = 0
configure:5351: result: yes
configure:5375: checking for library containing setsockopt
configure:5406: arm-linux-androideabi-gcc -o conftest -g -O2  -Wl,-E  conftest.c  >&5
configure:5406: $? = 0
configure:5423: result: none required
configure:5431: checking for library containing gethostbyname
configure:5462: arm-linux-androideabi-gcc -o conftest -g -O2  -Wl,-E  conftest.c  >&5
configure:5462: $? = 0
configure:5479: result: none required
configure:5489: checking if AF_INET6 IPPROTO_RAW sockets include the packet header
configure:5497: result: yes
configure:5541: checking for a Python interpreter with version >= 2.4
configure:5558: python2 -c import sys # split strings by '.' and convert to numeric. Append some zeros # because we need at least 4 digits for the hex conversion. # map returns an iterator in Python 3.0 and a list in 2.x minver = list(map(int, '2.4'.split('.'))) + [0, 0, 0] minverhex = 0 # xrange is not present in Python 3.0 and range returns an iterator for i in list(range(0, 4)): minverhex = (minverhex << 8) + minver[i] sys.exit(sys.hexversion < minverhex)
configure:5561: $? = 0
configure:5567: result: python2
configure:5575: checking for python2
configure:5593: found /home/francesco/Dropbox/bin/android-toolchain/bin/python2
configure:5605: result: /home/francesco/Dropbox/bin/android-toolchain/bin/python2
configure:5623: checking for python2 version
configure:5630: result: 2.7
configure:5642: checking for python2 platform
configure:5649: result: linux2
configure:5656: checking for python2 script directory
configure:5684: result: ${prefix}/lib/python2.7/site-packages
configure:5693: checking for python2 extension module directory
configure:5721: result: ${exec_prefix}/lib/python2.7/site-packages
configure:5900: checking openssl/ssl.h usability
configure:5900: arm-linux-androideabi-gcc -c -g -O2  conftest.c >&5
conftest.c:59:25: fatal error: openssl/ssl.h: No such file or directory
 #include <openssl/ssl.h>
                         ^
compilation terminated.
configure:5900: $? = 1
configure: failed program was:
| /* confdefs.h */
| #define PACKAGE_NAME ""
| #define PACKAGE_TARNAME ""
| #define PACKAGE_VERSION ""
| #define PACKAGE_STRING ""
| #define PACKAGE_BUGREPORT ""
| #define PACKAGE_URL ""
| #define LINUX 1
| #define STDC_HEADERS 1
| #define HAVE_SYS_TYPES_H 1
| #define HAVE_SYS_STAT_H 1
| #define HAVE_STDLIB_H 1
| #define HAVE_STRING_H 1
| #define HAVE_MEMORY_H 1
| #define HAVE_STRINGS_H 1
| #define HAVE_INTTYPES_H 1
| #define HAVE_STDINT_H 1
| #define HAVE_UNISTD_H 1
| #define HAVE_PWD_H 1
| #define HAVE_TERMIOS_H 1
| #define HAVE_LINUX_RTNETLINK_H 1
| #define HAVE_SYS_SOCKET_H 1
| #define HAVE_NET_IF_H 1
| #define HAVE_IPV6_IPPROTO_RAW 1
| /* end confdefs.h.  */
| #include <stdio.h>
| #ifdef HAVE_SYS_TYPES_H
| # include <sys/types.h>
| #endif
| #ifdef HAVE_SYS_STAT_H
| # include <sys/stat.h>
| #endif
| #ifdef STDC_HEADERS
| # include <stdlib.h>
| # include <stddef.h>
| #else
| # ifdef HAVE_STDLIB_H
| #  include <stdlib.h>
| # endif
| #endif
| #ifdef HAVE_STRING_H
| # if !defined STDC_HEADERS && defined HAVE_MEMORY_H
| #  include <memory.h>
| # endif
| # include <string.h>
| #endif
| #ifdef HAVE_STRINGS_H
| # include <strings.h>
| #endif
| #ifdef HAVE_INTTYPES_H
| # include <inttypes.h>
| #endif
| #ifdef HAVE_STDINT_H
| # include <stdint.h>
| #endif
| #ifdef HAVE_UNISTD_H
| # include <unistd.h>
| #endif
| #include <openssl/ssl.h>
configure:5900: result: no
configure:5900: checking openssl/ssl.h presence
configure:5900: arm-linux-androideabi-gcc -E  conftest.c
conftest.c:26:25: fatal error: openssl/ssl.h: No such file or directory
 #include <openssl/ssl.h>
                         ^
compilation terminated.
configure:5900: $? = 1
configure: failed program was:
| /* confdefs.h */
| #define PACKAGE_NAME ""
| #define PACKAGE_TARNAME ""
| #define PACKAGE_VERSION ""
| #define PACKAGE_STRING ""
| #define PACKAGE_BUGREPORT ""
| #define PACKAGE_URL ""
| #define LINUX 1
| #define STDC_HEADERS 1
| #define HAVE_SYS_TYPES_H 1
| #define HAVE_SYS_STAT_H 1
| #define HAVE_STDLIB_H 1
| #define HAVE_STRING_H 1
| #define HAVE_MEMORY_H 1
| #define HAVE_STRINGS_H 1
| #define HAVE_INTTYPES_H 1
| #define HAVE_STDINT_H 1
| #define HAVE_UNISTD_H 1
| #define HAVE_PWD_H 1
| #define HAVE_TERMIOS_H 1
| #define HAVE_LINUX_RTNETLINK_H 1
| #define HAVE_SYS_SOCKET_H 1
| #define HAVE_NET_IF_H 1
| #define HAVE_IPV6_IPPROTO_RAW 1
| /* end confdefs.h.  */
| #include <openssl/ssl.h>
configure:5900: result: no
configure:5900: checking for openssl/ssl.h
configure:5900: result: no
configure:5908: WARNING: Failed to find openssl/ssl.h so OpenSSL will not be used. If it is installed you can try the --with-openssl=DIR argument
configure:6098: checking pcap.h usability
configure:6098: arm-linux-androideabi-gcc -c -g -O2 -Iinternal/include  conftest.c >&5
conftest.c:59:18: fatal error: pcap.h: No such file or directory
 #include <pcap.h>
                  ^
compilation terminated.
configure:6098: $? = 1
configure: failed program was:
| /* confdefs.h */
| #define PACKAGE_NAME ""
| #define PACKAGE_TARNAME ""
| #define PACKAGE_VERSION ""
| #define PACKAGE_STRING ""
| #define PACKAGE_BUGREPORT ""
| #define PACKAGE_URL ""
| #define LINUX 1
| #define STDC_HEADERS 1
| #define HAVE_SYS_TYPES_H 1
| #define HAVE_SYS_STAT_H 1
| #define HAVE_STDLIB_H 1
| #define HAVE_STRING_H 1
| #define HAVE_MEMORY_H 1
| #define HAVE_STRINGS_H 1
| #define HAVE_INTTYPES_H 1
| #define HAVE_STDINT_H 1
| #define HAVE_UNISTD_H 1
| #define HAVE_PWD_H 1
| #define HAVE_TERMIOS_H 1
| #define HAVE_LINUX_RTNETLINK_H 1
| #define HAVE_SYS_SOCKET_H 1
| #define HAVE_NET_IF_H 1
| #define HAVE_IPV6_IPPROTO_RAW 1
| /* end confdefs.h.  */
| #include <stdio.h>
| #ifdef HAVE_SYS_TYPES_H
| # include <sys/types.h>
| #endif
| #ifdef HAVE_SYS_STAT_H
| # include <sys/stat.h>
| #endif
| #ifdef STDC_HEADERS
| # include <stdlib.h>
| # include <stddef.h>
| #else
| # ifdef HAVE_STDLIB_H
| #  include <stdlib.h>
| # endif
| #endif
| #ifdef HAVE_STRING_H
| # if !defined STDC_HEADERS && defined HAVE_MEMORY_H
| #  include <memory.h>
| # endif
| # include <string.h>
| #endif
| #ifdef HAVE_STRINGS_H
| # include <strings.h>
| #endif
| #ifdef HAVE_INTTYPES_H
| # include <inttypes.h>
| #endif
| #ifdef HAVE_STDINT_H
| # include <stdint.h>
| #endif
| #ifdef HAVE_UNISTD_H
| # include <unistd.h>
| #endif
| #include <pcap.h>
configure:6098: result: no
configure:6098: checking pcap.h presence
configure:6098: arm-linux-androideabi-gcc -E -Iinternal/include  conftest.c
conftest.c:26:18: fatal error: pcap.h: No such file or directory
 #include <pcap.h>
                  ^
compilation terminated.
configure:6098: $? = 1
configure: failed program was:
| /* confdefs.h */
| #define PACKAGE_NAME ""
| #define PACKAGE_TARNAME ""
| #define PACKAGE_VERSION ""
| #define PACKAGE_STRING ""
| #define PACKAGE_BUGREPORT ""
| #define PACKAGE_URL ""
| #define LINUX 1
| #define STDC_HEADERS 1
| #define HAVE_SYS_TYPES_H 1
| #define HAVE_SYS_STAT_H 1
| #define HAVE_STDLIB_H 1
| #define HAVE_STRING_H 1
| #define HAVE_MEMORY_H 1
| #define HAVE_STRINGS_H 1
| #define HAVE_INTTYPES_H 1
| #define HAVE_STDINT_H 1
| #define HAVE_UNISTD_H 1
| #define HAVE_PWD_H 1
| #define HAVE_TERMIOS_H 1
| #define HAVE_LINUX_RTNETLINK_H 1
| #define HAVE_SYS_SOCKET_H 1
| #define HAVE_NET_IF_H 1
| #define HAVE_IPV6_IPPROTO_RAW 1
| /* end confdefs.h.  */
| #include <pcap.h>
configure:6098: result: no
configure:6098: checking for pcap.h
configure:6098: result: no
configure:6373: checking pcre.h usability
configure:6373: arm-linux-androideabi-gcc -c -g -O2  -I$(top_srcdir)/libpcap conftest.c >&5
conftest.c:60:18: fatal error: pcre.h: No such file or directory
 #include <pcre.h>
                  ^
compilation terminated.
configure:6373: $? = 1
configure: failed program was:
| /* confdefs.h */
| #define PACKAGE_NAME ""
| #define PACKAGE_TARNAME ""
| #define PACKAGE_VERSION ""
| #define PACKAGE_STRING ""
| #define PACKAGE_BUGREPORT ""
| #define PACKAGE_URL ""
| #define LINUX 1
| #define STDC_HEADERS 1
| #define HAVE_SYS_TYPES_H 1
| #define HAVE_SYS_STAT_H 1
| #define HAVE_STDLIB_H 1
| #define HAVE_STRING_H 1
| #define HAVE_MEMORY_H 1
| #define HAVE_STRINGS_H 1
| #define HAVE_INTTYPES_H 1
| #define HAVE_STDINT_H 1
| #define HAVE_UNISTD_H 1
| #define HAVE_PWD_H 1
| #define HAVE_TERMIOS_H 1
| #define HAVE_LINUX_RTNETLINK_H 1
| #define HAVE_SYS_SOCKET_H 1
| #define HAVE_NET_IF_H 1
| #define HAVE_IPV6_IPPROTO_RAW 1
| #define PCAP_INCLUDED 1
| /* end confdefs.h.  */
| #include <stdio.h>
| #ifdef HAVE_SYS_TYPES_H
| # include <sys/types.h>
| #endif
| #ifdef HAVE_SYS_STAT_H
| # include <sys/stat.h>
| #endif
| #ifdef STDC_HEADERS
| # include <stdlib.h>
| # include <stddef.h>
| #else
| # ifdef HAVE_STDLIB_H
| #  include <stdlib.h>
| # endif
| #endif
| #ifdef HAVE_STRING_H
| # if !defined STDC_HEADERS && defined HAVE_MEMORY_H
| #  include <memory.h>
| # endif
| # include <string.h>
| #endif
| #ifdef HAVE_STRINGS_H
| # include <strings.h>
| #endif
| #ifdef HAVE_INTTYPES_H
| # include <inttypes.h>
| #endif
| #ifdef HAVE_STDINT_H
| # include <stdint.h>
| #endif
| #ifdef HAVE_UNISTD_H
| # include <unistd.h>
| #endif
| #include <pcre.h>
configure:6373: result: no
configure:6373: checking pcre.h presence
configure:6373: arm-linux-androideabi-gcc -E  -I$(top_srcdir)/libpcap conftest.c
conftest.c:27:18: fatal error: pcre.h: No such file or directory
 #include <pcre.h>
                  ^
compilation terminated.
configure:6373: $? = 1
configure: failed program was:
| /* confdefs.h */
| #define PACKAGE_NAME ""
| #define PACKAGE_TARNAME ""
| #define PACKAGE_VERSION ""
| #define PACKAGE_STRING ""
| #define PACKAGE_BUGREPORT ""
| #define PACKAGE_URL ""
| #define LINUX 1
| #define STDC_HEADERS 1
| #define HAVE_SYS_TYPES_H 1
| #define HAVE_SYS_STAT_H 1
| #define HAVE_STDLIB_H 1
| #define HAVE_STRING_H 1
| #define HAVE_MEMORY_H 1
| #define HAVE_STRINGS_H 1
| #define HAVE_INTTYPES_H 1
| #define HAVE_STDINT_H 1
| #define HAVE_UNISTD_H 1
| #define HAVE_PWD_H 1
| #define HAVE_TERMIOS_H 1
| #define HAVE_LINUX_RTNETLINK_H 1
| #define HAVE_SYS_SOCKET_H 1
| #define HAVE_NET_IF_H 1
| #define HAVE_IPV6_IPPROTO_RAW 1
| #define PCAP_INCLUDED 1
| /* end confdefs.h.  */
| #include <pcre.h>
configure:6373: result: no
configure:6373: checking for pcre.h
configure:6373: result: no
configure:6416: checking pcre/pcre.h usability
configure:6416: arm-linux-androideabi-gcc -c -g -O2  -I$(top_srcdir)/libpcap conftest.c >&5
conftest.c:60:23: fatal error: pcre/pcre.h: No such file or directory
 #include <pcre/pcre.h>
                       ^
compilation terminated.
configure:6416: $? = 1
configure: failed program was:
| /* confdefs.h */
| #define PACKAGE_NAME ""
| #define PACKAGE_TARNAME ""
| #define PACKAGE_VERSION ""
| #define PACKAGE_STRING ""
| #define PACKAGE_BUGREPORT ""
| #define PACKAGE_URL ""
| #define LINUX 1
| #define STDC_HEADERS 1
| #define HAVE_SYS_TYPES_H 1
| #define HAVE_SYS_STAT_H 1
| #define HAVE_STDLIB_H 1
| #define HAVE_STRING_H 1
| #define HAVE_MEMORY_H 1
| #define HAVE_STRINGS_H 1
| #define HAVE_INTTYPES_H 1
| #define HAVE_STDINT_H 1
| #define HAVE_UNISTD_H 1
| #define HAVE_PWD_H 1
| #define HAVE_TERMIOS_H 1
| #define HAVE_LINUX_RTNETLINK_H 1
| #define HAVE_SYS_SOCKET_H 1
| #define HAVE_NET_IF_H 1
| #define HAVE_IPV6_IPPROTO_RAW 1
| #define PCAP_INCLUDED 1
| /* end confdefs.h.  */
| #include <stdio.h>
| #ifdef HAVE_SYS_TYPES_H
| # include <sys/types.h>
| #endif
| #ifdef HAVE_SYS_STAT_H
| # include <sys/stat.h>
| #endif
| #ifdef STDC_HEADERS
| # include <stdlib.h>
| # include <stddef.h>
| #else
| # ifdef HAVE_STDLIB_H
| #  include <stdlib.h>
| # endif
| #endif
| #ifdef HAVE_STRING_H
| # if !defined STDC_HEADERS && defined HAVE_MEMORY_H
| #  include <memory.h>
| # endif
| # include <string.h>
| #endif
| #ifdef HAVE_STRINGS_H
| # include <strings.h>
| #endif
| #ifdef HAVE_INTTYPES_H
| # include <inttypes.h>
| #endif
| #ifdef HAVE_STDINT_H
| # include <stdint.h>
| #endif
| #ifdef HAVE_UNISTD_H
| # include <unistd.h>
| #endif
| #include <pcre/pcre.h>
configure:6416: result: no
configure:6416: checking pcre/pcre.h presence
configure:6416: arm-linux-androideabi-gcc -E  -I$(top_srcdir)/libpcap conftest.c
conftest.c:27:23: fatal error: pcre/pcre.h: No such file or directory
 #include <pcre/pcre.h>
                       ^
compilation terminated.
configure:6416: $? = 1
configure: failed program was:
| /* confdefs.h */
| #define PACKAGE_NAME ""
| #define PACKAGE_TARNAME ""
| #define PACKAGE_VERSION ""
| #define PACKAGE_STRING ""
| #define PACKAGE_BUGREPORT ""
| #define PACKAGE_URL ""
| #define LINUX 1
| #define STDC_HEADERS 1
| #define HAVE_SYS_TYPES_H 1
| #define HAVE_SYS_STAT_H 1
| #define HAVE_STDLIB_H 1
| #define HAVE_STRING_H 1
| #define HAVE_MEMORY_H 1
| #define HAVE_STRINGS_H 1
| #define HAVE_INTTYPES_H 1
| #define HAVE_STDINT_H 1
| #define HAVE_UNISTD_H 1
| #define HAVE_PWD_H 1
| #define HAVE_TERMIOS_H 1
| #define HAVE_LINUX_RTNETLINK_H 1
| #define HAVE_SYS_SOCKET_H 1
| #define HAVE_NET_IF_H 1
| #define HAVE_IPV6_IPPROTO_RAW 1
| #define PCAP_INCLUDED 1
| /* end confdefs.h.  */
| #include <pcre/pcre.h>
configure:6416: result: no
configure:6416: checking for pcre/pcre.h
configure:6416: result: no
configure:6594: checking for library containing dlopen
configure:6625: arm-linux-androideabi-gcc -o conftest -g -O2 -I$(top_srcdir)/liblua -I$(top_srcdir)/libdnet-stripped/include -I$(top_srcdir)/libpcre  -I$(top_srcdir)/libpcap -Wl,-E  conftest.c  >&5
configure:6625: $? = 0
configure:6642: result: none required
configure:6858: result: yes
configure:6908: checking linear.h usability
configure:6908: arm-linux-androideabi-gcc -c -g -O2 -I$(top_srcdir)/liblua -I$(top_srcdir)/libdnet-stripped/include -I$(top_srcdir)/libpcre  -I$(top_srcdir)/libpcap conftest.c >&5
conftest.c:62:20: fatal error: linear.h: No such file or directory
 #include <linear.h>
                    ^
compilation terminated.
configure:6908: $? = 1
configure: failed program was:
| /* confdefs.h */
| #define PACKAGE_NAME ""
| #define PACKAGE_TARNAME ""
| #define PACKAGE_VERSION ""
| #define PACKAGE_STRING ""
| #define PACKAGE_BUGREPORT ""
| #define PACKAGE_URL ""
| #define LINUX 1
| #define STDC_HEADERS 1
| #define HAVE_SYS_TYPES_H 1
| #define HAVE_SYS_STAT_H 1
| #define HAVE_STDLIB_H 1
| #define HAVE_STRING_H 1
| #define HAVE_MEMORY_H 1
| #define HAVE_STRINGS_H 1
| #define HAVE_INTTYPES_H 1
| #define HAVE_STDINT_H 1
| #define HAVE_UNISTD_H 1
| #define HAVE_PWD_H 1
| #define HAVE_TERMIOS_H 1
| #define HAVE_LINUX_RTNETLINK_H 1
| #define HAVE_SYS_SOCKET_H 1
| #define HAVE_NET_IF_H 1
| #define HAVE_IPV6_IPPROTO_RAW 1
| #define PCAP_INCLUDED 1
| #define PCRE_INCLUDED 1
| #define DNET_INCLUDED 1
| /* end confdefs.h.  */
| #include <stdio.h>
| #ifdef HAVE_SYS_TYPES_H
| # include <sys/types.h>
| #endif
| #ifdef HAVE_SYS_STAT_H
| # include <sys/stat.h>
| #endif
| #ifdef STDC_HEADERS
| # include <stdlib.h>
| # include <stddef.h>
| #else
| # ifdef HAVE_STDLIB_H
| #  include <stdlib.h>
| # endif
| #endif
| #ifdef HAVE_STRING_H
| # if !defined STDC_HEADERS && defined HAVE_MEMORY_H
| #  include <memory.h>
| # endif
| # include <string.h>
| #endif
| #ifdef HAVE_STRINGS_H
| # include <strings.h>
| #endif
| #ifdef HAVE_INTTYPES_H
| # include <inttypes.h>
| #endif
| #ifdef HAVE_STDINT_H
| # include <stdint.h>
| #endif
| #ifdef HAVE_UNISTD_H
| # include <unistd.h>
| #endif
| #include <linear.h>
configure:6908: result: no
configure:6908: checking linear.h presence
configure:6908: arm-linux-androideabi-gcc -E -I$(top_srcdir)/liblua -I$(top_srcdir)/libdnet-stripped/include -I$(top_srcdir)/libpcre  -I$(top_srcdir)/libpcap conftest.c
conftest.c:29:20: fatal error: linear.h: No such file or directory
 #include <linear.h>
                    ^
compilation terminated.
configure:6908: $? = 1
configure: failed program was:
| /* confdefs.h */
| #define PACKAGE_NAME ""
| #define PACKAGE_TARNAME ""
| #define PACKAGE_VERSION ""
| #define PACKAGE_STRING ""
| #define PACKAGE_BUGREPORT ""
| #define PACKAGE_URL ""
| #define LINUX 1
| #define STDC_HEADERS 1
| #define HAVE_SYS_TYPES_H 1
| #define HAVE_SYS_STAT_H 1
| #define HAVE_STDLIB_H 1
| #define HAVE_STRING_H 1
| #define HAVE_MEMORY_H 1
| #define HAVE_STRINGS_H 1
| #define HAVE_INTTYPES_H 1
| #define HAVE_STDINT_H 1
| #define HAVE_UNISTD_H 1
| #define HAVE_PWD_H 1
| #define HAVE_TERMIOS_H 1
| #define HAVE_LINUX_RTNETLINK_H 1
| #define HAVE_SYS_SOCKET_H 1
| #define HAVE_NET_IF_H 1
| #define HAVE_IPV6_IPPROTO_RAW 1
| #define PCAP_INCLUDED 1
| #define PCRE_INCLUDED 1
| #define DNET_INCLUDED 1
| /* end confdefs.h.  */
| #include <linear.h>
configure:6908: result: no
configure:6908: checking for linear.h
configure:6908: result: no
configure:6966: result: no
configure:6989: checking whether byte ordering is bigendian
configure:7004: arm-linux-androideabi-gcc -c -g -O2 -I$(top_srcdir)/liblinear -I$(top_srcdir)/liblua -I$(top_srcdir)/libdnet-stripped/include -I$(top_srcdir)/libpcre  -I$(top_srcdir)/libpcap conftest.c >&5
conftest.c:31:9: error: unknown type name 'not'
         not a universal capable compiler
         ^
conftest.c:31:15: error: expected '=', ',', ';', 'asm' or '__attribute__' before 'universal'
         not a universal capable compiler
               ^
conftest.c:31:15: error: unknown type name 'universal'
configure:7004: $? = 1
configure: failed program was:
| /* confdefs.h */
| #define PACKAGE_NAME ""
| #define PACKAGE_TARNAME ""
| #define PACKAGE_VERSION ""
| #define PACKAGE_STRING ""
| #define PACKAGE_BUGREPORT ""
| #define PACKAGE_URL ""
| #define LINUX 1
| #define STDC_HEADERS 1
| #define HAVE_SYS_TYPES_H 1
| #define HAVE_SYS_STAT_H 1
| #define HAVE_STDLIB_H 1
| #define HAVE_STRING_H 1
| #define HAVE_MEMORY_H 1
| #define HAVE_STRINGS_H 1
| #define HAVE_INTTYPES_H 1
| #define HAVE_STDINT_H 1
| #define HAVE_UNISTD_H 1
| #define HAVE_PWD_H 1
| #define HAVE_TERMIOS_H 1
| #define HAVE_LINUX_RTNETLINK_H 1
| #define HAVE_SYS_SOCKET_H 1
| #define HAVE_NET_IF_H 1
| #define HAVE_IPV6_IPPROTO_RAW 1
| #define PCAP_INCLUDED 1
| #define PCRE_INCLUDED 1
| #define DNET_INCLUDED 1
| #define LIBLINEAR_INCLUDED 1
| /* end confdefs.h.  */
| #ifndef __APPLE_CC__
| 	       not a universal capable compiler
| 	     #endif
| 	     typedef int dummy;
| 
configure:7049: arm-linux-androideabi-gcc -c -g -O2 -I$(top_srcdir)/liblinear -I$(top_srcdir)/liblua -I$(top_srcdir)/libdnet-stripped/include -I$(top_srcdir)/libpcre  -I$(top_srcdir)/libpcap conftest.c >&5
conftest.c: In function 'main':
conftest.c:37:8: error: unknown type name 'bogus'
        bogus endian macros
        ^
conftest.c:37:21: error: expected '=', ',', ';', 'asm' or '__attribute__' before 'macros'
        bogus endian macros
                     ^
configure:7049: $? = 1
configure: failed program was:
| /* confdefs.h */
| #define PACKAGE_NAME ""
| #define PACKAGE_TARNAME ""
| #define PACKAGE_VERSION ""
| #define PACKAGE_STRING ""
| #define PACKAGE_BUGREPORT ""
| #define PACKAGE_URL ""
| #define LINUX 1
| #define STDC_HEADERS 1
| #define HAVE_SYS_TYPES_H 1
| #define HAVE_SYS_STAT_H 1
| #define HAVE_STDLIB_H 1
| #define HAVE_STRING_H 1
| #define HAVE_MEMORY_H 1
| #define HAVE_STRINGS_H 1
| #define HAVE_INTTYPES_H 1
| #define HAVE_STDINT_H 1
| #define HAVE_UNISTD_H 1
| #define HAVE_PWD_H 1
| #define HAVE_TERMIOS_H 1
| #define HAVE_LINUX_RTNETLINK_H 1
| #define HAVE_SYS_SOCKET_H 1
| #define HAVE_NET_IF_H 1
| #define HAVE_IPV6_IPPROTO_RAW 1
| #define PCAP_INCLUDED 1
| #define PCRE_INCLUDED 1
| #define DNET_INCLUDED 1
| #define LIBLINEAR_INCLUDED 1
| /* end confdefs.h.  */
| #include <sys/types.h>
| 	     #include <sys/param.h>
| 
| int
| main ()
| {
| #if ! (defined BYTE_ORDER && defined BIG_ENDIAN 		     && defined LITTLE_ENDIAN && BYTE_ORDER && BIG_ENDIAN 		     && LITTLE_ENDIAN)
| 	      bogus endian macros
| 	     #endif
| 
|   ;
|   return 0;
| }
configure:7093: arm-linux-androideabi-gcc -c -g -O2 -I$(top_srcdir)/liblinear -I$(top_srcdir)/liblua -I$(top_srcdir)/libdnet-stripped/include -I$(top_srcdir)/libpcre  -I$(top_srcdir)/libpcap conftest.c >&5
conftest.c: In function 'main':
conftest.c:36:8: error: unknown type name 'bogus'
        bogus endian macros
        ^
conftest.c:36:21: error: expected '=', ',', ';', 'asm' or '__attribute__' before 'macros'
        bogus endian macros
                     ^
configure:7093: $? = 1
configure: failed program was:
| /* confdefs.h */
| #define PACKAGE_NAME ""
| #define PACKAGE_TARNAME ""
| #define PACKAGE_VERSION ""
| #define PACKAGE_STRING ""
| #define PACKAGE_BUGREPORT ""
| #define PACKAGE_URL ""
| #define LINUX 1
| #define STDC_HEADERS 1
| #define HAVE_SYS_TYPES_H 1
| #define HAVE_SYS_STAT_H 1
| #define HAVE_STDLIB_H 1
| #define HAVE_STRING_H 1
| #define HAVE_MEMORY_H 1
| #define HAVE_STRINGS_H 1
| #define HAVE_INTTYPES_H 1
| #define HAVE_STDINT_H 1
| #define HAVE_UNISTD_H 1
| #define HAVE_PWD_H 1
| #define HAVE_TERMIOS_H 1
| #define HAVE_LINUX_RTNETLINK_H 1
| #define HAVE_SYS_SOCKET_H 1
| #define HAVE_NET_IF_H 1
| #define HAVE_IPV6_IPPROTO_RAW 1
| #define PCAP_INCLUDED 1
| #define PCRE_INCLUDED 1
| #define DNET_INCLUDED 1
| #define LIBLINEAR_INCLUDED 1
| /* end confdefs.h.  */
| #include <limits.h>
| 
| int
| main ()
| {
| #if ! (defined _LITTLE_ENDIAN || defined _BIG_ENDIAN)
| 	      bogus endian macros
| 	     #endif
| 
|   ;
|   return 0;
| }
configure:7149: arm-linux-androideabi-gcc -c -g -O2 -I$(top_srcdir)/liblinear -I$(top_srcdir)/liblua -I$(top_srcdir)/libdnet-stripped/include -I$(top_srcdir)/libpcre  -I$(top_srcdir)/libpcap conftest.c >&5
configure:7149: $? = 0
configure:7195: result: no
configure:7214: checking if struct in_addr is a wacky huge structure (some Sun boxes)
configure:7229: arm-linux-androideabi-gcc -c -g -O2 -I$(top_srcdir)/liblinear -I$(top_srcdir)/liblua -I$(top_srcdir)/libdnet-stripped/include -I$(top_srcdir)/libpcre  -I$(top_srcdir)/libpcap conftest.c >&5
conftest.c: In function 'main':
conftest.c:34:20: error: 'struct in_addr' has no member named '_S_un'
 struct in_addr i; i._S_un._S_addr;
                    ^
configure:7229: $? = 1
configure: failed program was:
| /* confdefs.h */
| #define PACKAGE_NAME ""
| #define PACKAGE_TARNAME ""
| #define PACKAGE_VERSION ""
| #define PACKAGE_STRING ""
| #define PACKAGE_BUGREPORT ""
| #define PACKAGE_URL ""
| #define LINUX 1
| #define STDC_HEADERS 1
| #define HAVE_SYS_TYPES_H 1
| #define HAVE_SYS_STAT_H 1
| #define HAVE_STDLIB_H 1
| #define HAVE_STRING_H 1
| #define HAVE_MEMORY_H 1
| #define HAVE_STRINGS_H 1
| #define HAVE_INTTYPES_H 1
| #define HAVE_STDINT_H 1
| #define HAVE_UNISTD_H 1
| #define HAVE_PWD_H 1
| #define HAVE_TERMIOS_H 1
| #define HAVE_LINUX_RTNETLINK_H 1
| #define HAVE_SYS_SOCKET_H 1
| #define HAVE_NET_IF_H 1
| #define HAVE_IPV6_IPPROTO_RAW 1
| #define PCAP_INCLUDED 1
| #define PCRE_INCLUDED 1
| #define DNET_INCLUDED 1
| #define LIBLINEAR_INCLUDED 1
| /* end confdefs.h.  */
| #include <netinet/in.h>
| int
| main ()
| {
| struct in_addr i; i._S_un._S_addr;
|   ;
|   return 0;
| }
configure:7249: arm-linux-androideabi-gcc -c -g -O2 -I$(top_srcdir)/liblinear -I$(top_srcdir)/liblua -I$(top_srcdir)/libdnet-stripped/include -I$(top_srcdir)/libpcre  -I$(top_srcdir)/libpcap conftest.c >&5
conftest.c: In function 'main':
conftest.c:35:20: error: 'struct in_addr' has no member named 'S_un'
 struct in_addr i; i.S_un.S_addr;
                    ^
configure:7249: $? = 1
configure: failed program was:
| /* confdefs.h */
| #define PACKAGE_NAME ""
| #define PACKAGE_TARNAME ""
| #define PACKAGE_VERSION ""
| #define PACKAGE_STRING ""
| #define PACKAGE_BUGREPORT ""
| #define PACKAGE_URL ""
| #define LINUX 1
| #define STDC_HEADERS 1
| #define HAVE_SYS_TYPES_H 1
| #define HAVE_SYS_STAT_H 1
| #define HAVE_STDLIB_H 1
| #define HAVE_STRING_H 1
| #define HAVE_MEMORY_H 1
| #define HAVE_STRINGS_H 1
| #define HAVE_INTTYPES_H 1
| #define HAVE_STDINT_H 1
| #define HAVE_UNISTD_H 1
| #define HAVE_PWD_H 1
| #define HAVE_TERMIOS_H 1
| #define HAVE_LINUX_RTNETLINK_H 1
| #define HAVE_SYS_SOCKET_H 1
| #define HAVE_NET_IF_H 1
| #define HAVE_IPV6_IPPROTO_RAW 1
| #define PCAP_INCLUDED 1
| #define PCRE_INCLUDED 1
| #define DNET_INCLUDED 1
| #define LIBLINEAR_INCLUDED 1
| /* end confdefs.h.  */
| #include <sys/types.h>
| #include <netinet/in.h>
| int
| main ()
| {
| struct in_addr i; i.S_un.S_addr;
|   ;
|   return 0;
| }
configure:7257: result: no
configure:7264: checking if struct icmp exists
configure:7289: arm-linux-androideabi-gcc -c -g -O2 -I$(top_srcdir)/liblinear -I$(top_srcdir)/liblua -I$(top_srcdir)/libdnet-stripped/include -I$(top_srcdir)/libpcre  -I$(top_srcdir)/libpcap conftest.c >&5
configure:7289: $? = 0
configure:7296: result: yes
configure:7304: checking if struct ip exists
configure:7328: arm-linux-androideabi-gcc -c -g -O2 -I$(top_srcdir)/liblinear -I$(top_srcdir)/liblua -I$(top_srcdir)/libdnet-stripped/include -I$(top_srcdir)/libpcre  -I$(top_srcdir)/libpcap conftest.c >&5
configure:7328: $? = 0
configure:7335: result: yes
configure:7343: checking if struct ip has ip_sum member
configure:7368: arm-linux-androideabi-gcc -c -g -O2 -I$(top_srcdir)/liblinear -I$(top_srcdir)/liblua -I$(top_srcdir)/libdnet-stripped/include -I$(top_srcdir)/libpcre  -I$(top_srcdir)/libpcap conftest.c >&5
configure:7368: $? = 0
configure:7375: result: yes
configure:7385: checking for strerror
configure:7385: arm-linux-androideabi-gcc -o conftest -g -O2 -I$(top_srcdir)/liblinear -I$(top_srcdir)/liblua -I$(top_srcdir)/libdnet-stripped/include -I$(top_srcdir)/libpcre  -I$(top_srcdir)/libpcap -Wl,-E  conftest.c  >&5
configure:7385: $? = 0
configure:7385: result: yes
configure:7401: checking for type of 6th argument to recvfrom()
configure:7422: arm-linux-androideabi-g++ -c -g -O2 -Wall -fno-strict-aliasing -I$(top_srcdir)/liblinear -I$(top_srcdir)/liblua -I$(top_srcdir)/libdnet-stripped/include -I$(top_srcdir)/libpcre  -I$(top_srcdir)/libpcap conftest.cpp >&5
configure:7422: $? = 0
configure:7436: result: socklen_t
configure:7585: checking for APR
configure:7664: result: no
configure:7921: creating ./config.status

## ---------------------- ##
## Running config.status. ##
## ---------------------- ##

This file was extended by config.status, which was
generated by GNU Autoconf 2.69.  Invocation command line was

  CONFIG_FILES    = 
  CONFIG_HEADERS  = 
  CONFIG_LINKS    = 
  CONFIG_COMMANDS = 
  $ ./config.status 

on francesco-desktop

config.status:914: creating Makefile
config.status:914: creating libnetutil/Makefile
config.status:914: creating nmap_config.h
config.status:1089: nmap_config.h is unchanged
configure:9153: === configuring in libpcap (/home/francesco/Dropbox/Informatica/Programmazione/StudioProjects/ANmap/app/src/nmap-src/libpcap)
configure:9216: running /bin/bash ./configure --disable-option-checking '--prefix=/usr/local'  '--host=arm-linux-androideabi' '--without-zenmap' '--with-liblua=included' '--with-pcap=linux' '--with-libpcap=internal' '--enable-static' '--without-ndiff' '--without-nping' '--without-nmap-update' '--without-ncat' 'host_alias=arm-linux-androideabi' --cache-file=/dev/null --srcdir=.
configure:9153: === configuring in libpcre (/home/francesco/Dropbox/Informatica/Programmazione/StudioProjects/ANmap/app/src/nmap-src/libpcre)
configure:9216: running /bin/bash ./configure --disable-option-checking '--prefix=/usr/local'  '--host=arm-linux-androideabi' '--without-zenmap' '--with-liblua=included' '--with-pcap=linux' '--with-libpcap=internal' '--enable-static' '--without-ndiff' '--without-nping' '--without-nmap-update' '--without-ncat' 'host_alias=arm-linux-androideabi' --cache-file=/dev/null --srcdir=.
configure:9153: === configuring in libdnet-stripped (/home/francesco/Dropbox/Informatica/Programmazione/StudioProjects/ANmap/app/src/nmap-src/libdnet-stripped)
configure:9216: running /bin/bash ./configure --disable-option-checking '--prefix=/usr/local'  '--host=arm-linux-androideabi' '--without-zenmap' '--with-liblua=included' '--with-pcap=linux' '--with-libpcap=internal' '--enable-static' '--without-ndiff' '--without-nping' '--without-nmap-update' '--without-ncat' 'host_alias=arm-linux-androideabi' --cache-file=/dev/null --srcdir=.
configure:9153: === configuring in nbase (/home/francesco/Dropbox/Informatica/Programmazione/StudioProjects/ANmap/app/src/nmap-src/nbase)
configure:9216: running /bin/bash ./configure --disable-option-checking '--prefix=/usr/local'  '--host=arm-linux-androideabi' '--without-zenmap' '--with-liblua=included' '--with-pcap=linux' '--with-libpcap=internal' '--enable-static' '--without-ndiff' '--without-nping' '--without-nmap-update' '--without-ncat' 'host_alias=arm-linux-androideabi' --cache-file=/dev/null --srcdir=.
configure:9153: === configuring in nsock/src (/home/francesco/Dropbox/Informatica/Programmazione/StudioProjects/ANmap/app/src/nmap-src/nsock/src)
configure:9216: running /bin/bash ./configure --disable-option-checking '--prefix=/usr/local'  '--host=arm-linux-androideabi' '--without-zenmap' '--with-liblua=included' '--with-pcap=linux' '--with-libpcap=internal' '--enable-static' '--without-ndiff' '--without-nping' '--without-nmap-update' '--without-ncat' 'host_alias=arm-linux-androideabi' --cache-file=/dev/null --srcdir=.

## ---------------- ##
## Cache variables. ##
## ---------------- ##

ac_cv_build=x86_64-unknown-linux-gnu
ac_cv_c_bigendian=no
ac_cv_c_compiler_gnu=yes
ac_cv_c_inline=inline
ac_cv_cxx_compiler_gnu=yes
ac_cv_env_CCC_set=
ac_cv_env_CCC_value=
ac_cv_env_CC_set=
ac_cv_env_CC_value=
ac_cv_env_CFLAGS_set=
ac_cv_env_CFLAGS_value=
ac_cv_env_CPPFLAGS_set=
ac_cv_env_CPPFLAGS_value=
ac_cv_env_CPP_set=
ac_cv_env_CPP_value=
ac_cv_env_CXXFLAGS_set=
ac_cv_env_CXXFLAGS_value=
ac_cv_env_CXX_set=
ac_cv_env_CXX_value=
ac_cv_env_LDFLAGS_set=
ac_cv_env_LDFLAGS_value=
ac_cv_env_LIBS_set=
ac_cv_env_LIBS_value=
ac_cv_env_PYTHON_set=
ac_cv_env_PYTHON_value=
ac_cv_env_build_alias_set=
ac_cv_env_build_alias_value=
ac_cv_env_host_alias_set=set
ac_cv_env_host_alias_value=arm-linux-androideabi
ac_cv_env_target_alias_set=
ac_cv_env_target_alias_value=
ac_cv_func_strerror=yes
ac_cv_header_inttypes_h=yes
ac_cv_header_linear_h=no
ac_cv_header_linux_rtnetlink_h=yes
ac_cv_header_memory_h=yes
ac_cv_header_net_if_h=yes
ac_cv_header_openssl_ssl_h=no
ac_cv_header_pcap_h=no
ac_cv_header_pcre_h=no
ac_cv_header_pcre_pcre_h=no
ac_cv_header_pwd_h=yes
ac_cv_header_stdc=yes
ac_cv_header_stdint_h=yes
ac_cv_header_stdlib_h=yes
ac_cv_header_string_h=yes
ac_cv_header_strings_h=yes
ac_cv_header_sys_socket_h=yes
ac_cv_header_sys_sockio_h=no
ac_cv_header_sys_stat_h=yes
ac_cv_header_sys_types_h=yes
ac_cv_header_termios_h=yes
ac_cv_header_unistd_h=yes
ac_cv_host=arm-unknown-linux-androideabi
ac_cv_ip_has_ip_sum=yes
ac_cv_objext=o
ac_cv_path_EGREP='/bin/grep -E'
ac_cv_path_GREP=/bin/grep
ac_cv_path_PYTHON=/home/francesco/Dropbox/bin/android-toolchain/bin/python2
ac_cv_path_STRIP=/home/francesco/Dropbox/bin/android-toolchain/bin/arm-linux-androideabi-strip
ac_cv_path_install='/usr/bin/install -c'
ac_cv_prog_AWK=gawk
ac_cv_prog_CC=arm-linux-androideabi-gcc
ac_cv_prog_CPP='arm-linux-androideabi-gcc -E'
ac_cv_prog_CXX=arm-linux-androideabi-g++
ac_cv_prog_RANLIB=arm-linux-androideabi-ranlib
ac_cv_prog_cc_c89=
ac_cv_prog_cc_g=yes
ac_cv_prog_cxx_g=yes
ac_cv_search_dlopen='none required'
ac_cv_search_gethostbyname='none required'
ac_cv_search_setsockopt='none required'
ac_cv_struct_icmp_exists=yes
ac_cv_struct_ip_exists=yes
am_cv_pathless_PYTHON=python2
am_cv_python_platform=linux2
am_cv_python_pyexecdir='${exec_prefix}/lib/python2.7/site-packages'
am_cv_python_pythondir='${prefix}/lib/python2.7/site-packages'
am_cv_python_version=2.7

## ----------------- ##
## Output variables. ##
## ----------------- ##

AWK='gawk'
BUILDNDIFF=''
BUILDNPING=''
BUILDZENMAP=''
CC='arm-linux-androideabi-gcc'
CFLAGS='-g -O2'
CPP='arm-linux-androideabi-gcc -E'
CPPFLAGS='-I$(top_srcdir)/liblinear -I$(top_srcdir)/liblua -I$(top_srcdir)/libdnet-stripped/include -I$(top_srcdir)/libpcre  -I$(top_srcdir)/libpcap -I$(top_srcdir)/nbase -I$(top_srcdir)/nsock/include'
CXX='arm-linux-androideabi-g++'
CXXFLAGS='-g -O2 -Wall -fno-strict-aliasing'
DEFS='-DHAVE_CONFIG_H'
DNET_BUILD='build-dnet'
DNET_CLEAN='clean-dnet'
DNET_DIST_CLEAN='distclean-dnet'
ECHO_C=''
ECHO_N='-n'
ECHO_T=''
EGREP='/bin/grep -E'
EXEEXT=''
GREP='/bin/grep'
INSTALLNDIFF=''
INSTALLNPING=''
INSTALLNSE='install-nse'
INSTALLZENMAP=''
INSTALL_DATA='${INSTALL} -m 644'
INSTALL_PROGRAM='${INSTALL}'
INSTALL_SCRIPT='${INSTALL}'
LDFLAGS='-Wl,-E  -Lnbase -Lnsock/src/'
LIBDNETDIR='libdnet-stripped'
LIBDNET_LIBS='$(top_srcdir)/libdnet-stripped/src/.libs/libdnet.a'
LIBLINEARDIR='liblinear'
LIBLINEAR_BUILD='build-liblinear'
LIBLINEAR_CLEAN='clean-liblinear'
LIBLINEAR_DIST_CLEAN='distclean-liblinear'
LIBLINEAR_LIBS='$(top_srcdir)/liblinear/liblinear.a'
LIBLUADIR='liblua'
LIBLUA_LIBS='$(top_srcdir)/liblua/liblua.a'
LIBNBASE_LIBS='-lnbase'
LIBNSOCK_LIBS='-lnsock'
LIBOBJS=''
LIBPCAP_LIBS='$(LIBPCAPDIR)/libpcap.a'
LIBPCREDIR='libpcre'
LIBPCRE_LIBS='libpcre/libpcre.a'
LIBS=''
LTLIBOBJS=''
LUA_BUILD='build-lua'
LUA_CFLAGS='-DLUA_USE_POSIX -DLUA_USE_DLOPEN'
LUA_CLEAN='clean-lua'
LUA_DIST_CLEAN='distclean-lua'
NBASEDIR='nbase'
NBASE_BUILD='build-nbase'
NCATDIR='ncat'
NCAT_BUILD=''
NCAT_CHECK=''
NCAT_CLEAN=''
NCAT_DIST_CLEAN=''
NCAT_INSTALL=''
NCAT_UNINSTALL=''
NDIFFDIR='ndiff'
NDIFF_CHECK=''
NDIFF_CLEAN=''
NDIFF_DIST_CLEAN=''
NMAP_UPDATE_BUILD=''
NMAP_UPDATE_CLEAN=''
NMAP_UPDATE_DIST_CLEAN=''
NMAP_UPDATE_INSTALL=''
NMAP_UPDATE_UNINSTALL=''
NPINGDIR='nping'
NPING_CLEAN=''
NPING_DIST_CLEAN=''
NSE_CHECK='check-nse'
NSOCKDIR='nsock'
NSOCK_BUILD='build-nsock'
NSOCK_CHECK='check-nsock'
OBJEXT='o'
OPENSSL_LIBS=''
PACKAGE_BUGREPORT=''
PACKAGE_NAME=''
PACKAGE_STRING=''
PACKAGE_TARNAME=''
PACKAGE_URL=''
PACKAGE_VERSION=''
PATH_SEPARATOR=':'
PCAP_BUILD='build-pcap'
PCAP_CLEAN='clean-pcap'
PCAP_DIST_CLEAN='distclean-pcap'
PCRE_BUILD='build-pcre'
PCRE_CLEAN='clean-pcre'
PCRE_DIST_CLEAN='distclean-pcre'
PYTHON='/home/francesco/Dropbox/bin/android-toolchain/bin/python2'
PYTHON_EXEC_PREFIX='${exec_prefix}'
PYTHON_PLATFORM='linux2'
PYTHON_PREFIX='${prefix}'
PYTHON_VERSION='2.7'
RANLIB='arm-linux-androideabi-ranlib'
SHELL='/bin/bash'
STRIP='/home/francesco/Dropbox/bin/android-toolchain/bin/arm-linux-androideabi-strip'
UNINSTALLNDIFF=''
UNINSTALLNPING=''
UNINSTALLZENMAP=''
USE_NLS='yes'
ZENMAPDIR='zenmap'
ZENMAP_CHECK=''
ZENMAP_CLEAN=''
ZENMAP_DIST_CLEAN=''
ac_ct_CC=''
ac_ct_CXX=''
bindir='${exec_prefix}/bin'
build='x86_64-unknown-linux-gnu'
build_alias=''
build_cpu='x86_64'
build_os='linux-gnu'
build_vendor='unknown'
datadir='${datarootdir}'
datarootdir='${prefix}/share'
docdir='${datarootdir}/doc/${PACKAGE}'
dvidir='${docdir}'
exec_prefix='${prefix}'
host='arm-unknown-linux-androideabi'
host_alias='arm-linux-androideabi'
host_cpu='arm'
host_os='linux-androideabi'
host_vendor='unknown'
htmldir='${docdir}'
includedir='${prefix}/include'
infodir='${datarootdir}/info'
libdir='${exec_prefix}/lib'
libexecdir='${exec_prefix}/libexec'
libpcapdir='libpcap'
localedir='${datarootdir}/locale'
localstatedir='${prefix}/var'
mandir='${datarootdir}/man'
oldincludedir='/usr/include'
pcredir='libpcre'
pdfdir='${docdir}'
pkgpyexecdir='${pyexecdir}/'
pkgpythondir='${pythondir}/'
prefix='/usr/local'
program_transform_name='s,x,x,'
psdir='${docdir}'
pyexecdir='${exec_prefix}/lib/python2.7/site-packages'
pythondir='${prefix}/lib/python2.7/site-packages'
sbindir='${exec_prefix}/sbin'
sharedstatedir='${prefix}/com'
subdirs=' libpcap libpcre libdnet-stripped nbase nsock/src'
sysconfdir='${prefix}/etc'
target_alias=''

## ----------- ##
## confdefs.h. ##
## ----------- ##

/* confdefs.h */
#define PACKAGE_NAME ""
#define PACKAGE_TARNAME ""
#define PACKAGE_VERSION ""
#define PACKAGE_STRING ""
#define PACKAGE_BUGREPORT ""
#define PACKAGE_URL ""
#define LINUX 1
#define STDC_HEADERS 1
#define HAVE_SYS_TYPES_H 1
#define HAVE_SYS_STAT_H 1
#define HAVE_STDLIB_H 1
#define HAVE_STRING_H 1
#define HAVE_MEMORY_H 1
#define HAVE_STRINGS_H 1
#define HAVE_INTTYPES_H 1
#define HAVE_STDINT_H 1
#define HAVE_UNISTD_H 1
#define HAVE_PWD_H 1
#define HAVE_TERMIOS_H 1
#define HAVE_LINUX_RTNETLINK_H 1
#define HAVE_SYS_SOCKET_H 1
#define HAVE_NET_IF_H 1
#define HAVE_IPV6_IPPROTO_RAW 1
#define PCAP_INCLUDED 1
#define PCRE_INCLUDED 1
#define DNET_INCLUDED 1
#define LIBLINEAR_INCLUDED 1
#define HAVE_STRUCT_ICMP 1
#define HAVE_STRUCT_IP 1
#define HAVE_IP_IP_SUM 1
#define HAVE_STRERROR 1
#define recvfrom6_t socklen_t

configure: exit 0
