This file contains any messages produced by compilers while
running configure, to aid debugging if configure makes a mistake.

It was created by PCRE configure 7.6, which was
generated by GNU Autoconf 2.69.  Invocation command line was

  $ ./configure --disable-option-checking --prefix=/usr/local --host=arm-linux-androideabi --without-zenmap --with-liblua=included --with-pcap=linux --with-libpcap=internal --enable-static --without-ndiff --without-nping --without-nmap-update --without-ncat host_alias=arm-linux-androideabi --cache-file=/dev/null --srcdir=.

## --------- ##
## Platform. ##
## --------- ##

hostname = francesco-desktop
uname -m = x86_64
uname -r = 4.2.0-34-generic
uname -s = Linux
uname -v = #39-Ubuntu SMP Thu Mar 10 22:13:01 UTC 2016

/usr/bin/uname -p = unknown
/bin/uname -X     = unknown

/bin/arch              = unknown
/usr/bin/arch -k       = unknown
/usr/convex/getsysinfo = unknown
/usr/bin/hostinfo      = unknown
/bin/machine           = unknown
/usr/bin/oslevel       = unknown
/bin/universe          = unknown

PATH: /home/francesco/Dropbox/bin/android-toolchain/bin
PATH: /home/francesco/Dropbox/bin/android-sdk/ndk-bundle/
PATH: /home/francesco/Dropbox/bin/android-sdk/platform-tools
PATH: /home/francesco/Dropbox/bin/android-studio/bin
PATH: /home/francesco/Dropbox/bin/netbeans-8.1/bin
PATH: /home/francesco/Dropbox/bin/jdk1.8.0_73/bin
PATH: /home/francesco-ubn/bin
PATH: /home/francesco/Dropbox/bin/android-sdk/ndk-bundle/
PATH: /home/francesco/Dropbox/bin/android-sdk/platform-tools
PATH: /home/francesco/Dropbox/bin/android-studio/bin
PATH: /home/francesco/Dropbox/bin/netbeans-8.1/bin
PATH: /home/francesco/Dropbox/bin/jdk1.8.0_73/bin
PATH: /home/francesco-ubn/bin
PATH: /usr/local/sbin
PATH: /usr/local/bin
PATH: /usr/sbin
PATH: /usr/bin
PATH: /sbin
PATH: /bin
PATH: /usr/games
PATH: /usr/local/games


## ----------- ##
## Core tests. ##
## ----------- ##

configure:2302: checking for a BSD-compatible install
configure:2370: result: /usr/bin/install -c
configure:2381: checking whether build environment is sane
configure:2418: result: yes
configure:2443: checking for a thread-safe mkdir -p
configure:2482: result: /bin/mkdir -p
configure:2495: checking for gawk
configure:2511: found /usr/bin/gawk
configure:2522: result: gawk
configure:2533: checking whether make sets $(MAKE)
configure:2555: result: yes
configure:2633: checking for arm-linux-androideabi-strip
configure:2649: found /home/francesco/Dropbox/bin/android-toolchain/bin/arm-linux-androideabi-strip
configure:2660: result: arm-linux-androideabi-strip
configure:2760: checking for arm-linux-androideabi-gcc
configure:2776: found /home/francesco/Dropbox/bin/android-toolchain/bin/arm-linux-androideabi-gcc
configure:2787: result: arm-linux-androideabi-gcc
configure:3056: checking for C compiler version
configure:3065: arm-linux-androideabi-gcc --version >&5
arm-linux-androideabi-gcc (GCC) 4.9 20150123 (prerelease)
Copyright (C) 2014 Free Software Foundation, Inc.
This is free software; see the source for copying conditions.  There is NO
warranty; not even for MERCHANTABILITY or FITNESS FOR A PARTICULAR PURPOSE.

configure:3076: $? = 0
configure:3065: arm-linux-androideabi-gcc -v >&5
Using built-in specs.
COLLECT_GCC=arm-linux-androideabi-gcc
COLLECT_LTO_WRAPPER=/home/francesco/Dropbox/bin/android-toolchain/bin/../libexec/gcc/arm-linux-androideabi/4.9/lto-wrapper
Target: arm-linux-androideabi
Configured with: /usr/local/google/buildbot/src/android/gcc/toolchain/build/../gcc/gcc-4.9/configure --prefix=/tmp/002ff922da42f0f80603ab1715cd43d4 --target=arm-linux-androideabi --host=x86_64-linux-gnu --build=x86_64-linux-gnu --with-gnu-as --with-gnu-ld --enable-languages=c,c++ --with-gmp=/buildbot/tmp/build/toolchain/temp-install --with-mpfr=/buildbot/tmp/build/toolchain/temp-install --with-mpc=/buildbot/tmp/build/toolchain/temp-install --with-cloog=/buildbot/tmp/build/toolchain/temp-install --with-isl=/buildbot/tmp/build/toolchain/temp-install --with-ppl=/buildbot/tmp/build/toolchain/temp-install --disable-ppl-version-check --disable-cloog-version-check --disable-isl-version-check --enable-cloog-backend=isl --with-host-libstdcxx='-static-libgcc -Wl,-Bstatic,-lstdc++,-Bdynamic -lm' --disable-libssp --enable-threads --disable-nls --disable-libmudflap --disable-libgomp --disable-libstdc__-v3 --disable-sjlj-exceptions --disable-shared --disable-tls --disable-libitm --with-float=soft --with-fpu=vfp --with-arch=armv5te --enable-target-optspace --enable-initfini-array --disable-nls --prefix=/tmp/002ff922da42f0f80603ab1715cd43d4 --with-sysroot=/tmp/002ff922da42f0f80603ab1715cd43d4/sysroot --with-binutils-version=2.25 --with-mpfr-version=3.1.1 --with-mpc-version=1.0.1 --with-gmp-version=5.0.5 --with-gcc-version=4.9 --with-gdb-version=none --with-gxx-include-dir=/tmp/002ff922da42f0f80603ab1715cd43d4/include/c++/4.9 --with-bugurl=http://source.android.com/source/report-bugs.html --enable-languages=c,c++ --disable-bootstrap --enable-plugins --enable-libgomp --enable-gnu-indirect-function --disable-libsanitizer --enable-gold --enable-threads --enable-eh-frame-hdr-for-static --enable-graphite=yes --with-isl-version=0.11.1 --with-cloog-version=0.18.0 --with-arch=armv5te --program-transform-name='s&^&arm-linux-androideabi-&' --enable-gold=default
Thread model: posix
gcc version 4.9 20150123 (prerelease) (GCC) 
configure:3076: $? = 0
configure:3065: arm-linux-androideabi-gcc -V >&5
arm-linux-androideabi-gcc: error: unrecognized command line option '-V'
arm-linux-androideabi-gcc: fatal error: no input files
compilation terminated.
configure:3076: $? = 1
configure:3065: arm-linux-androideabi-gcc -qversion >&5
arm-linux-androideabi-gcc: error: unrecognized command line option '-qversion'
arm-linux-androideabi-gcc: fatal error: no input files
compilation terminated.
configure:3076: $? = 1
configure:3096: checking whether the C compiler works
configure:3118: arm-linux-androideabi-gcc    conftest.c  >&5
configure:3122: $? = 0
configure:3170: result: yes
configure:3173: checking for C compiler default output file name
configure:3175: result: a.out
configure:3181: checking for suffix of executables
configure:3188: arm-linux-androideabi-gcc -o conftest    conftest.c  >&5
configure:3192: $? = 0
configure:3214: result: 
configure:3236: checking whether we are cross compiling
configure:3244: arm-linux-androideabi-gcc -o conftest    conftest.c  >&5
configure:3248: $? = 0
configure:3255: ./conftest
./configure: line 3257: ./conftest: cannot execute binary file: Exec format error
configure:3259: $? = 126
configure:3274: result: yes
configure:3279: checking for suffix of object files
configure:3301: arm-linux-androideabi-gcc -c   conftest.c >&5
configure:3305: $? = 0
configure:3326: result: o
configure:3330: checking whether we are using the GNU C compiler
configure:3349: arm-linux-androideabi-gcc -c   conftest.c >&5
configure:3349: $? = 0
configure:3358: result: yes
configure:3367: checking whether arm-linux-androideabi-gcc accepts -g
configure:3387: arm-linux-androideabi-gcc -c -g  conftest.c >&5
configure:3387: $? = 0
configure:3428: result: yes
configure:3445: checking for arm-linux-androideabi-gcc option to accept ISO C89
configure:3508: arm-linux-androideabi-gcc  -c -g -O2  conftest.c >&5
configure:3508: $? = 0
configure:3521: result: none needed
configure:3552: checking for style of include used by make
configure:3580: result: GNU
configure:3605: checking dependency style of arm-linux-androideabi-gcc
configure:3696: result: gcc3
configure:3714: checking for arm-linux-androideabi-ranlib
configure:3730: found /home/francesco/Dropbox/bin/android-toolchain/bin/arm-linux-androideabi-ranlib
configure:3741: result: arm-linux-androideabi-ranlib
configure:3816: checking whether ln -s works
configure:3820: result: yes
configure:4056: checking how to run the C preprocessor
configure:4087: arm-linux-androideabi-gcc -E  conftest.c
configure:4087: $? = 0
configure:4101: arm-linux-androideabi-gcc -E  conftest.c
conftest.c:11:28: fatal error: ac_nonexistent.h: No such file or directory
 #include <ac_nonexistent.h>
                            ^
compilation terminated.
configure:4101: $? = 1
configure: failed program was:
| /* confdefs.h */
| #define PACKAGE_NAME "PCRE"
| #define PACKAGE_TARNAME "pcre"
| #define PACKAGE_VERSION "7.6"
| #define PACKAGE_STRING "PCRE 7.6"
| #define PACKAGE_BUGREPORT ""
| #define PACKAGE_URL ""
| #define PACKAGE "pcre"
| #define VERSION "7.6"
| /* end confdefs.h.  */
| #include <ac_nonexistent.h>
configure:4126: result: arm-linux-androideabi-gcc -E
configure:4146: arm-linux-androideabi-gcc -E  conftest.c
configure:4146: $? = 0
configure:4160: arm-linux-androideabi-gcc -E  conftest.c
conftest.c:11:28: fatal error: ac_nonexistent.h: No such file or directory
 #include <ac_nonexistent.h>
                            ^
compilation terminated.
configure:4160: $? = 1
configure: failed program was:
| /* confdefs.h */
| #define PACKAGE_NAME "PCRE"
| #define PACKAGE_TARNAME "pcre"
| #define PACKAGE_VERSION "7.6"
| #define PACKAGE_STRING "PCRE 7.6"
| #define PACKAGE_BUGREPORT ""
| #define PACKAGE_URL ""
| #define PACKAGE "pcre"
| #define VERSION "7.6"
| /* end confdefs.h.  */
| #include <ac_nonexistent.h>
configure:4189: checking for grep that handles long lines and -e
configure:4247: result: /bin/grep
configure:4252: checking for egrep
configure:4314: result: /bin/grep -E
configure:4319: checking for ANSI C header files
configure:4339: arm-linux-androideabi-gcc -c -O2  conftest.c >&5
configure:4339: $? = 0
configure:4423: result: yes
configure:4436: checking for sys/types.h
configure:4436: arm-linux-androideabi-gcc -c -O2  conftest.c >&5
configure:4436: $? = 0
configure:4436: result: yes
configure:4436: checking for sys/stat.h
configure:4436: arm-linux-androideabi-gcc -c -O2  conftest.c >&5
configure:4436: $? = 0
configure:4436: result: yes
configure:4436: checking for stdlib.h
configure:4436: arm-linux-androideabi-gcc -c -O2  conftest.c >&5
configure:4436: $? = 0
configure:4436: result: yes
configure:4436: checking for string.h
configure:4436: arm-linux-androideabi-gcc -c -O2  conftest.c >&5
configure:4436: $? = 0
configure:4436: result: yes
configure:4436: checking for memory.h
configure:4436: arm-linux-androideabi-gcc -c -O2  conftest.c >&5
configure:4436: $? = 0
configure:4436: result: yes
configure:4436: checking for strings.h
configure:4436: arm-linux-androideabi-gcc -c -O2  conftest.c >&5
configure:4436: $? = 0
configure:4436: result: yes
configure:4436: checking for inttypes.h
configure:4436: arm-linux-androideabi-gcc -c -O2  conftest.c >&5
configure:4436: $? = 0
configure:4436: result: yes
configure:4436: checking for stdint.h
configure:4436: arm-linux-androideabi-gcc -c -O2  conftest.c >&5
configure:4436: $? = 0
configure:4436: result: yes
configure:4436: checking for unistd.h
configure:4436: arm-linux-androideabi-gcc -c -O2  conftest.c >&5
configure:4436: $? = 0
configure:4436: result: yes
configure:4451: checking limits.h usability
configure:4451: arm-linux-androideabi-gcc -c -O2  conftest.c >&5
configure:4451: $? = 0
configure:4451: result: yes
configure:4451: checking limits.h presence
configure:4451: arm-linux-androideabi-gcc -E  conftest.c
configure:4451: $? = 0
configure:4451: result: yes
configure:4451: checking for limits.h
configure:4451: result: yes
configure:4451: checking for sys/types.h
configure:4451: result: yes
configure:4451: checking for sys/stat.h
configure:4451: result: yes
configure:4451: checking dirent.h usability
configure:4451: arm-linux-androideabi-gcc -c -O2  conftest.c >&5
configure:4451: $? = 0
configure:4451: result: yes
configure:4451: checking dirent.h presence
configure:4451: arm-linux-androideabi-gcc -E  conftest.c
configure:4451: $? = 0
configure:4451: result: yes
configure:4451: checking for dirent.h
configure:4451: result: yes
configure:4451: checking windows.h usability
configure:4451: arm-linux-androideabi-gcc -c -O2  conftest.c >&5
conftest.c:58:21: fatal error: windows.h: No such file or directory
 #include <windows.h>
                     ^
compilation terminated.
configure:4451: $? = 1
configure: failed program was:
| /* confdefs.h */
| #define PACKAGE_NAME "PCRE"
| #define PACKAGE_TARNAME "pcre"
| #define PACKAGE_VERSION "7.6"
| #define PACKAGE_STRING "PCRE 7.6"
| #define PACKAGE_BUGREPORT ""
| #define PACKAGE_URL ""
| #define PACKAGE "pcre"
| #define VERSION "7.6"
| #define STDC_HEADERS 1
| #define HAVE_SYS_TYPES_H 1
| #define HAVE_SYS_STAT_H 1
| #define HAVE_STDLIB_H 1
| #define HAVE_STRING_H 1
| #define HAVE_MEMORY_H 1
| #define HAVE_STRINGS_H 1
| #define HAVE_INTTYPES_H 1
| #define HAVE_STDINT_H 1
| #define HAVE_UNISTD_H 1
| #define HAVE_LIMITS_H 1
| #define HAVE_SYS_TYPES_H 1
| #define HAVE_SYS_STAT_H 1
| #define HAVE_DIRENT_H 1
| /* end confdefs.h.  */
| #include <stdio.h>
| #ifdef HAVE_SYS_TYPES_H
| # include <sys/types.h>
| #endif
| #ifdef HAVE_SYS_STAT_H
| # include <sys/stat.h>
| #endif
| #ifdef STDC_HEADERS
| # include <stdlib.h>
| # include <stddef.h>
| #else
| # ifdef HAVE_STDLIB_H
| #  include <stdlib.h>
| # endif
| #endif
| #ifdef HAVE_STRING_H
| # if !defined STDC_HEADERS && defined HAVE_MEMORY_H
| #  include <memory.h>
| # endif
| # include <string.h>
| #endif
| #ifdef HAVE_STRINGS_H
| # include <strings.h>
| #endif
| #ifdef HAVE_INTTYPES_H
| # include <inttypes.h>
| #endif
| #ifdef HAVE_STDINT_H
| # include <stdint.h>
| #endif
| #ifdef HAVE_UNISTD_H
| # include <unistd.h>
| #endif
| #include <windows.h>
configure:4451: result: no
configure:4451: checking windows.h presence
configure:4451: arm-linux-androideabi-gcc -E  conftest.c
conftest.c:25:21: fatal error: windows.h: No such file or directory
 #include <windows.h>
                     ^
compilation terminated.
configure:4451: $? = 1
configure: failed program was:
| /* confdefs.h */
| #define PACKAGE_NAME "PCRE"
| #define PACKAGE_TARNAME "pcre"
| #define PACKAGE_VERSION "7.6"
| #define PACKAGE_STRING "PCRE 7.6"
| #define PACKAGE_BUGREPORT ""
| #define PACKAGE_URL ""
| #define PACKAGE "pcre"
| #define VERSION "7.6"
| #define STDC_HEADERS 1
| #define HAVE_SYS_TYPES_H 1
| #define HAVE_SYS_STAT_H 1
| #define HAVE_STDLIB_H 1
| #define HAVE_STRING_H 1
| #define HAVE_MEMORY_H 1
| #define HAVE_STRINGS_H 1
| #define HAVE_INTTYPES_H 1
| #define HAVE_STDINT_H 1
| #define HAVE_UNISTD_H 1
| #define HAVE_LIMITS_H 1
| #define HAVE_SYS_TYPES_H 1
| #define HAVE_SYS_STAT_H 1
| #define HAVE_DIRENT_H 1
| /* end confdefs.h.  */
| #include <windows.h>
configure:4451: result: no
configure:4451: checking for windows.h
configure:4451: result: no
configure:4478: checking for an ANSI C-conforming const
configure:4544: arm-linux-androideabi-gcc -c -O2  conftest.c >&5
configure:4544: $? = 0
configure:4551: result: yes
configure:4559: checking for size_t
configure:4559: arm-linux-androideabi-gcc -c -O2  conftest.c >&5
configure:4559: $? = 0
configure:4559: arm-linux-androideabi-gcc -c -O2  conftest.c >&5
conftest.c: In function 'main':
conftest.c:61:21: error: expected expression before ')' token
 if (sizeof ((size_t)))
                     ^
configure:4559: $? = 1
configure: failed program was:
| /* confdefs.h */
| #define PACKAGE_NAME "PCRE"
| #define PACKAGE_TARNAME "pcre"
| #define PACKAGE_VERSION "7.6"
| #define PACKAGE_STRING "PCRE 7.6"
| #define PACKAGE_BUGREPORT ""
| #define PACKAGE_URL ""
| #define PACKAGE "pcre"
| #define VERSION "7.6"
| #define STDC_HEADERS 1
| #define HAVE_SYS_TYPES_H 1
| #define HAVE_SYS_STAT_H 1
| #define HAVE_STDLIB_H 1
| #define HAVE_STRING_H 1
| #define HAVE_MEMORY_H 1
| #define HAVE_STRINGS_H 1
| #define HAVE_INTTYPES_H 1
| #define HAVE_STDINT_H 1
| #define HAVE_UNISTD_H 1
| #define HAVE_LIMITS_H 1
| #define HAVE_SYS_TYPES_H 1
| #define HAVE_SYS_STAT_H 1
| #define HAVE_DIRENT_H 1
| /* end confdefs.h.  */
| #include <stdio.h>
| #ifdef HAVE_SYS_TYPES_H
| # include <sys/types.h>
| #endif
| #ifdef HAVE_SYS_STAT_H
| # include <sys/stat.h>
| #endif
| #ifdef STDC_HEADERS
| # include <stdlib.h>
| # include <stddef.h>
| #else
| # ifdef HAVE_STDLIB_H
| #  include <stdlib.h>
| # endif
| #endif
| #ifdef HAVE_STRING_H
| # if !defined STDC_HEADERS && defined HAVE_MEMORY_H
| #  include <memory.h>
| # endif
| # include <string.h>
| #endif
| #ifdef HAVE_STRINGS_H
| # include <strings.h>
| #endif
| #ifdef HAVE_INTTYPES_H
| # include <inttypes.h>
| #endif
| #ifdef HAVE_STDINT_H
| # include <stdint.h>
| #endif
| #ifdef HAVE_UNISTD_H
| # include <unistd.h>
| #endif
| int
| main ()
| {
| if (sizeof ((size_t)))
| 	    return 0;
|   ;
|   return 0;
| }
configure:4559: result: yes
configure:4571: checking for long long
configure:4571: arm-linux-androideabi-gcc -c -O2  conftest.c >&5
configure:4571: $? = 0
configure:4571: arm-linux-androideabi-gcc -c -O2  conftest.c >&5
conftest.c: In function 'main':
conftest.c:61:24: error: expected expression before ')' token
 if (sizeof ((long long)))
                        ^
configure:4571: $? = 1
configure: failed program was:
| /* confdefs.h */
| #define PACKAGE_NAME "PCRE"
| #define PACKAGE_TARNAME "pcre"
| #define PACKAGE_VERSION "7.6"
| #define PACKAGE_STRING "PCRE 7.6"
| #define PACKAGE_BUGREPORT ""
| #define PACKAGE_URL ""
| #define PACKAGE "pcre"
| #define VERSION "7.6"
| #define STDC_HEADERS 1
| #define HAVE_SYS_TYPES_H 1
| #define HAVE_SYS_STAT_H 1
| #define HAVE_STDLIB_H 1
| #define HAVE_STRING_H 1
| #define HAVE_MEMORY_H 1
| #define HAVE_STRINGS_H 1
| #define HAVE_INTTYPES_H 1
| #define HAVE_STDINT_H 1
| #define HAVE_UNISTD_H 1
| #define HAVE_LIMITS_H 1
| #define HAVE_SYS_TYPES_H 1
| #define HAVE_SYS_STAT_H 1
| #define HAVE_DIRENT_H 1
| /* end confdefs.h.  */
| #include <stdio.h>
| #ifdef HAVE_SYS_TYPES_H
| # include <sys/types.h>
| #endif
| #ifdef HAVE_SYS_STAT_H
| # include <sys/stat.h>
| #endif
| #ifdef STDC_HEADERS
| # include <stdlib.h>
| # include <stddef.h>
| #else
| # ifdef HAVE_STDLIB_H
| #  include <stdlib.h>
| # endif
| #endif
| #ifdef HAVE_STRING_H
| # if !defined STDC_HEADERS && defined HAVE_MEMORY_H
| #  include <memory.h>
| # endif
| # include <string.h>
| #endif
| #ifdef HAVE_STRINGS_H
| # include <strings.h>
| #endif
| #ifdef HAVE_INTTYPES_H
| # include <inttypes.h>
| #endif
| #ifdef HAVE_STDINT_H
| # include <stdint.h>
| #endif
| #ifdef HAVE_UNISTD_H
| # include <unistd.h>
| #endif
| int
| main ()
| {
| if (sizeof ((long long)))
| 	    return 0;
|   ;
|   return 0;
| }
configure:4571: result: yes
configure:4583: checking for unsigned long long
configure:4583: arm-linux-androideabi-gcc -c -O2  conftest.c >&5
configure:4583: $? = 0
configure:4583: arm-linux-androideabi-gcc -c -O2  conftest.c >&5
conftest.c: In function 'main':
conftest.c:62:33: error: expected expression before ')' token
 if (sizeof ((unsigned long long)))
                                 ^
configure:4583: $? = 1
configure: failed program was:
| /* confdefs.h */
| #define PACKAGE_NAME "PCRE"
| #define PACKAGE_TARNAME "pcre"
| #define PACKAGE_VERSION "7.6"
| #define PACKAGE_STRING "PCRE 7.6"
| #define PACKAGE_BUGREPORT ""
| #define PACKAGE_URL ""
| #define PACKAGE "pcre"
| #define VERSION "7.6"
| #define STDC_HEADERS 1
| #define HAVE_SYS_TYPES_H 1
| #define HAVE_SYS_STAT_H 1
| #define HAVE_STDLIB_H 1
| #define HAVE_STRING_H 1
| #define HAVE_MEMORY_H 1
| #define HAVE_STRINGS_H 1
| #define HAVE_INTTYPES_H 1
| #define HAVE_STDINT_H 1
| #define HAVE_UNISTD_H 1
| #define HAVE_LIMITS_H 1
| #define HAVE_SYS_TYPES_H 1
| #define HAVE_SYS_STAT_H 1
| #define HAVE_DIRENT_H 1
| #define HAVE_LONG_LONG 1
| /* end confdefs.h.  */
| #include <stdio.h>
| #ifdef HAVE_SYS_TYPES_H
| # include <sys/types.h>
| #endif
| #ifdef HAVE_SYS_STAT_H
| # include <sys/stat.h>
| #endif
| #ifdef STDC_HEADERS
| # include <stdlib.h>
| # include <stddef.h>
| #else
| # ifdef HAVE_STDLIB_H
| #  include <stdlib.h>
| # endif
| #endif
| #ifdef HAVE_STRING_H
| # if !defined STDC_HEADERS && defined HAVE_MEMORY_H
| #  include <memory.h>
| # endif
| # include <string.h>
| #endif
| #ifdef HAVE_STRINGS_H
| # include <strings.h>
| #endif
| #ifdef HAVE_INTTYPES_H
| # include <inttypes.h>
| #endif
| #ifdef HAVE_STDINT_H
| # include <stdint.h>
| #endif
| #ifdef HAVE_UNISTD_H
| # include <unistd.h>
| #endif
| int
| main ()
| {
| if (sizeof ((unsigned long long)))
| 	    return 0;
|   ;
|   return 0;
| }
configure:4583: result: yes
configure:4603: checking for bcopy
configure:4603: arm-linux-androideabi-gcc -o conftest -O2   conftest.c  >&5
conftest.c:50:6: warning: conflicting types for built-in function 'bcopy'
 char bcopy ();
      ^
/tmp/ccy1WKHr.o:conftest.c:function main: error: undefined reference to 'bcopy'
collect2: error: ld returned 1 exit status
configure:4603: $? = 1
configure: failed program was:
| /* confdefs.h */
| #define PACKAGE_NAME "PCRE"
| #define PACKAGE_TARNAME "pcre"
| #define PACKAGE_VERSION "7.6"
| #define PACKAGE_STRING "PCRE 7.6"
| #define PACKAGE_BUGREPORT ""
| #define PACKAGE_URL ""
| #define PACKAGE "pcre"
| #define VERSION "7.6"
| #define STDC_HEADERS 1
| #define HAVE_SYS_TYPES_H 1
| #define HAVE_SYS_STAT_H 1
| #define HAVE_STDLIB_H 1
| #define HAVE_STRING_H 1
| #define HAVE_MEMORY_H 1
| #define HAVE_STRINGS_H 1
| #define HAVE_INTTYPES_H 1
| #define HAVE_STDINT_H 1
| #define HAVE_UNISTD_H 1
| #define HAVE_LIMITS_H 1
| #define HAVE_SYS_TYPES_H 1
| #define HAVE_SYS_STAT_H 1
| #define HAVE_DIRENT_H 1
| #define HAVE_LONG_LONG 1
| #define HAVE_UNSIGNED_LONG_LONG 1
| /* end confdefs.h.  */
| /* Define bcopy to an innocuous variant, in case <limits.h> declares bcopy.
|    For example, HP-UX 11i <limits.h> declares gettimeofday.  */
| #define bcopy innocuous_bcopy
| 
| /* System header to define __stub macros and hopefully few prototypes,
|     which can conflict with char bcopy (); below.
|     Prefer <limits.h> to <assert.h> if __STDC__ is defined, since
|     <limits.h> exists even on freestanding compilers.  */
| 
| #ifdef __STDC__
| # include <limits.h>
| #else
| # include <assert.h>
| #endif
| 
| #undef bcopy
| 
| /* Override any GCC internal prototype to avoid an error.
|    Use char because int might match the return type of a GCC
|    builtin and then its argument prototype would still apply.  */
| #ifdef __cplusplus
| extern "C"
| #endif
| char bcopy ();
| /* The GNU C library defines this for functions which it implements
|     to always fail with ENOSYS.  Some functions are actually named
|     something starting with __ and the normal name is an alias.  */
| #if defined __stub_bcopy || defined __stub___bcopy
| choke me
| #endif
| 
| int
| main ()
| {
| return bcopy ();
|   ;
|   return 0;
| }
configure:4603: result: no
configure:4603: checking for memmove
configure:4603: arm-linux-androideabi-gcc -o conftest -O2   conftest.c  >&5
conftest.c:50:6: warning: conflicting types for built-in function 'memmove'
 char memmove ();
      ^
configure:4603: $? = 0
configure:4603: result: yes
configure:4603: checking for strerror
configure:4603: arm-linux-androideabi-gcc -o conftest -O2   conftest.c  >&5
configure:4603: $? = 0
configure:4603: result: yes
configure:4603: checking for strtoq
configure:4603: arm-linux-androideabi-gcc -o conftest -O2   conftest.c  >&5
configure:4603: $? = 0
configure:4603: result: yes
configure:4603: checking for strtoll
configure:4603: arm-linux-androideabi-gcc -o conftest -O2   conftest.c  >&5
configure:4603: $? = 0
configure:4603: result: yes
configure:4603: checking for _strtoi64
configure:4603: arm-linux-androideabi-gcc -o conftest -O2   conftest.c  >&5
/tmp/ccK5gga2.o:conftest.c:function main: error: undefined reference to '_strtoi64'
collect2: error: ld returned 1 exit status
configure:4603: $? = 1
configure: failed program was:
| /* confdefs.h */
| #define PACKAGE_NAME "PCRE"
| #define PACKAGE_TARNAME "pcre"
| #define PACKAGE_VERSION "7.6"
| #define PACKAGE_STRING "PCRE 7.6"
| #define PACKAGE_BUGREPORT ""
| #define PACKAGE_URL ""
| #define PACKAGE "pcre"
| #define VERSION "7.6"
| #define STDC_HEADERS 1
| #define HAVE_SYS_TYPES_H 1
| #define HAVE_SYS_STAT_H 1
| #define HAVE_STDLIB_H 1
| #define HAVE_STRING_H 1
| #define HAVE_MEMORY_H 1
| #define HAVE_STRINGS_H 1
| #define HAVE_INTTYPES_H 1
| #define HAVE_STDINT_H 1
| #define HAVE_UNISTD_H 1
| #define HAVE_LIMITS_H 1
| #define HAVE_SYS_TYPES_H 1
| #define HAVE_SYS_STAT_H 1
| #define HAVE_DIRENT_H 1
| #define HAVE_LONG_LONG 1
| #define HAVE_UNSIGNED_LONG_LONG 1
| #define HAVE_MEMMOVE 1
| #define HAVE_STRERROR 1
| #define HAVE_STRTOQ 1
| #define HAVE_STRTOLL 1
| /* end confdefs.h.  */
| /* Define _strtoi64 to an innocuous variant, in case <limits.h> declares _strtoi64.
|    For example, HP-UX 11i <limits.h> declares gettimeofday.  */
| #define _strtoi64 innocuous__strtoi64
| 
| /* System header to define __stub macros and hopefully few prototypes,
|     which can conflict with char _strtoi64 (); below.
|     Prefer <limits.h> to <assert.h> if __STDC__ is defined, since
|     <limits.h> exists even on freestanding compilers.  */
| 
| #ifdef __STDC__
| # include <limits.h>
| #else
| # include <assert.h>
| #endif
| 
| #undef _strtoi64
| 
| /* Override any GCC internal prototype to avoid an error.
|    Use char because int might match the return type of a GCC
|    builtin and then its argument prototype would still apply.  */
| #ifdef __cplusplus
| extern "C"
| #endif
| char _strtoi64 ();
| /* The GNU C library defines this for functions which it implements
|     to always fail with ENOSYS.  Some functions are actually named
|     something starting with __ and the normal name is an alias.  */
| #if defined __stub__strtoi64 || defined __stub____strtoi64
| choke me
| #endif
| 
| int
| main ()
| {
| return _strtoi64 ();
|   ;
|   return 0;
| }
configure:4603: result: no
configure:4617: checking zlib.h usability
configure:4617: arm-linux-androideabi-gcc -c -O2  conftest.c >&5
configure:4617: $? = 0
configure:4617: result: yes
configure:4617: checking zlib.h presence
configure:4617: arm-linux-androideabi-gcc -E  conftest.c
configure:4617: $? = 0
configure:4617: result: yes
configure:4617: checking for zlib.h
configure:4617: result: yes
configure:4627: checking for gzopen in -lz
configure:4652: arm-linux-androideabi-gcc -o conftest -O2   conftest.c -lz   >&5
configure:4652: $? = 0
configure:4661: result: yes
configure:4672: checking bzlib.h usability
configure:4672: arm-linux-androideabi-gcc -c -O2  conftest.c >&5
conftest.c:65:19: fatal error: bzlib.h: No such file or directory
 #include <bzlib.h>
                   ^
compilation terminated.
configure:4672: $? = 1
configure: failed program was:
| /* confdefs.h */
| #define PACKAGE_NAME "PCRE"
| #define PACKAGE_TARNAME "pcre"
| #define PACKAGE_VERSION "7.6"
| #define PACKAGE_STRING "PCRE 7.6"
| #define PACKAGE_BUGREPORT ""
| #define PACKAGE_URL ""
| #define PACKAGE "pcre"
| #define VERSION "7.6"
| #define STDC_HEADERS 1
| #define HAVE_SYS_TYPES_H 1
| #define HAVE_SYS_STAT_H 1
| #define HAVE_STDLIB_H 1
| #define HAVE_STRING_H 1
| #define HAVE_MEMORY_H 1
| #define HAVE_STRINGS_H 1
| #define HAVE_INTTYPES_H 1
| #define HAVE_STDINT_H 1
| #define HAVE_UNISTD_H 1
| #define HAVE_LIMITS_H 1
| #define HAVE_SYS_TYPES_H 1
| #define HAVE_SYS_STAT_H 1
| #define HAVE_DIRENT_H 1
| #define HAVE_LONG_LONG 1
| #define HAVE_UNSIGNED_LONG_LONG 1
| #define HAVE_MEMMOVE 1
| #define HAVE_STRERROR 1
| #define HAVE_STRTOQ 1
| #define HAVE_STRTOLL 1
| #define HAVE_ZLIB_H 1
| /* end confdefs.h.  */
| #include <stdio.h>
| #ifdef HAVE_SYS_TYPES_H
| # include <sys/types.h>
| #endif
| #ifdef HAVE_SYS_STAT_H
| # include <sys/stat.h>
| #endif
| #ifdef STDC_HEADERS
| # include <stdlib.h>
| # include <stddef.h>
| #else
| # ifdef HAVE_STDLIB_H
| #  include <stdlib.h>
| # endif
| #endif
| #ifdef HAVE_STRING_H
| # if !defined STDC_HEADERS && defined HAVE_MEMORY_H
| #  include <memory.h>
| # endif
| # include <string.h>
| #endif
| #ifdef HAVE_STRINGS_H
| # include <strings.h>
| #endif
| #ifdef HAVE_INTTYPES_H
| # include <inttypes.h>
| #endif
| #ifdef HAVE_STDINT_H
| # include <stdint.h>
| #endif
| #ifdef HAVE_UNISTD_H
| # include <unistd.h>
| #endif
| #include <bzlib.h>
configure:4672: result: no
configure:4672: checking bzlib.h presence
configure:4672: arm-linux-androideabi-gcc -E  conftest.c
conftest.c:32:19: fatal error: bzlib.h: No such file or directory
 #include <bzlib.h>
                   ^
compilation terminated.
configure:4672: $? = 1
configure: failed program was:
| /* confdefs.h */
| #define PACKAGE_NAME "PCRE"
| #define PACKAGE_TARNAME "pcre"
| #define PACKAGE_VERSION "7.6"
| #define PACKAGE_STRING "PCRE 7.6"
| #define PACKAGE_BUGREPORT ""
| #define PACKAGE_URL ""
| #define PACKAGE "pcre"
| #define VERSION "7.6"
| #define STDC_HEADERS 1
| #define HAVE_SYS_TYPES_H 1
| #define HAVE_SYS_STAT_H 1
| #define HAVE_STDLIB_H 1
| #define HAVE_STRING_H 1
| #define HAVE_MEMORY_H 1
| #define HAVE_STRINGS_H 1
| #define HAVE_INTTYPES_H 1
| #define HAVE_STDINT_H 1
| #define HAVE_UNISTD_H 1
| #define HAVE_LIMITS_H 1
| #define HAVE_SYS_TYPES_H 1
| #define HAVE_SYS_STAT_H 1
| #define HAVE_DIRENT_H 1
| #define HAVE_LONG_LONG 1
| #define HAVE_UNSIGNED_LONG_LONG 1
| #define HAVE_MEMMOVE 1
| #define HAVE_STRERROR 1
| #define HAVE_STRTOQ 1
| #define HAVE_STRTOLL 1
| #define HAVE_ZLIB_H 1
| /* end confdefs.h.  */
| #include <bzlib.h>
configure:4672: result: no
configure:4672: checking for bzlib.h
configure:4672: result: no
configure:4682: checking for BZ2_bzopen in -lbz2
configure:4707: arm-linux-androideabi-gcc -o conftest -O2   conftest.c -lbz2   >&5
/home/francesco/Dropbox/bin/android-toolchain/bin/../lib/gcc/arm-linux-androideabi/4.9/../../../../arm-linux-androideabi/bin/ld: error: cannot find -lbz2
/tmp/ccFMuFQv.o:conftest.c:function main: error: undefined reference to 'BZ2_bzopen'
collect2: error: ld returned 1 exit status
configure:4707: $? = 1
configure: failed program was:
| /* confdefs.h */
| #define PACKAGE_NAME "PCRE"
| #define PACKAGE_TARNAME "pcre"
| #define PACKAGE_VERSION "7.6"
| #define PACKAGE_STRING "PCRE 7.6"
| #define PACKAGE_BUGREPORT ""
| #define PACKAGE_URL ""
| #define PACKAGE "pcre"
| #define VERSION "7.6"
| #define STDC_HEADERS 1
| #define HAVE_SYS_TYPES_H 1
| #define HAVE_SYS_STAT_H 1
| #define HAVE_STDLIB_H 1
| #define HAVE_STRING_H 1
| #define HAVE_MEMORY_H 1
| #define HAVE_STRINGS_H 1
| #define HAVE_INTTYPES_H 1
| #define HAVE_STDINT_H 1
| #define HAVE_UNISTD_H 1
| #define HAVE_LIMITS_H 1
| #define HAVE_SYS_TYPES_H 1
| #define HAVE_SYS_STAT_H 1
| #define HAVE_DIRENT_H 1
| #define HAVE_LONG_LONG 1
| #define HAVE_UNSIGNED_LONG_LONG 1
| #define HAVE_MEMMOVE 1
| #define HAVE_STRERROR 1
| #define HAVE_STRTOQ 1
| #define HAVE_STRTOLL 1
| #define HAVE_ZLIB_H 1
| /* end confdefs.h.  */
| 
| /* Override any GCC internal prototype to avoid an error.
|    Use char because int might match the return type of a GCC
|    builtin and then its argument prototype would still apply.  */
| #ifdef __cplusplus
| extern "C"
| #endif
| char BZ2_bzopen ();
| int
| main ()
| {
| return BZ2_bzopen ();
|   ;
|   return 0;
| }
configure:4716: result: no
configure:4727: checking readline/readline.h usability
configure:4727: arm-linux-androideabi-gcc -c -O2  conftest.c >&5
conftest.c:65:31: fatal error: readline/readline.h: No such file or directory
 #include <readline/readline.h>
                               ^
compilation terminated.
configure:4727: $? = 1
configure: failed program was:
| /* confdefs.h */
| #define PACKAGE_NAME "PCRE"
| #define PACKAGE_TARNAME "pcre"
| #define PACKAGE_VERSION "7.6"
| #define PACKAGE_STRING "PCRE 7.6"
| #define PACKAGE_BUGREPORT ""
| #define PACKAGE_URL ""
| #define PACKAGE "pcre"
| #define VERSION "7.6"
| #define STDC_HEADERS 1
| #define HAVE_SYS_TYPES_H 1
| #define HAVE_SYS_STAT_H 1
| #define HAVE_STDLIB_H 1
| #define HAVE_STRING_H 1
| #define HAVE_MEMORY_H 1
| #define HAVE_STRINGS_H 1
| #define HAVE_INTTYPES_H 1
| #define HAVE_STDINT_H 1
| #define HAVE_UNISTD_H 1
| #define HAVE_LIMITS_H 1
| #define HAVE_SYS_TYPES_H 1
| #define HAVE_SYS_STAT_H 1
| #define HAVE_DIRENT_H 1
| #define HAVE_LONG_LONG 1
| #define HAVE_UNSIGNED_LONG_LONG 1
| #define HAVE_MEMMOVE 1
| #define HAVE_STRERROR 1
| #define HAVE_STRTOQ 1
| #define HAVE_STRTOLL 1
| #define HAVE_ZLIB_H 1
| /* end confdefs.h.  */
| #include <stdio.h>
| #ifdef HAVE_SYS_TYPES_H
| # include <sys/types.h>
| #endif
| #ifdef HAVE_SYS_STAT_H
| # include <sys/stat.h>
| #endif
| #ifdef STDC_HEADERS
| # include <stdlib.h>
| # include <stddef.h>
| #else
| # ifdef HAVE_STDLIB_H
| #  include <stdlib.h>
| # endif
| #endif
| #ifdef HAVE_STRING_H
| # if !defined STDC_HEADERS && defined HAVE_MEMORY_H
| #  include <memory.h>
| # endif
| # include <string.h>
| #endif
| #ifdef HAVE_STRINGS_H
| # include <strings.h>
| #endif
| #ifdef HAVE_INTTYPES_H
| # include <inttypes.h>
| #endif
| #ifdef HAVE_STDINT_H
| # include <stdint.h>
| #endif
| #ifdef HAVE_UNISTD_H
| # include <unistd.h>
| #endif
| #include <readline/readline.h>
configure:4727: result: no
configure:4727: checking readline/readline.h presence
configure:4727: arm-linux-androideabi-gcc -E  conftest.c
conftest.c:32:31: fatal error: readline/readline.h: No such file or directory
 #include <readline/readline.h>
                               ^
compilation terminated.
configure:4727: $? = 1
configure: failed program was:
| /* confdefs.h */
| #define PACKAGE_NAME "PCRE"
| #define PACKAGE_TARNAME "pcre"
| #define PACKAGE_VERSION "7.6"
| #define PACKAGE_STRING "PCRE 7.6"
| #define PACKAGE_BUGREPORT ""
| #define PACKAGE_URL ""
| #define PACKAGE "pcre"
| #define VERSION "7.6"
| #define STDC_HEADERS 1
| #define HAVE_SYS_TYPES_H 1
| #define HAVE_SYS_STAT_H 1
| #define HAVE_STDLIB_H 1
| #define HAVE_STRING_H 1
| #define HAVE_MEMORY_H 1
| #define HAVE_STRINGS_H 1
| #define HAVE_INTTYPES_H 1
| #define HAVE_STDINT_H 1
| #define HAVE_UNISTD_H 1
| #define HAVE_LIMITS_H 1
| #define HAVE_SYS_TYPES_H 1
| #define HAVE_SYS_STAT_H 1
| #define HAVE_DIRENT_H 1
| #define HAVE_LONG_LONG 1
| #define HAVE_UNSIGNED_LONG_LONG 1
| #define HAVE_MEMMOVE 1
| #define HAVE_STRERROR 1
| #define HAVE_STRTOQ 1
| #define HAVE_STRTOLL 1
| #define HAVE_ZLIB_H 1
| /* end confdefs.h.  */
| #include <readline/readline.h>
configure:4727: result: no
configure:4727: checking for readline/readline.h
configure:4727: result: no
configure:4739: checking readline/history.h usability
configure:4739: arm-linux-androideabi-gcc -c -O2  conftest.c >&5
conftest.c:65:30: fatal error: readline/history.h: No such file or directory
 #include <readline/history.h>
                              ^
compilation terminated.
configure:4739: $? = 1
configure: failed program was:
| /* confdefs.h */
| #define PACKAGE_NAME "PCRE"
| #define PACKAGE_TARNAME "pcre"
| #define PACKAGE_VERSION "7.6"
| #define PACKAGE_STRING "PCRE 7.6"
| #define PACKAGE_BUGREPORT ""
| #define PACKAGE_URL ""
| #define PACKAGE "pcre"
| #define VERSION "7.6"
| #define STDC_HEADERS 1
| #define HAVE_SYS_TYPES_H 1
| #define HAVE_SYS_STAT_H 1
| #define HAVE_STDLIB_H 1
| #define HAVE_STRING_H 1
| #define HAVE_MEMORY_H 1
| #define HAVE_STRINGS_H 1
| #define HAVE_INTTYPES_H 1
| #define HAVE_STDINT_H 1
| #define HAVE_UNISTD_H 1
| #define HAVE_LIMITS_H 1
| #define HAVE_SYS_TYPES_H 1
| #define HAVE_SYS_STAT_H 1
| #define HAVE_DIRENT_H 1
| #define HAVE_LONG_LONG 1
| #define HAVE_UNSIGNED_LONG_LONG 1
| #define HAVE_MEMMOVE 1
| #define HAVE_STRERROR 1
| #define HAVE_STRTOQ 1
| #define HAVE_STRTOLL 1
| #define HAVE_ZLIB_H 1
| /* end confdefs.h.  */
| #include <stdio.h>
| #ifdef HAVE_SYS_TYPES_H
| # include <sys/types.h>
| #endif
| #ifdef HAVE_SYS_STAT_H
| # include <sys/stat.h>
| #endif
| #ifdef STDC_HEADERS
| # include <stdlib.h>
| # include <stddef.h>
| #else
| # ifdef HAVE_STDLIB_H
| #  include <stdlib.h>
| # endif
| #endif
| #ifdef HAVE_STRING_H
| # if !defined STDC_HEADERS && defined HAVE_MEMORY_H
| #  include <memory.h>
| # endif
| # include <string.h>
| #endif
| #ifdef HAVE_STRINGS_H
| # include <strings.h>
| #endif
| #ifdef HAVE_INTTYPES_H
| # include <inttypes.h>
| #endif
| #ifdef HAVE_STDINT_H
| # include <stdint.h>
| #endif
| #ifdef HAVE_UNISTD_H
| # include <unistd.h>
| #endif
| #include <readline/history.h>
configure:4739: result: no
configure:4739: checking readline/history.h presence
configure:4739: arm-linux-androideabi-gcc -E  conftest.c
conftest.c:32:30: fatal error: readline/history.h: No such file or directory
 #include <readline/history.h>
                              ^
compilation terminated.
configure:4739: $? = 1
configure: failed program was:
| /* confdefs.h */
| #define PACKAGE_NAME "PCRE"
| #define PACKAGE_TARNAME "pcre"
| #define PACKAGE_VERSION "7.6"
| #define PACKAGE_STRING "PCRE 7.6"
| #define PACKAGE_BUGREPORT ""
| #define PACKAGE_URL ""
| #define PACKAGE "pcre"
| #define VERSION "7.6"
| #define STDC_HEADERS 1
| #define HAVE_SYS_TYPES_H 1
| #define HAVE_SYS_STAT_H 1
| #define HAVE_STDLIB_H 1
| #define HAVE_STRING_H 1
| #define HAVE_MEMORY_H 1
| #define HAVE_STRINGS_H 1
| #define HAVE_INTTYPES_H 1
| #define HAVE_STDINT_H 1
| #define HAVE_UNISTD_H 1
| #define HAVE_LIMITS_H 1
| #define HAVE_SYS_TYPES_H 1
| #define HAVE_SYS_STAT_H 1
| #define HAVE_DIRENT_H 1
| #define HAVE_LONG_LONG 1
| #define HAVE_UNSIGNED_LONG_LONG 1
| #define HAVE_MEMMOVE 1
| #define HAVE_STRERROR 1
| #define HAVE_STRTOQ 1
| #define HAVE_STRTOLL 1
| #define HAVE_ZLIB_H 1
| /* end confdefs.h.  */
| #include <readline/history.h>
configure:4739: result: no
configure:4739: checking for readline/history.h
configure:4739: result: no
configure:4749: checking for readline in -lreadline
configure:4774: arm-linux-androideabi-gcc -o conftest -O2   conftest.c -lreadline   >&5
/home/francesco/Dropbox/bin/android-toolchain/bin/../lib/gcc/arm-linux-androideabi/4.9/../../../../arm-linux-androideabi/bin/ld: error: cannot find -lreadline
/tmp/ccgD98MY.o:conftest.c:function main: error: undefined reference to 'readline'
collect2: error: ld returned 1 exit status
configure:4774: $? = 1
configure: failed program was:
| /* confdefs.h */
| #define PACKAGE_NAME "PCRE"
| #define PACKAGE_TARNAME "pcre"
| #define PACKAGE_VERSION "7.6"
| #define PACKAGE_STRING "PCRE 7.6"
| #define PACKAGE_BUGREPORT ""
| #define PACKAGE_URL ""
| #define PACKAGE "pcre"
| #define VERSION "7.6"
| #define STDC_HEADERS 1
| #define HAVE_SYS_TYPES_H 1
| #define HAVE_SYS_STAT_H 1
| #define HAVE_STDLIB_H 1
| #define HAVE_STRING_H 1
| #define HAVE_MEMORY_H 1
| #define HAVE_STRINGS_H 1
| #define HAVE_INTTYPES_H 1
| #define HAVE_STDINT_H 1
| #define HAVE_UNISTD_H 1
| #define HAVE_LIMITS_H 1
| #define HAVE_SYS_TYPES_H 1
| #define HAVE_SYS_STAT_H 1
| #define HAVE_DIRENT_H 1
| #define HAVE_LONG_LONG 1
| #define HAVE_UNSIGNED_LONG_LONG 1
| #define HAVE_MEMMOVE 1
| #define HAVE_STRERROR 1
| #define HAVE_STRTOQ 1
| #define HAVE_STRTOLL 1
| #define HAVE_ZLIB_H 1
| /* end confdefs.h.  */
| 
| /* Override any GCC internal prototype to avoid an error.
|    Use char because int might match the return type of a GCC
|    builtin and then its argument prototype would still apply.  */
| #ifdef __cplusplus
| extern "C"
| #endif
| char readline ();
| int
| main ()
| {
| return readline ();
|   ;
|   return 0;
| }
configure:4783: result: no
configure:4893: checking build system type
configure:4907: result: x86_64-unknown-linux-gnu
configure:4927: checking host system type
configure:4940: result: arm-unknown-linux-androideabi
configure:5155: creating ./config.status

## ---------------------- ##
## Running config.status. ##
## ---------------------- ##

This file was extended by PCRE config.status 7.6, which was
generated by GNU Autoconf 2.69.  Invocation command line was

  CONFIG_FILES    = 
  CONFIG_HEADERS  = 
  CONFIG_LINKS    = 
  CONFIG_COMMANDS = 
  $ ./config.status 

on francesco-desktop

config.status:887: creating Makefile
config.status:887: creating pcre-config
config.status:887: creating config.h
config.status:1068: config.h is unchanged
config.status:1116: executing depfiles commands
config.status:1116: executing script-chmod commands

## ---------------- ##
## Cache variables. ##
## ---------------- ##

ac_cv_build=x86_64-unknown-linux-gnu
ac_cv_c_compiler_gnu=yes
ac_cv_c_const=yes
ac_cv_env_CC_set=
ac_cv_env_CC_value=
ac_cv_env_CFLAGS_set=
ac_cv_env_CFLAGS_value=
ac_cv_env_CPPFLAGS_set=
ac_cv_env_CPPFLAGS_value=
ac_cv_env_CPP_set=
ac_cv_env_CPP_value=
ac_cv_env_LDFLAGS_set=
ac_cv_env_LDFLAGS_value=
ac_cv_env_LIBS_set=
ac_cv_env_LIBS_value=
ac_cv_env_build_alias_set=
ac_cv_env_build_alias_value=
ac_cv_env_host_alias_set=set
ac_cv_env_host_alias_value=arm-linux-androideabi
ac_cv_env_target_alias_set=
ac_cv_env_target_alias_value=
ac_cv_func__strtoi64=no
ac_cv_func_bcopy=no
ac_cv_func_memmove=yes
ac_cv_func_strerror=yes
ac_cv_func_strtoll=yes
ac_cv_func_strtoq=yes
ac_cv_header_bzlib_h=no
ac_cv_header_dirent_h=yes
ac_cv_header_inttypes_h=yes
ac_cv_header_limits_h=yes
ac_cv_header_memory_h=yes
ac_cv_header_readline_history_h=no
ac_cv_header_readline_readline_h=no
ac_cv_header_stdc=yes
ac_cv_header_stdint_h=yes
ac_cv_header_stdlib_h=yes
ac_cv_header_string_h=yes
ac_cv_header_strings_h=yes
ac_cv_header_sys_stat_h=yes
ac_cv_header_sys_types_h=yes
ac_cv_header_unistd_h=yes
ac_cv_header_windows_h=no
ac_cv_header_zlib_h=yes
ac_cv_host=arm-unknown-linux-androideabi
ac_cv_lib_bz2_BZ2_bzopen=no
ac_cv_lib_readline_readline=no
ac_cv_lib_z_gzopen=yes
ac_cv_objext=o
ac_cv_path_EGREP='/bin/grep -E'
ac_cv_path_GREP=/bin/grep
ac_cv_path_install='/usr/bin/install -c'
ac_cv_path_mkdir=/bin/mkdir
ac_cv_prog_AWK=gawk
ac_cv_prog_CC=arm-linux-androideabi-gcc
ac_cv_prog_CPP='arm-linux-androideabi-gcc -E'
ac_cv_prog_RANLIB=arm-linux-androideabi-ranlib
ac_cv_prog_STRIP=arm-linux-androideabi-strip
ac_cv_prog_cc_c89=
ac_cv_prog_cc_g=yes
ac_cv_prog_make_make_set=yes
ac_cv_type_long_long=yes
ac_cv_type_size_t=yes
ac_cv_type_unsigned_long_long=yes
am_cv_CC_dependencies_compiler_type=gcc3

## ----------------- ##
## Output variables. ##
## ----------------- ##

ACLOCAL='${SHELL} /home/francesco/Dropbox/Informatica/Programmazione/StudioProjects/ANmap/app/src/nmap-src/missing --run aclocal-1.10'
AMDEPBACKSLASH='\'
AMDEP_FALSE='#'
AMDEP_TRUE=''
AMTAR='${SHELL} /home/francesco/Dropbox/Informatica/Programmazione/StudioProjects/ANmap/app/src/nmap-src/missing --run tar'
AUTOCONF='${SHELL} /home/francesco/Dropbox/Informatica/Programmazione/StudioProjects/ANmap/app/src/nmap-src/missing --run autoconf'
AUTOHEADER='${SHELL} /home/francesco/Dropbox/Informatica/Programmazione/StudioProjects/ANmap/app/src/nmap-src/missing --run autoheader'
AUTOMAKE='${SHELL} /home/francesco/Dropbox/Informatica/Programmazione/StudioProjects/ANmap/app/src/nmap-src/missing --run automake-1.10'
AWK='gawk'
CC='arm-linux-androideabi-gcc'
CCDEPMODE='depmode=gcc3'
CFLAGS='-O2'
CPP='arm-linux-androideabi-gcc -E'
CPPFLAGS=''
CYGPATH_W='echo'
DEFS='-DHAVE_CONFIG_H'
DEPDIR='.deps'
ECHO_C=''
ECHO_N='-n'
ECHO_T=''
EGREP='/bin/grep -E'
EXEEXT=''
EXTRA_LIBPCRE_LDFLAGS=' -version-info libpcre_version'
GREP='/bin/grep'
INSTALL_DATA='${INSTALL} -m 644'
INSTALL_PROGRAM='${INSTALL}'
INSTALL_SCRIPT='${INSTALL}'
INSTALL_STRIP_PROGRAM='$(install_sh) -c -s'
LDFLAGS=''
LIBOBJS=''
LIBS=''
LN_S='ln -s'
LTLIBOBJS=''
MAKEINFO='${SHELL} /home/francesco/Dropbox/Informatica/Programmazione/StudioProjects/ANmap/app/src/nmap-src/missing --run makeinfo'
MKDIR_P='/bin/mkdir -p'
OBJEXT='o'
PACKAGE='pcre'
PACKAGE_BUGREPORT=''
PACKAGE_NAME='PCRE'
PACKAGE_STRING='PCRE 7.6'
PACKAGE_TARNAME='pcre'
PACKAGE_URL=''
PACKAGE_VERSION='7.6'
PATH_SEPARATOR=':'
PCRE_DATE='2008-01-28'
PCRE_MAJOR='7'
PCRE_MINOR='6'
PCRE_PRERELEASE=''
RANLIB='arm-linux-androideabi-ranlib'
SET_MAKE=''
SHELL='/bin/bash'
STRIP='arm-linux-androideabi-strip'
VERSION='7.6'
WITH_REBUILD_CHARTABLES_FALSE=''
WITH_REBUILD_CHARTABLES_TRUE='#'
ac_ct_CC=''
am__fastdepCC_FALSE='#'
am__fastdepCC_TRUE=''
am__include='include'
am__isrc=''
am__leading_dot='.'
am__quote=''
am__tar='${AMTAR} chof - "$$tardir"'
am__untar='${AMTAR} xf -'
bindir='${exec_prefix}/bin'
build='x86_64-unknown-linux-gnu'
build_alias=''
build_cpu='x86_64'
build_os='linux-gnu'
build_vendor='unknown'
datadir='${datarootdir}'
datarootdir='${prefix}/share'
docdir='${datarootdir}/doc/${PACKAGE_TARNAME}'
dvidir='${docdir}'
exec_prefix='${prefix}'
host='arm-unknown-linux-androideabi'
host_alias='arm-linux-androideabi'
host_cpu='arm'
host_os='linux-androideabi'
host_vendor='unknown'
htmldir='${docdir}/html'
includedir='${prefix}/include'
infodir='${datarootdir}/info'
install_sh='$(SHELL) /home/francesco/Dropbox/Informatica/Programmazione/StudioProjects/ANmap/app/src/nmap-src/install-sh'
libdir='${exec_prefix}/lib'
libexecdir='${exec_prefix}/libexec'
localedir='${datarootdir}/locale'
localstatedir='${prefix}/var'
mandir='${datarootdir}/man'
mkdir_p='/bin/mkdir -p'
oldincludedir='/usr/include'
pcre_have_bits_type_traits=''
pcre_have_long_long='1'
pcre_have_type_traits=''
pcre_have_ulong_long='1'
pdfdir='${docdir}'
prefix='/usr/local'
program_transform_name='s,x,x,'
psdir='${docdir}'
sbindir='${exec_prefix}/sbin'
sharedstatedir='${prefix}/com'
sysconfdir='${prefix}/etc'
target_alias=''

## ----------- ##
## confdefs.h. ##
## ----------- ##

/* confdefs.h */
#define PACKAGE_NAME "PCRE"
#define PACKAGE_TARNAME "pcre"
#define PACKAGE_VERSION "7.6"
#define PACKAGE_STRING "PCRE 7.6"
#define PACKAGE_BUGREPORT ""
#define PACKAGE_URL ""
#define PACKAGE "pcre"
#define VERSION "7.6"
#define STDC_HEADERS 1
#define HAVE_SYS_TYPES_H 1
#define HAVE_SYS_STAT_H 1
#define HAVE_STDLIB_H 1
#define HAVE_STRING_H 1
#define HAVE_MEMORY_H 1
#define HAVE_STRINGS_H 1
#define HAVE_INTTYPES_H 1
#define HAVE_STDINT_H 1
#define HAVE_UNISTD_H 1
#define HAVE_LIMITS_H 1
#define HAVE_SYS_TYPES_H 1
#define HAVE_SYS_STAT_H 1
#define HAVE_DIRENT_H 1
#define HAVE_LONG_LONG 1
#define HAVE_UNSIGNED_LONG_LONG 1
#define HAVE_MEMMOVE 1
#define HAVE_STRERROR 1
#define HAVE_STRTOQ 1
#define HAVE_STRTOLL 1
#define HAVE_ZLIB_H 1
#define PCRE_STATIC 1
#define NEWLINE 10
#define LINK_SIZE 2
#define POSIX_MALLOC_THRESHOLD 10
#define MATCH_LIMIT 10000000
#define MATCH_LIMIT_RECURSION MATCH_LIMIT
#define MAX_NAME_SIZE 32
#define MAX_NAME_COUNT 10000

configure: exit 0
