This file contains any messages produced by compilers while
running configure, to aid debugging if configure makes a mistake.

It was created by configure, which was
generated by GNU Autoconf 2.69.  Invocation command line was

  $ ./configure --disable-option-checking --prefix=/usr/local --host=arm-linux-androideabi --without-zenmap --with-liblua=included --with-pcap=linux --with-libpcap=internal --enable-static --without-ndiff --without-nping --without-nmap-update --without-ncat host_alias=arm-linux-androideabi --cache-file=/dev/null --srcdir=.

## --------- ##
## Platform. ##
## --------- ##

hostname = francesco-desktop
uname -m = x86_64
uname -r = 4.2.0-34-generic
uname -s = Linux
uname -v = #39-Ubuntu SMP Thu Mar 10 22:13:01 UTC 2016

/usr/bin/uname -p = unknown
/bin/uname -X     = unknown

/bin/arch              = unknown
/usr/bin/arch -k       = unknown
/usr/convex/getsysinfo = unknown
/usr/bin/hostinfo      = unknown
/bin/machine           = unknown
/usr/bin/oslevel       = unknown
/bin/universe          = unknown

PATH: /home/francesco/Dropbox/bin/android-toolchain/bin
PATH: /home/francesco/Dropbox/bin/android-sdk/ndk-bundle/
PATH: /home/francesco/Dropbox/bin/android-sdk/platform-tools
PATH: /home/francesco/Dropbox/bin/android-studio/bin
PATH: /home/francesco/Dropbox/bin/netbeans-8.1/bin
PATH: /home/francesco/Dropbox/bin/jdk1.8.0_73/bin
PATH: /home/francesco-ubn/bin
PATH: /home/francesco/Dropbox/bin/android-sdk/ndk-bundle/
PATH: /home/francesco/Dropbox/bin/android-sdk/platform-tools
PATH: /home/francesco/Dropbox/bin/android-studio/bin
PATH: /home/francesco/Dropbox/bin/netbeans-8.1/bin
PATH: /home/francesco/Dropbox/bin/jdk1.8.0_73/bin
PATH: /home/francesco-ubn/bin
PATH: /usr/local/sbin
PATH: /usr/local/bin
PATH: /usr/sbin
PATH: /usr/bin
PATH: /sbin
PATH: /bin
PATH: /usr/games
PATH: /usr/local/games


## ----------- ##
## Core tests. ##
## ----------- ##

configure:2155: checking build system type
configure:2169: result: x86_64-unknown-linux-gnu
configure:2189: checking host system type
configure:2202: result: arm-unknown-linux-androideabi
configure:2349: checking for arm-linux-androideabi-gcc
configure:2365: found /home/francesco/Dropbox/bin/android-toolchain/bin/arm-linux-androideabi-gcc
configure:2376: result: arm-linux-androideabi-gcc
configure:2645: checking for C compiler version
configure:2654: arm-linux-androideabi-gcc --version >&5
arm-linux-androideabi-gcc (GCC) 4.9 20150123 (prerelease)
Copyright (C) 2014 Free Software Foundation, Inc.
This is free software; see the source for copying conditions.  There is NO
warranty; not even for MERCHANTABILITY or FITNESS FOR A PARTICULAR PURPOSE.

configure:2665: $? = 0
configure:2654: arm-linux-androideabi-gcc -v >&5
Using built-in specs.
COLLECT_GCC=arm-linux-androideabi-gcc
COLLECT_LTO_WRAPPER=/home/francesco/Dropbox/bin/android-toolchain/bin/../libexec/gcc/arm-linux-androideabi/4.9/lto-wrapper
Target: arm-linux-androideabi
Configured with: /usr/local/google/buildbot/src/android/gcc/toolchain/build/../gcc/gcc-4.9/configure --prefix=/tmp/002ff922da42f0f80603ab1715cd43d4 --target=arm-linux-androideabi --host=x86_64-linux-gnu --build=x86_64-linux-gnu --with-gnu-as --with-gnu-ld --enable-languages=c,c++ --with-gmp=/buildbot/tmp/build/toolchain/temp-install --with-mpfr=/buildbot/tmp/build/toolchain/temp-install --with-mpc=/buildbot/tmp/build/toolchain/temp-install --with-cloog=/buildbot/tmp/build/toolchain/temp-install --with-isl=/buildbot/tmp/build/toolchain/temp-install --with-ppl=/buildbot/tmp/build/toolchain/temp-install --disable-ppl-version-check --disable-cloog-version-check --disable-isl-version-check --enable-cloog-backend=isl --with-host-libstdcxx='-static-libgcc -Wl,-Bstatic,-lstdc++,-Bdynamic -lm' --disable-libssp --enable-threads --disable-nls --disable-libmudflap --disable-libgomp --disable-libstdc__-v3 --disable-sjlj-exceptions --disable-shared --disable-tls --disable-libitm --with-float=soft --with-fpu=vfp --with-arch=armv5te --enable-target-optspace --enable-initfini-array --disable-nls --prefix=/tmp/002ff922da42f0f80603ab1715cd43d4 --with-sysroot=/tmp/002ff922da42f0f80603ab1715cd43d4/sysroot --with-binutils-version=2.25 --with-mpfr-version=3.1.1 --with-mpc-version=1.0.1 --with-gmp-version=5.0.5 --with-gcc-version=4.9 --with-gdb-version=none --with-gxx-include-dir=/tmp/002ff922da42f0f80603ab1715cd43d4/include/c++/4.9 --with-bugurl=http://source.android.com/source/report-bugs.html --enable-languages=c,c++ --disable-bootstrap --enable-plugins --enable-libgomp --enable-gnu-indirect-function --disable-libsanitizer --enable-gold --enable-threads --enable-eh-frame-hdr-for-static --enable-graphite=yes --with-isl-version=0.11.1 --with-cloog-version=0.18.0 --with-arch=armv5te --program-transform-name='s&^&arm-linux-androideabi-&' --enable-gold=default
Thread model: posix
gcc version 4.9 20150123 (prerelease) (GCC) 
configure:2665: $? = 0
configure:2654: arm-linux-androideabi-gcc -V >&5
arm-linux-androideabi-gcc: error: unrecognized command line option '-V'
arm-linux-androideabi-gcc: fatal error: no input files
compilation terminated.
configure:2665: $? = 1
configure:2654: arm-linux-androideabi-gcc -qversion >&5
arm-linux-androideabi-gcc: error: unrecognized command line option '-qversion'
arm-linux-androideabi-gcc: fatal error: no input files
compilation terminated.
configure:2665: $? = 1
configure:2685: checking whether the C compiler works
configure:2707: arm-linux-androideabi-gcc    conftest.c  >&5
configure:2711: $? = 0
configure:2759: result: yes
configure:2762: checking for C compiler default output file name
configure:2764: result: a.out
configure:2770: checking for suffix of executables
configure:2777: arm-linux-androideabi-gcc -o conftest    conftest.c  >&5
configure:2781: $? = 0
configure:2803: result: 
configure:2825: checking whether we are cross compiling
configure:2833: arm-linux-androideabi-gcc -o conftest    conftest.c  >&5
configure:2837: $? = 0
configure:2844: ./conftest
./configure: line 2846: ./conftest: cannot execute binary file: Exec format error
configure:2848: $? = 126
configure:2863: result: yes
configure:2868: checking for suffix of object files
configure:2890: arm-linux-androideabi-gcc -c   conftest.c >&5
configure:2894: $? = 0
configure:2915: result: o
configure:2919: checking whether we are using the GNU C compiler
configure:2938: arm-linux-androideabi-gcc -c   conftest.c >&5
configure:2938: $? = 0
configure:2947: result: yes
configure:2956: checking whether arm-linux-androideabi-gcc accepts -g
configure:2976: arm-linux-androideabi-gcc -c -g  conftest.c >&5
configure:2976: $? = 0
configure:3017: result: yes
configure:3034: checking for arm-linux-androideabi-gcc option to accept ISO C89
configure:3097: arm-linux-androideabi-gcc  -c -g -O2  conftest.c >&5
configure:3097: $? = 0
configure:3110: result: none needed
configure:3136: checking how to run the C preprocessor
configure:3167: arm-linux-androideabi-gcc -E  conftest.c
configure:3167: $? = 0
configure:3181: arm-linux-androideabi-gcc -E  conftest.c
conftest.c:10:28: fatal error: ac_nonexistent.h: No such file or directory
 #include <ac_nonexistent.h>
                            ^
compilation terminated.
configure:3181: $? = 1
configure: failed program was:
| /* confdefs.h */
| #define PACKAGE_NAME ""
| #define PACKAGE_TARNAME ""
| #define PACKAGE_VERSION ""
| #define PACKAGE_STRING ""
| #define PACKAGE_BUGREPORT ""
| #define PACKAGE_URL ""
| #define LINUX 1
| /* end confdefs.h.  */
| #include <ac_nonexistent.h>
configure:3206: result: arm-linux-androideabi-gcc -E
configure:3226: arm-linux-androideabi-gcc -E  conftest.c
configure:3226: $? = 0
configure:3240: arm-linux-androideabi-gcc -E  conftest.c
conftest.c:10:28: fatal error: ac_nonexistent.h: No such file or directory
 #include <ac_nonexistent.h>
                            ^
compilation terminated.
configure:3240: $? = 1
configure: failed program was:
| /* confdefs.h */
| #define PACKAGE_NAME ""
| #define PACKAGE_TARNAME ""
| #define PACKAGE_VERSION ""
| #define PACKAGE_STRING ""
| #define PACKAGE_BUGREPORT ""
| #define PACKAGE_URL ""
| #define LINUX 1
| /* end confdefs.h.  */
| #include <ac_nonexistent.h>
configure:3269: checking for grep that handles long lines and -e
configure:3327: result: /bin/grep
configure:3332: checking for egrep
configure:3394: result: /bin/grep -E
configure:3399: checking for ANSI C header files
configure:3419: arm-linux-androideabi-gcc -c -g -O2  conftest.c >&5
configure:3419: $? = 0
configure:3503: result: yes
configure:3516: checking for sys/types.h
configure:3516: arm-linux-androideabi-gcc -c -g -O2  conftest.c >&5
configure:3516: $? = 0
configure:3516: result: yes
configure:3516: checking for sys/stat.h
configure:3516: arm-linux-androideabi-gcc -c -g -O2  conftest.c >&5
configure:3516: $? = 0
configure:3516: result: yes
configure:3516: checking for stdlib.h
configure:3516: arm-linux-androideabi-gcc -c -g -O2  conftest.c >&5
configure:3516: $? = 0
configure:3516: result: yes
configure:3516: checking for string.h
configure:3516: arm-linux-androideabi-gcc -c -g -O2  conftest.c >&5
configure:3516: $? = 0
configure:3516: result: yes
configure:3516: checking for memory.h
configure:3516: arm-linux-androideabi-gcc -c -g -O2  conftest.c >&5
configure:3516: $? = 0
configure:3516: result: yes
configure:3516: checking for strings.h
configure:3516: arm-linux-androideabi-gcc -c -g -O2  conftest.c >&5
configure:3516: $? = 0
configure:3516: result: yes
configure:3516: checking for inttypes.h
configure:3516: arm-linux-androideabi-gcc -c -g -O2  conftest.c >&5
configure:3516: $? = 0
configure:3516: result: yes
configure:3516: checking for stdint.h
configure:3516: arm-linux-androideabi-gcc -c -g -O2  conftest.c >&5
configure:3516: $? = 0
configure:3516: result: yes
configure:3516: checking for unistd.h
configure:3516: arm-linux-androideabi-gcc -c -g -O2  conftest.c >&5
configure:3516: $? = 0
configure:3516: result: yes
configure:3554: checking pcap.h usability
configure:3554: arm-linux-androideabi-gcc -c -g -O2 -Iinternal/include  conftest.c >&5
conftest.c:53:18: fatal error: pcap.h: No such file or directory
 #include <pcap.h>
                  ^
compilation terminated.
configure:3554: $? = 1
configure: failed program was:
| /* confdefs.h */
| #define PACKAGE_NAME ""
| #define PACKAGE_TARNAME ""
| #define PACKAGE_VERSION ""
| #define PACKAGE_STRING ""
| #define PACKAGE_BUGREPORT ""
| #define PACKAGE_URL ""
| #define LINUX 1
| #define STDC_HEADERS 1
| #define HAVE_SYS_TYPES_H 1
| #define HAVE_SYS_STAT_H 1
| #define HAVE_STDLIB_H 1
| #define HAVE_STRING_H 1
| #define HAVE_MEMORY_H 1
| #define HAVE_STRINGS_H 1
| #define HAVE_INTTYPES_H 1
| #define HAVE_STDINT_H 1
| #define HAVE_UNISTD_H 1
| /* end confdefs.h.  */
| #include <stdio.h>
| #ifdef HAVE_SYS_TYPES_H
| # include <sys/types.h>
| #endif
| #ifdef HAVE_SYS_STAT_H
| # include <sys/stat.h>
| #endif
| #ifdef STDC_HEADERS
| # include <stdlib.h>
| # include <stddef.h>
| #else
| # ifdef HAVE_STDLIB_H
| #  include <stdlib.h>
| # endif
| #endif
| #ifdef HAVE_STRING_H
| # if !defined STDC_HEADERS && defined HAVE_MEMORY_H
| #  include <memory.h>
| # endif
| # include <string.h>
| #endif
| #ifdef HAVE_STRINGS_H
| # include <strings.h>
| #endif
| #ifdef HAVE_INTTYPES_H
| # include <inttypes.h>
| #endif
| #ifdef HAVE_STDINT_H
| # include <stdint.h>
| #endif
| #ifdef HAVE_UNISTD_H
| # include <unistd.h>
| #endif
| #include <pcap.h>
configure:3554: result: no
configure:3554: checking pcap.h presence
configure:3554: arm-linux-androideabi-gcc -E -Iinternal/include  conftest.c
conftest.c:20:18: fatal error: pcap.h: No such file or directory
 #include <pcap.h>
                  ^
compilation terminated.
configure:3554: $? = 1
configure: failed program was:
| /* confdefs.h */
| #define PACKAGE_NAME ""
| #define PACKAGE_TARNAME ""
| #define PACKAGE_VERSION ""
| #define PACKAGE_STRING ""
| #define PACKAGE_BUGREPORT ""
| #define PACKAGE_URL ""
| #define LINUX 1
| #define STDC_HEADERS 1
| #define HAVE_SYS_TYPES_H 1
| #define HAVE_SYS_STAT_H 1
| #define HAVE_STDLIB_H 1
| #define HAVE_STRING_H 1
| #define HAVE_MEMORY_H 1
| #define HAVE_STRINGS_H 1
| #define HAVE_INTTYPES_H 1
| #define HAVE_STDINT_H 1
| #define HAVE_UNISTD_H 1
| /* end confdefs.h.  */
| #include <pcap.h>
configure:3554: result: no
configure:3554: checking for pcap.h
configure:3554: result: no
configure:3629: checking if PCAP_NETMASK_UNKNOWN is defined/handled by libpcap
configure:3649: arm-linux-androideabi-gcc -c -g -O2 -I/home/francesco/Dropbox/Informatica/Programmazione/StudioProjects/ANmap/app/src/nmap-src/libpcap  conftest.c >&5
configure:3649: $? = 0
configure:3662: result: yes
configure:3667: checking linux/version.h usability
configure:3667: arm-linux-androideabi-gcc -c -g -O2 -I/home/francesco/Dropbox/Informatica/Programmazione/StudioProjects/ANmap/app/src/nmap-src/libpcap  conftest.c >&5
configure:3667: $? = 0
configure:3667: result: yes
configure:3667: checking linux/version.h presence
configure:3667: arm-linux-androideabi-gcc -E -I/home/francesco/Dropbox/Informatica/Programmazione/StudioProjects/ANmap/app/src/nmap-src/libpcap  conftest.c
configure:3667: $? = 0
configure:3667: result: yes
configure:3667: checking for linux/version.h
configure:3667: result: yes
configure:3673: checking for Linux epoll(7) interface
configure:3699: arm-linux-androideabi-gcc -o conftest -g -O2 -I/home/francesco/Dropbox/Informatica/Programmazione/StudioProjects/ANmap/app/src/nmap-src/libpcap  -DHAVE_LINUX_VERSION_H -L/home/francesco/Dropbox/Informatica/Programmazione/StudioProjects/ANmap/app/src/nmap-src/libpcap  conftest.c  >&5
configure:3699: $? = 0
configure:3710: result: yes
configure:3720: checking for poll(2)
configure:3736: arm-linux-androideabi-gcc -o conftest -g -O2 -I/home/francesco/Dropbox/Informatica/Programmazione/StudioProjects/ANmap/app/src/nmap-src/libpcap  -L/home/francesco/Dropbox/Informatica/Programmazione/StudioProjects/ANmap/app/src/nmap-src/libpcap  conftest.c  >&5
configure:3736: $? = 0
configure:3746: result: yes
configure:3759: checking for kqueue
configure:3759: arm-linux-androideabi-gcc -o conftest -g -O2 -I/home/francesco/Dropbox/Informatica/Programmazione/StudioProjects/ANmap/app/src/nmap-src/libpcap  -L/home/francesco/Dropbox/Informatica/Programmazione/StudioProjects/ANmap/app/src/nmap-src/libpcap  conftest.c  >&5
conftest.c:57: error: undefined reference to 'kqueue'
collect2: error: ld returned 1 exit status
configure:3759: $? = 1
configure: failed program was:
| /* confdefs.h */
| #define PACKAGE_NAME ""
| #define PACKAGE_TARNAME ""
| #define PACKAGE_VERSION ""
| #define PACKAGE_STRING ""
| #define PACKAGE_BUGREPORT ""
| #define PACKAGE_URL ""
| #define LINUX 1
| #define STDC_HEADERS 1
| #define HAVE_SYS_TYPES_H 1
| #define HAVE_SYS_STAT_H 1
| #define HAVE_STDLIB_H 1
| #define HAVE_STRING_H 1
| #define HAVE_MEMORY_H 1
| #define HAVE_STRINGS_H 1
| #define HAVE_INTTYPES_H 1
| #define HAVE_STDINT_H 1
| #define HAVE_UNISTD_H 1
| #define HAVE_PCAP 1
| #define HAVE_EPOLL 1
| #define HAVE_POLL 1
| /* end confdefs.h.  */
| /* Define kqueue to an innocuous variant, in case <limits.h> declares kqueue.
|    For example, HP-UX 11i <limits.h> declares gettimeofday.  */
| #define kqueue innocuous_kqueue
| 
| /* System header to define __stub macros and hopefully few prototypes,
|     which can conflict with char kqueue (); below.
|     Prefer <limits.h> to <assert.h> if __STDC__ is defined, since
|     <limits.h> exists even on freestanding compilers.  */
| 
| #ifdef __STDC__
| # include <limits.h>
| #else
| # include <assert.h>
| #endif
| 
| #undef kqueue
| 
| /* Override any GCC internal prototype to avoid an error.
|    Use char because int might match the return type of a GCC
|    builtin and then its argument prototype would still apply.  */
| #ifdef __cplusplus
| extern "C"
| #endif
| char kqueue ();
| /* The GNU C library defines this for functions which it implements
|     to always fail with ENOSYS.  Some functions are actually named
|     something starting with __ and the normal name is an alias.  */
| #if defined __stub_kqueue || defined __stub___kqueue
| choke me
| #endif
| 
| int
| main ()
| {
| return kqueue ();
|   ;
|   return 0;
| }
configure:3759: result: no
configure:3759: checking for kevent
configure:3759: arm-linux-androideabi-gcc -o conftest -g -O2 -I/home/francesco/Dropbox/Informatica/Programmazione/StudioProjects/ANmap/app/src/nmap-src/libpcap  -L/home/francesco/Dropbox/Informatica/Programmazione/StudioProjects/ANmap/app/src/nmap-src/libpcap  conftest.c  >&5
conftest.c:57: error: undefined reference to 'kevent'
collect2: error: ld returned 1 exit status
configure:3759: $? = 1
configure: failed program was:
| /* confdefs.h */
| #define PACKAGE_NAME ""
| #define PACKAGE_TARNAME ""
| #define PACKAGE_VERSION ""
| #define PACKAGE_STRING ""
| #define PACKAGE_BUGREPORT ""
| #define PACKAGE_URL ""
| #define LINUX 1
| #define STDC_HEADERS 1
| #define HAVE_SYS_TYPES_H 1
| #define HAVE_SYS_STAT_H 1
| #define HAVE_STDLIB_H 1
| #define HAVE_STRING_H 1
| #define HAVE_MEMORY_H 1
| #define HAVE_STRINGS_H 1
| #define HAVE_INTTYPES_H 1
| #define HAVE_STDINT_H 1
| #define HAVE_UNISTD_H 1
| #define HAVE_PCAP 1
| #define HAVE_EPOLL 1
| #define HAVE_POLL 1
| /* end confdefs.h.  */
| /* Define kevent to an innocuous variant, in case <limits.h> declares kevent.
|    For example, HP-UX 11i <limits.h> declares gettimeofday.  */
| #define kevent innocuous_kevent
| 
| /* System header to define __stub macros and hopefully few prototypes,
|     which can conflict with char kevent (); below.
|     Prefer <limits.h> to <assert.h> if __STDC__ is defined, since
|     <limits.h> exists even on freestanding compilers.  */
| 
| #ifdef __STDC__
| # include <limits.h>
| #else
| # include <assert.h>
| #endif
| 
| #undef kevent
| 
| /* Override any GCC internal prototype to avoid an error.
|    Use char because int might match the return type of a GCC
|    builtin and then its argument prototype would still apply.  */
| #ifdef __cplusplus
| extern "C"
| #endif
| char kevent ();
| /* The GNU C library defines this for functions which it implements
|     to always fail with ENOSYS.  Some functions are actually named
|     something starting with __ and the normal name is an alias.  */
| #if defined __stub_kevent || defined __stub___kevent
| choke me
| #endif
| 
| int
| main ()
| {
| return kevent ();
|   ;
|   return 0;
| }
configure:3759: result: no
configure:3778: checking for arm-linux-androideabi-gcc
configure:3805: result: arm-linux-androideabi-gcc
configure:4074: checking for C compiler version
configure:4083: arm-linux-androideabi-gcc --version >&5
arm-linux-androideabi-gcc (GCC) 4.9 20150123 (prerelease)
Copyright (C) 2014 Free Software Foundation, Inc.
This is free software; see the source for copying conditions.  There is NO
warranty; not even for MERCHANTABILITY or FITNESS FOR A PARTICULAR PURPOSE.

configure:4094: $? = 0
configure:4083: arm-linux-androideabi-gcc -v >&5
Using built-in specs.
COLLECT_GCC=arm-linux-androideabi-gcc
COLLECT_LTO_WRAPPER=/home/francesco/Dropbox/bin/android-toolchain/bin/../libexec/gcc/arm-linux-androideabi/4.9/lto-wrapper
Target: arm-linux-androideabi
Configured with: /usr/local/google/buildbot/src/android/gcc/toolchain/build/../gcc/gcc-4.9/configure --prefix=/tmp/002ff922da42f0f80603ab1715cd43d4 --target=arm-linux-androideabi --host=x86_64-linux-gnu --build=x86_64-linux-gnu --with-gnu-as --with-gnu-ld --enable-languages=c,c++ --with-gmp=/buildbot/tmp/build/toolchain/temp-install --with-mpfr=/buildbot/tmp/build/toolchain/temp-install --with-mpc=/buildbot/tmp/build/toolchain/temp-install --with-cloog=/buildbot/tmp/build/toolchain/temp-install --with-isl=/buildbot/tmp/build/toolchain/temp-install --with-ppl=/buildbot/tmp/build/toolchain/temp-install --disable-ppl-version-check --disable-cloog-version-check --disable-isl-version-check --enable-cloog-backend=isl --with-host-libstdcxx='-static-libgcc -Wl,-Bstatic,-lstdc++,-Bdynamic -lm' --disable-libssp --enable-threads --disable-nls --disable-libmudflap --disable-libgomp --disable-libstdc__-v3 --disable-sjlj-exceptions --disable-shared --disable-tls --disable-libitm --with-float=soft --with-fpu=vfp --with-arch=armv5te --enable-target-optspace --enable-initfini-array --disable-nls --prefix=/tmp/002ff922da42f0f80603ab1715cd43d4 --with-sysroot=/tmp/002ff922da42f0f80603ab1715cd43d4/sysroot --with-binutils-version=2.25 --with-mpfr-version=3.1.1 --with-mpc-version=1.0.1 --with-gmp-version=5.0.5 --with-gcc-version=4.9 --with-gdb-version=none --with-gxx-include-dir=/tmp/002ff922da42f0f80603ab1715cd43d4/include/c++/4.9 --with-bugurl=http://source.android.com/source/report-bugs.html --enable-languages=c,c++ --disable-bootstrap --enable-plugins --enable-libgomp --enable-gnu-indirect-function --disable-libsanitizer --enable-gold --enable-threads --enable-eh-frame-hdr-for-static --enable-graphite=yes --with-isl-version=0.11.1 --with-cloog-version=0.18.0 --with-arch=armv5te --program-transform-name='s&^&arm-linux-androideabi-&' --enable-gold=default
Thread model: posix
gcc version 4.9 20150123 (prerelease) (GCC) 
configure:4094: $? = 0
configure:4083: arm-linux-androideabi-gcc -V >&5
arm-linux-androideabi-gcc: error: unrecognized command line option '-V'
arm-linux-androideabi-gcc: fatal error: no input files
compilation terminated.
configure:4094: $? = 1
configure:4083: arm-linux-androideabi-gcc -qversion >&5
arm-linux-androideabi-gcc: error: unrecognized command line option '-qversion'
arm-linux-androideabi-gcc: fatal error: no input files
compilation terminated.
configure:4094: $? = 1
configure:4098: checking whether we are using the GNU C compiler
configure:4126: result: yes
configure:4135: checking whether arm-linux-androideabi-gcc accepts -g
configure:4196: result: yes
configure:4213: checking for arm-linux-androideabi-gcc option to accept ISO C89
configure:4289: result: none needed
configure:4315: checking for arm-linux-androideabi-ranlib
configure:4331: found /home/francesco/Dropbox/bin/android-toolchain/bin/arm-linux-androideabi-ranlib
configure:4342: result: arm-linux-androideabi-ranlib
configure:4406: checking for gethostent
configure:4406: arm-linux-androideabi-gcc -o conftest -g -O2 -Wall  -I/home/francesco/Dropbox/Informatica/Programmazione/StudioProjects/ANmap/app/src/nmap-src/libpcap  -L/home/francesco/Dropbox/Informatica/Programmazione/StudioProjects/ANmap/app/src/nmap-src/libpcap  conftest.c  >&5
configure:4406: $? = 0
configure:4406: result: yes
configure:4457: checking for setsockopt
configure:4457: arm-linux-androideabi-gcc -o conftest -g -O2 -Wall  -I/home/francesco/Dropbox/Informatica/Programmazione/StudioProjects/ANmap/app/src/nmap-src/libpcap  -L/home/francesco/Dropbox/Informatica/Programmazione/StudioProjects/ANmap/app/src/nmap-src/libpcap  conftest.c  >&5
configure:4457: $? = 0
configure:4457: result: yes
configure:4509: checking for nanosleep
configure:4509: arm-linux-androideabi-gcc -o conftest -g -O2 -Wall  -I/home/francesco/Dropbox/Informatica/Programmazione/StudioProjects/ANmap/app/src/nmap-src/libpcap  -L/home/francesco/Dropbox/Informatica/Programmazione/StudioProjects/ANmap/app/src/nmap-src/libpcap  conftest.c  >&5
configure:4509: $? = 0
configure:4509: result: yes
configure:4561: checking for ANSI C header files
configure:4665: result: yes
configure:4676: checking net/bpf.h usability
configure:4676: arm-linux-androideabi-gcc -c -g -O2 -Wall  -I/home/francesco/Dropbox/Informatica/Programmazione/StudioProjects/ANmap/app/src/nmap-src/libpcap  conftest.c >&5
conftest.c:57:21: fatal error: net/bpf.h: No such file or directory
 #include <net/bpf.h>
                     ^
compilation terminated.
configure:4676: $? = 1
configure: failed program was:
| /* confdefs.h */
| #define PACKAGE_NAME ""
| #define PACKAGE_TARNAME ""
| #define PACKAGE_VERSION ""
| #define PACKAGE_STRING ""
| #define PACKAGE_BUGREPORT ""
| #define PACKAGE_URL ""
| #define LINUX 1
| #define STDC_HEADERS 1
| #define HAVE_SYS_TYPES_H 1
| #define HAVE_SYS_STAT_H 1
| #define HAVE_STDLIB_H 1
| #define HAVE_STRING_H 1
| #define HAVE_MEMORY_H 1
| #define HAVE_STRINGS_H 1
| #define HAVE_INTTYPES_H 1
| #define HAVE_STDINT_H 1
| #define HAVE_UNISTD_H 1
| #define HAVE_PCAP 1
| #define HAVE_EPOLL 1
| #define HAVE_POLL 1
| #define STDC_HEADERS 1
| /* end confdefs.h.  */
| #include <stdio.h>
| #ifdef HAVE_SYS_TYPES_H
| # include <sys/types.h>
| #endif
| #ifdef HAVE_SYS_STAT_H
| # include <sys/stat.h>
| #endif
| #ifdef STDC_HEADERS
| # include <stdlib.h>
| # include <stddef.h>
| #else
| # ifdef HAVE_STDLIB_H
| #  include <stdlib.h>
| # endif
| #endif
| #ifdef HAVE_STRING_H
| # if !defined STDC_HEADERS && defined HAVE_MEMORY_H
| #  include <memory.h>
| # endif
| # include <string.h>
| #endif
| #ifdef HAVE_STRINGS_H
| # include <strings.h>
| #endif
| #ifdef HAVE_INTTYPES_H
| # include <inttypes.h>
| #endif
| #ifdef HAVE_STDINT_H
| # include <stdint.h>
| #endif
| #ifdef HAVE_UNISTD_H
| # include <unistd.h>
| #endif
| #include <net/bpf.h>
configure:4676: result: no
configure:4676: checking net/bpf.h presence
configure:4676: arm-linux-androideabi-gcc -E -I/home/francesco/Dropbox/Informatica/Programmazione/StudioProjects/ANmap/app/src/nmap-src/libpcap  conftest.c
conftest.c:24:21: fatal error: net/bpf.h: No such file or directory
 #include <net/bpf.h>
                     ^
compilation terminated.
configure:4676: $? = 1
configure: failed program was:
| /* confdefs.h */
| #define PACKAGE_NAME ""
| #define PACKAGE_TARNAME ""
| #define PACKAGE_VERSION ""
| #define PACKAGE_STRING ""
| #define PACKAGE_BUGREPORT ""
| #define PACKAGE_URL ""
| #define LINUX 1
| #define STDC_HEADERS 1
| #define HAVE_SYS_TYPES_H 1
| #define HAVE_SYS_STAT_H 1
| #define HAVE_STDLIB_H 1
| #define HAVE_STRING_H 1
| #define HAVE_MEMORY_H 1
| #define HAVE_STRINGS_H 1
| #define HAVE_INTTYPES_H 1
| #define HAVE_STDINT_H 1
| #define HAVE_UNISTD_H 1
| #define HAVE_PCAP 1
| #define HAVE_EPOLL 1
| #define HAVE_POLL 1
| #define STDC_HEADERS 1
| /* end confdefs.h.  */
| #include <net/bpf.h>
configure:4676: result: no
configure:4676: checking for net/bpf.h
configure:4676: result: no
configure:4676: checking sys/ioctl.h usability
configure:4676: arm-linux-androideabi-gcc -c -g -O2 -Wall  -I/home/francesco/Dropbox/Informatica/Programmazione/StudioProjects/ANmap/app/src/nmap-src/libpcap  conftest.c >&5
configure:4676: $? = 0
configure:4676: result: yes
configure:4676: checking sys/ioctl.h presence
configure:4676: arm-linux-androideabi-gcc -E -I/home/francesco/Dropbox/Informatica/Programmazione/StudioProjects/ANmap/app/src/nmap-src/libpcap  conftest.c
configure:4676: $? = 0
configure:4676: result: yes
configure:4676: checking for sys/ioctl.h
configure:4676: result: yes
configure:4676: checking sys/un.h usability
configure:4676: arm-linux-androideabi-gcc -c -g -O2 -Wall  -I/home/francesco/Dropbox/Informatica/Programmazione/StudioProjects/ANmap/app/src/nmap-src/libpcap  conftest.c >&5
configure:4676: $? = 0
configure:4676: result: yes
configure:4676: checking sys/un.h presence
configure:4676: arm-linux-androideabi-gcc -E -I/home/francesco/Dropbox/Informatica/Programmazione/StudioProjects/ANmap/app/src/nmap-src/libpcap  conftest.c
configure:4676: $? = 0
configure:4676: result: yes
configure:4676: checking for sys/un.h
configure:4676: result: yes
configure:4676: checking netdb.h usability
configure:4676: arm-linux-androideabi-gcc -c -g -O2 -Wall  -I/home/francesco/Dropbox/Informatica/Programmazione/StudioProjects/ANmap/app/src/nmap-src/libpcap  conftest.c >&5
configure:4676: $? = 0
configure:4676: result: yes
configure:4676: checking netdb.h presence
configure:4676: arm-linux-androideabi-gcc -E -I/home/francesco/Dropbox/Informatica/Programmazione/StudioProjects/ANmap/app/src/nmap-src/libpcap  conftest.c
configure:4676: $? = 0
configure:4676: result: yes
configure:4676: checking for netdb.h
configure:4676: result: yes
configure:4711: checking openssl/ssl.h usability
configure:4711: arm-linux-androideabi-gcc -c -g -O2 -Wall  -I/home/francesco/Dropbox/Informatica/Programmazione/StudioProjects/ANmap/app/src/nmap-src/libpcap  conftest.c >&5
conftest.c:60:25: fatal error: openssl/ssl.h: No such file or directory
 #include <openssl/ssl.h>
                         ^
compilation terminated.
configure:4711: $? = 1
configure: failed program was:
| /* confdefs.h */
| #define PACKAGE_NAME ""
| #define PACKAGE_TARNAME ""
| #define PACKAGE_VERSION ""
| #define PACKAGE_STRING ""
| #define PACKAGE_BUGREPORT ""
| #define PACKAGE_URL ""
| #define LINUX 1
| #define STDC_HEADERS 1
| #define HAVE_SYS_TYPES_H 1
| #define HAVE_SYS_STAT_H 1
| #define HAVE_STDLIB_H 1
| #define HAVE_STRING_H 1
| #define HAVE_MEMORY_H 1
| #define HAVE_STRINGS_H 1
| #define HAVE_INTTYPES_H 1
| #define HAVE_STDINT_H 1
| #define HAVE_UNISTD_H 1
| #define HAVE_PCAP 1
| #define HAVE_EPOLL 1
| #define HAVE_POLL 1
| #define STDC_HEADERS 1
| #define HAVE_SYS_IOCTL_H 1
| #define HAVE_SYS_UN_H 1
| #define HAVE_NETDB_H 1
| /* end confdefs.h.  */
| #include <stdio.h>
| #ifdef HAVE_SYS_TYPES_H
| # include <sys/types.h>
| #endif
| #ifdef HAVE_SYS_STAT_H
| # include <sys/stat.h>
| #endif
| #ifdef STDC_HEADERS
| # include <stdlib.h>
| # include <stddef.h>
| #else
| # ifdef HAVE_STDLIB_H
| #  include <stdlib.h>
| # endif
| #endif
| #ifdef HAVE_STRING_H
| # if !defined STDC_HEADERS && defined HAVE_MEMORY_H
| #  include <memory.h>
| # endif
| # include <string.h>
| #endif
| #ifdef HAVE_STRINGS_H
| # include <strings.h>
| #endif
| #ifdef HAVE_INTTYPES_H
| # include <inttypes.h>
| #endif
| #ifdef HAVE_STDINT_H
| # include <stdint.h>
| #endif
| #ifdef HAVE_UNISTD_H
| # include <unistd.h>
| #endif
| #include <openssl/ssl.h>
configure:4711: result: no
configure:4711: checking openssl/ssl.h presence
configure:4711: arm-linux-androideabi-gcc -E -I/home/francesco/Dropbox/Informatica/Programmazione/StudioProjects/ANmap/app/src/nmap-src/libpcap  conftest.c
conftest.c:27:25: fatal error: openssl/ssl.h: No such file or directory
 #include <openssl/ssl.h>
                         ^
compilation terminated.
configure:4711: $? = 1
configure: failed program was:
| /* confdefs.h */
| #define PACKAGE_NAME ""
| #define PACKAGE_TARNAME ""
| #define PACKAGE_VERSION ""
| #define PACKAGE_STRING ""
| #define PACKAGE_BUGREPORT ""
| #define PACKAGE_URL ""
| #define LINUX 1
| #define STDC_HEADERS 1
| #define HAVE_SYS_TYPES_H 1
| #define HAVE_SYS_STAT_H 1
| #define HAVE_STDLIB_H 1
| #define HAVE_STRING_H 1
| #define HAVE_MEMORY_H 1
| #define HAVE_STRINGS_H 1
| #define HAVE_INTTYPES_H 1
| #define HAVE_STDINT_H 1
| #define HAVE_UNISTD_H 1
| #define HAVE_PCAP 1
| #define HAVE_EPOLL 1
| #define HAVE_POLL 1
| #define STDC_HEADERS 1
| #define HAVE_SYS_IOCTL_H 1
| #define HAVE_SYS_UN_H 1
| #define HAVE_NETDB_H 1
| /* end confdefs.h.  */
| #include <openssl/ssl.h>
configure:4711: result: no
configure:4711: checking for openssl/ssl.h
configure:4711: result: no
configure:4719: WARNING: Failed to find openssl/ssl.h so OpenSSL will not be used. If it is installed you can try the --with-openssl=DIR argument
configure:4830: checking for library containing dlopen
configure:4861: arm-linux-androideabi-gcc -o conftest -g -O2 -Wall  -I/home/francesco/Dropbox/Informatica/Programmazione/StudioProjects/ANmap/app/src/nmap-src/libpcap  -L/home/francesco/Dropbox/Informatica/Programmazione/StudioProjects/ANmap/app/src/nmap-src/libpcap  conftest.c  >&5
configure:4861: $? = 0
configure:4878: result: none required
configure:4897: checking for SSL_set_tlsext_host_name
configure:4910: arm-linux-androideabi-gcc -o conftest -g -O2 -Wall  -I/home/francesco/Dropbox/Informatica/Programmazione/StudioProjects/ANmap/app/src/nmap-src/libpcap  -L/home/francesco/Dropbox/Informatica/Programmazione/StudioProjects/ANmap/app/src/nmap-src/libpcap  conftest.c  >&5
conftest.c:27:25: fatal error: openssl/ssl.h: No such file or directory
 #include <openssl/ssl.h>
                         ^
compilation terminated.
configure:4910: $? = 1
configure: failed program was:
| /* confdefs.h */
| #define PACKAGE_NAME ""
| #define PACKAGE_TARNAME ""
| #define PACKAGE_VERSION ""
| #define PACKAGE_STRING ""
| #define PACKAGE_BUGREPORT ""
| #define PACKAGE_URL ""
| #define LINUX 1
| #define STDC_HEADERS 1
| #define HAVE_SYS_TYPES_H 1
| #define HAVE_SYS_STAT_H 1
| #define HAVE_STDLIB_H 1
| #define HAVE_STRING_H 1
| #define HAVE_MEMORY_H 1
| #define HAVE_STRINGS_H 1
| #define HAVE_INTTYPES_H 1
| #define HAVE_STDINT_H 1
| #define HAVE_UNISTD_H 1
| #define HAVE_PCAP 1
| #define HAVE_EPOLL 1
| #define HAVE_POLL 1
| #define STDC_HEADERS 1
| #define HAVE_SYS_IOCTL_H 1
| #define HAVE_SYS_UN_H 1
| #define HAVE_NETDB_H 1
| /* end confdefs.h.  */
| #include <openssl/ssl.h>
| int
| main ()
| {
| SSL_set_tlsext_host_name(NULL, NULL)
|   ;
|   return 0;
| }
configure:4915: result: no
configure:5064: creating ./config.status

## ---------------------- ##
## Running config.status. ##
## ---------------------- ##

This file was extended by config.status, which was
generated by GNU Autoconf 2.69.  Invocation command line was

  CONFIG_FILES    = 
  CONFIG_HEADERS  = 
  CONFIG_LINKS    = 
  CONFIG_COMMANDS = 
  $ ./config.status 

on francesco-desktop

config.status:822: creating Makefile
config.status:822: creating ../tests/Makefile
config.status:822: creating ../include/nsock_config.h
config.status:992: ../include/nsock_config.h is unchanged

## ---------------- ##
## Cache variables. ##
## ---------------- ##

ac_cv_build=x86_64-unknown-linux-gnu
ac_cv_c_compiler_gnu=yes
ac_cv_env_CC_set=
ac_cv_env_CC_value=
ac_cv_env_CFLAGS_set=
ac_cv_env_CFLAGS_value=
ac_cv_env_CPPFLAGS_set=
ac_cv_env_CPPFLAGS_value=
ac_cv_env_CPP_set=
ac_cv_env_CPP_value=
ac_cv_env_LDFLAGS_set=
ac_cv_env_LDFLAGS_value=
ac_cv_env_LIBS_set=
ac_cv_env_LIBS_value=
ac_cv_env_build_alias_set=
ac_cv_env_build_alias_value=
ac_cv_env_host_alias_set=set
ac_cv_env_host_alias_value=arm-linux-androideabi
ac_cv_env_target_alias_set=
ac_cv_env_target_alias_value=
ac_cv_func_gethostent=yes
ac_cv_func_kevent=no
ac_cv_func_kqueue=no
ac_cv_func_nanosleep=yes
ac_cv_func_setsockopt=yes
ac_cv_have_pcap_netmask_unknown=yes
ac_cv_header_inttypes_h=yes
ac_cv_header_linux_version_h=yes
ac_cv_header_memory_h=yes
ac_cv_header_net_bpf_h=no
ac_cv_header_netdb_h=yes
ac_cv_header_openssl_ssl_h=no
ac_cv_header_pcap_h=no
ac_cv_header_stdc=yes
ac_cv_header_stdint_h=yes
ac_cv_header_stdlib_h=yes
ac_cv_header_string_h=yes
ac_cv_header_strings_h=yes
ac_cv_header_sys_ioctl_h=yes
ac_cv_header_sys_stat_h=yes
ac_cv_header_sys_types_h=yes
ac_cv_header_sys_un_h=yes
ac_cv_header_unistd_h=yes
ac_cv_host=arm-unknown-linux-androideabi
ac_cv_objext=o
ac_cv_path_EGREP='/bin/grep -E'
ac_cv_path_GREP=/bin/grep
ac_cv_prog_CC=arm-linux-androideabi-gcc
ac_cv_prog_CPP='arm-linux-androideabi-gcc -E'
ac_cv_prog_RANLIB=arm-linux-androideabi-ranlib
ac_cv_prog_cc_c89=
ac_cv_prog_cc_g=yes
ac_cv_search_dlopen='none required'
ax_cv_have_epoll=yes
ax_cv_have_poll=yes

## ----------------- ##
## Output variables. ##
## ----------------- ##

CC='arm-linux-androideabi-gcc'
CFLAGS='-g -O2 -Wall '
CPP='arm-linux-androideabi-gcc -E'
CPPFLAGS='-I/home/francesco/Dropbox/Informatica/Programmazione/StudioProjects/ANmap/app/src/nmap-src/libpcap  -I/home/francesco/Dropbox/Informatica/Programmazione/StudioProjects/ANmap/app/src/nmap-src/nbase'
DEFS='-DHAVE_CONFIG_H'
ECHO_C=''
ECHO_N='-n'
ECHO_T=''
EGREP='/bin/grep -E'
EXEEXT=''
GREP='/bin/grep'
LDFLAGS='-L/home/francesco/Dropbox/Informatica/Programmazione/StudioProjects/ANmap/app/src/nmap-src/libpcap  -L/home/francesco/Dropbox/Informatica/Programmazione/StudioProjects/ANmap/app/src/nmap-src/nbase'
LIBNBASE_LIBS=' -lnbase'
LIBOBJS=''
LIBPCAP_LIBS='/home/francesco/Dropbox/Informatica/Programmazione/StudioProjects/ANmap/app/src/nmap-src/libpcap/libpcap.a'
LIBS=''
LTLIBOBJS=''
NBASEDIR='/home/francesco/Dropbox/Informatica/Programmazione/StudioProjects/ANmap/app/src/nmap-src/nbase'
NSOCKTESTDIR='../tests'
OBJEXT='o'
OPENSSL_LIBS=''
PACKAGE_BUGREPORT=''
PACKAGE_NAME=''
PACKAGE_STRING=''
PACKAGE_TARNAME=''
PACKAGE_URL=''
PACKAGE_VERSION=''
PATH_SEPARATOR=':'
RANLIB='arm-linux-androideabi-ranlib'
SHELL='/bin/bash'
ac_ct_CC=''
bindir='${exec_prefix}/bin'
build='x86_64-unknown-linux-gnu'
build_alias=''
build_cpu='x86_64'
build_os='linux-gnu'
build_vendor='unknown'
datadir='${datarootdir}'
datarootdir='${prefix}/share'
docdir='${datarootdir}/doc/${PACKAGE}'
dvidir='${docdir}'
exec_prefix='${prefix}'
host='arm-unknown-linux-androideabi'
host_alias='arm-linux-androideabi'
host_cpu='arm'
host_os='linux-androideabi'
host_vendor='unknown'
htmldir='${docdir}'
includedir='${prefix}/include'
infodir='${datarootdir}/info'
libdir='${exec_prefix}/lib'
libexecdir='${exec_prefix}/libexec'
localedir='${datarootdir}/locale'
localstatedir='${prefix}/var'
mandir='${datarootdir}/man'
oldincludedir='/usr/include'
pdfdir='${docdir}'
prefix='/usr/local'
program_transform_name='s,x,x,'
psdir='${docdir}'
sbindir='${exec_prefix}/sbin'
sharedstatedir='${prefix}/com'
sysconfdir='${prefix}/etc'
target_alias=''

## ----------- ##
## confdefs.h. ##
## ----------- ##

/* confdefs.h */
#define PACKAGE_NAME ""
#define PACKAGE_TARNAME ""
#define PACKAGE_VERSION ""
#define PACKAGE_STRING ""
#define PACKAGE_BUGREPORT ""
#define PACKAGE_URL ""
#define LINUX 1
#define STDC_HEADERS 1
#define HAVE_SYS_TYPES_H 1
#define HAVE_SYS_STAT_H 1
#define HAVE_STDLIB_H 1
#define HAVE_STRING_H 1
#define HAVE_MEMORY_H 1
#define HAVE_STRINGS_H 1
#define HAVE_INTTYPES_H 1
#define HAVE_STDINT_H 1
#define HAVE_UNISTD_H 1
#define HAVE_PCAP 1
#define HAVE_EPOLL 1
#define HAVE_POLL 1
#define STDC_HEADERS 1
#define HAVE_SYS_IOCTL_H 1
#define HAVE_SYS_UN_H 1
#define HAVE_NETDB_H 1

configure: exit 0
