This file contains any messages produced by compilers while
running configure, to aid debugging if configure makes a mistake.

It was created by configure, which was
generated by GNU Autoconf 2.69.  Invocation command line was

  $ ./configure --disable-option-checking --prefix=/usr/local --host=arm-linux-androideabi --without-zenmap --with-liblua=included --with-pcap=linux --with-libpcap=internal --enable-static --without-ndiff --without-nping --without-nmap-update --without-ncat host_alias=arm-linux-androideabi --cache-file=/dev/null --srcdir=.

## --------- ##
## Platform. ##
## --------- ##

hostname = francesco-desktop
uname -m = x86_64
uname -r = 4.2.0-34-generic
uname -s = Linux
uname -v = #39-Ubuntu SMP Thu Mar 10 22:13:01 UTC 2016

/usr/bin/uname -p = unknown
/bin/uname -X     = unknown

/bin/arch              = unknown
/usr/bin/arch -k       = unknown
/usr/convex/getsysinfo = unknown
/usr/bin/hostinfo      = unknown
/bin/machine           = unknown
/usr/bin/oslevel       = unknown
/bin/universe          = unknown

PATH: /home/francesco/Dropbox/bin/android-toolchain/bin
PATH: /home/francesco/Dropbox/bin/android-sdk/ndk-bundle/
PATH: /home/francesco/Dropbox/bin/android-sdk/platform-tools
PATH: /home/francesco/Dropbox/bin/android-studio/bin
PATH: /home/francesco/Dropbox/bin/netbeans-8.1/bin
PATH: /home/francesco/Dropbox/bin/jdk1.8.0_73/bin
PATH: /home/francesco-ubn/bin
PATH: /home/francesco/Dropbox/bin/android-sdk/ndk-bundle/
PATH: /home/francesco/Dropbox/bin/android-sdk/platform-tools
PATH: /home/francesco/Dropbox/bin/android-studio/bin
PATH: /home/francesco/Dropbox/bin/netbeans-8.1/bin
PATH: /home/francesco/Dropbox/bin/jdk1.8.0_73/bin
PATH: /home/francesco-ubn/bin
PATH: /usr/local/sbin
PATH: /usr/local/bin
PATH: /usr/sbin
PATH: /usr/bin
PATH: /sbin
PATH: /bin
PATH: /usr/games
PATH: /usr/local/games


## ----------- ##
## Core tests. ##
## ----------- ##

configure:2274: checking for arm-linux-androideabi-gcc
configure:2290: found /home/francesco/Dropbox/bin/android-toolchain/bin/arm-linux-androideabi-gcc
configure:2301: result: arm-linux-androideabi-gcc
configure:2570: checking for C compiler version
configure:2579: arm-linux-androideabi-gcc --version >&5
arm-linux-androideabi-gcc (GCC) 4.9 20150123 (prerelease)
Copyright (C) 2014 Free Software Foundation, Inc.
This is free software; see the source for copying conditions.  There is NO
warranty; not even for MERCHANTABILITY or FITNESS FOR A PARTICULAR PURPOSE.

configure:2590: $? = 0
configure:2579: arm-linux-androideabi-gcc -v >&5
Using built-in specs.
COLLECT_GCC=arm-linux-androideabi-gcc
COLLECT_LTO_WRAPPER=/home/francesco/Dropbox/bin/android-toolchain/bin/../libexec/gcc/arm-linux-androideabi/4.9/lto-wrapper
Target: arm-linux-androideabi
Configured with: /usr/local/google/buildbot/src/android/gcc/toolchain/build/../gcc/gcc-4.9/configure --prefix=/tmp/002ff922da42f0f80603ab1715cd43d4 --target=arm-linux-androideabi --host=x86_64-linux-gnu --build=x86_64-linux-gnu --with-gnu-as --with-gnu-ld --enable-languages=c,c++ --with-gmp=/buildbot/tmp/build/toolchain/temp-install --with-mpfr=/buildbot/tmp/build/toolchain/temp-install --with-mpc=/buildbot/tmp/build/toolchain/temp-install --with-cloog=/buildbot/tmp/build/toolchain/temp-install --with-isl=/buildbot/tmp/build/toolchain/temp-install --with-ppl=/buildbot/tmp/build/toolchain/temp-install --disable-ppl-version-check --disable-cloog-version-check --disable-isl-version-check --enable-cloog-backend=isl --with-host-libstdcxx='-static-libgcc -Wl,-Bstatic,-lstdc++,-Bdynamic -lm' --disable-libssp --enable-threads --disable-nls --disable-libmudflap --disable-libgomp --disable-libstdc__-v3 --disable-sjlj-exceptions --disable-shared --disable-tls --disable-libitm --with-float=soft --with-fpu=vfp --with-arch=armv5te --enable-target-optspace --enable-initfini-array --disable-nls --prefix=/tmp/002ff922da42f0f80603ab1715cd43d4 --with-sysroot=/tmp/002ff922da42f0f80603ab1715cd43d4/sysroot --with-binutils-version=2.25 --with-mpfr-version=3.1.1 --with-mpc-version=1.0.1 --with-gmp-version=5.0.5 --with-gcc-version=4.9 --with-gdb-version=none --with-gxx-include-dir=/tmp/002ff922da42f0f80603ab1715cd43d4/include/c++/4.9 --with-bugurl=http://source.android.com/source/report-bugs.html --enable-languages=c,c++ --disable-bootstrap --enable-plugins --enable-libgomp --enable-gnu-indirect-function --disable-libsanitizer --enable-gold --enable-threads --enable-eh-frame-hdr-for-static --enable-graphite=yes --with-isl-version=0.11.1 --with-cloog-version=0.18.0 --with-arch=armv5te --program-transform-name='s&^&arm-linux-androideabi-&' --enable-gold=default
Thread model: posix
gcc version 4.9 20150123 (prerelease) (GCC) 
configure:2590: $? = 0
configure:2579: arm-linux-androideabi-gcc -V >&5
arm-linux-androideabi-gcc: error: unrecognized command line option '-V'
arm-linux-androideabi-gcc: fatal error: no input files
compilation terminated.
configure:2590: $? = 1
configure:2579: arm-linux-androideabi-gcc -qversion >&5
arm-linux-androideabi-gcc: error: unrecognized command line option '-qversion'
arm-linux-androideabi-gcc: fatal error: no input files
compilation terminated.
configure:2590: $? = 1
configure:2610: checking whether the C compiler works
configure:2632: arm-linux-androideabi-gcc    conftest.c  >&5
configure:2636: $? = 0
configure:2684: result: yes
configure:2687: checking for C compiler default output file name
configure:2689: result: a.out
configure:2695: checking for suffix of executables
configure:2702: arm-linux-androideabi-gcc -o conftest    conftest.c  >&5
configure:2706: $? = 0
configure:2728: result: 
configure:2750: checking whether we are cross compiling
configure:2758: arm-linux-androideabi-gcc -o conftest    conftest.c  >&5
configure:2762: $? = 0
configure:2769: ./conftest
./configure: line 2771: ./conftest: cannot execute binary file: Exec format error
configure:2773: $? = 126
configure:2788: result: yes
configure:2793: checking for suffix of object files
configure:2815: arm-linux-androideabi-gcc -c   conftest.c >&5
configure:2819: $? = 0
configure:2840: result: o
configure:2844: checking whether we are using the GNU C compiler
configure:2863: arm-linux-androideabi-gcc -c   conftest.c >&5
configure:2863: $? = 0
configure:2872: result: yes
configure:2881: checking whether arm-linux-androideabi-gcc accepts -g
configure:2901: arm-linux-androideabi-gcc -c -g  conftest.c >&5
configure:2901: $? = 0
configure:2942: result: yes
configure:2959: checking for arm-linux-androideabi-gcc option to accept ISO C89
configure:3022: arm-linux-androideabi-gcc  -c -g -O2  conftest.c >&5
configure:3022: $? = 0
configure:3035: result: none needed
configure:3062: checking for arm-linux-androideabi-ranlib
configure:3078: found /home/francesco/Dropbox/bin/android-toolchain/bin/arm-linux-androideabi-ranlib
configure:3089: result: arm-linux-androideabi-ranlib
configure:3185: checking build system type
configure:3199: result: x86_64-unknown-linux-gnu
configure:3219: checking host system type
configure:3232: result: arm-unknown-linux-androideabi
configure:3254: checking for inline
configure:3270: arm-linux-androideabi-gcc -c -g -O2 -Wall   conftest.c >&5
configure:3270: $? = 0
configure:3278: result: inline
configure:3311: checking how to run the C preprocessor
configure:3342: arm-linux-androideabi-gcc -E  conftest.c
configure:3342: $? = 0
configure:3356: arm-linux-androideabi-gcc -E  conftest.c
conftest.c:9:28: fatal error: ac_nonexistent.h: No such file or directory
 #include <ac_nonexistent.h>
                            ^
compilation terminated.
configure:3356: $? = 1
configure: failed program was:
| /* confdefs.h */
| #define PACKAGE_NAME ""
| #define PACKAGE_TARNAME ""
| #define PACKAGE_VERSION ""
| #define PACKAGE_STRING ""
| #define PACKAGE_BUGREPORT ""
| #define PACKAGE_URL ""
| /* end confdefs.h.  */
| #include <ac_nonexistent.h>
configure:3381: result: arm-linux-androideabi-gcc -E
configure:3401: arm-linux-androideabi-gcc -E  conftest.c
configure:3401: $? = 0
configure:3415: arm-linux-androideabi-gcc -E  conftest.c
conftest.c:9:28: fatal error: ac_nonexistent.h: No such file or directory
 #include <ac_nonexistent.h>
                            ^
compilation terminated.
configure:3415: $? = 1
configure: failed program was:
| /* confdefs.h */
| #define PACKAGE_NAME ""
| #define PACKAGE_TARNAME ""
| #define PACKAGE_VERSION ""
| #define PACKAGE_STRING ""
| #define PACKAGE_BUGREPORT ""
| #define PACKAGE_URL ""
| /* end confdefs.h.  */
| #include <ac_nonexistent.h>
configure:3444: checking for grep that handles long lines and -e
configure:3502: result: /bin/grep
configure:3507: checking for egrep
configure:3569: result: /bin/grep -E
configure:3574: checking for ANSI C header files
configure:3594: arm-linux-androideabi-gcc -c -g -O2 -Wall   conftest.c >&5
configure:3594: $? = 0
configure:3678: result: yes
configure:3691: checking for sys/types.h
configure:3691: arm-linux-androideabi-gcc -c -g -O2 -Wall   conftest.c >&5
configure:3691: $? = 0
configure:3691: result: yes
configure:3691: checking for sys/stat.h
configure:3691: arm-linux-androideabi-gcc -c -g -O2 -Wall   conftest.c >&5
configure:3691: $? = 0
configure:3691: result: yes
configure:3691: checking for stdlib.h
configure:3691: arm-linux-androideabi-gcc -c -g -O2 -Wall   conftest.c >&5
configure:3691: $? = 0
configure:3691: result: yes
configure:3691: checking for string.h
configure:3691: arm-linux-androideabi-gcc -c -g -O2 -Wall   conftest.c >&5
configure:3691: $? = 0
configure:3691: result: yes
configure:3691: checking for memory.h
configure:3691: arm-linux-androideabi-gcc -c -g -O2 -Wall   conftest.c >&5
configure:3691: $? = 0
configure:3691: result: yes
configure:3691: checking for strings.h
configure:3691: arm-linux-androideabi-gcc -c -g -O2 -Wall   conftest.c >&5
configure:3691: $? = 0
configure:3691: result: yes
configure:3691: checking for inttypes.h
configure:3691: arm-linux-androideabi-gcc -c -g -O2 -Wall   conftest.c >&5
configure:3691: $? = 0
configure:3691: result: yes
configure:3691: checking for stdint.h
configure:3691: arm-linux-androideabi-gcc -c -g -O2 -Wall   conftest.c >&5
configure:3691: $? = 0
configure:3691: result: yes
configure:3691: checking for unistd.h
configure:3691: arm-linux-androideabi-gcc -c -g -O2 -Wall   conftest.c >&5
configure:3691: $? = 0
configure:3691: result: yes
configure:3706: checking for string.h
configure:3706: result: yes
configure:3706: checking getopt.h usability
configure:3706: arm-linux-androideabi-gcc -c -g -O2 -Wall   conftest.c >&5
configure:3706: $? = 0
configure:3706: result: yes
configure:3706: checking getopt.h presence
configure:3706: arm-linux-androideabi-gcc -E  conftest.c
configure:3706: $? = 0
configure:3706: result: yes
configure:3706: checking for getopt.h
configure:3706: result: yes
configure:3706: checking for strings.h
configure:3706: result: yes
configure:3706: checking sys/param.h usability
configure:3706: arm-linux-androideabi-gcc -c -g -O2 -Wall   conftest.c >&5
configure:3706: $? = 0
configure:3706: result: yes
configure:3706: checking sys/param.h presence
configure:3706: arm-linux-androideabi-gcc -E  conftest.c
configure:3706: $? = 0
configure:3706: result: yes
configure:3706: checking for sys/param.h
configure:3706: result: yes
configure:3706: checking sys/time.h usability
configure:3706: arm-linux-androideabi-gcc -c -g -O2 -Wall   conftest.c >&5
configure:3706: $? = 0
configure:3706: result: yes
configure:3706: checking sys/time.h presence
configure:3706: arm-linux-androideabi-gcc -E  conftest.c
configure:3706: $? = 0
configure:3706: result: yes
configure:3706: checking for sys/time.h
configure:3706: result: yes
configure:3706: checking for unistd.h
configure:3706: result: yes
configure:3706: checking errno.h usability
configure:3706: arm-linux-androideabi-gcc -c -g -O2 -Wall   conftest.c >&5
configure:3706: $? = 0
configure:3706: result: yes
configure:3706: checking errno.h presence
configure:3706: arm-linux-androideabi-gcc -E  conftest.c
configure:3706: $? = 0
configure:3706: result: yes
configure:3706: checking for errno.h
configure:3706: result: yes
configure:3706: checking sys/select.h usability
configure:3706: arm-linux-androideabi-gcc -c -g -O2 -Wall   conftest.c >&5
configure:3706: $? = 0
configure:3706: result: yes
configure:3706: checking sys/select.h presence
configure:3706: arm-linux-androideabi-gcc -E  conftest.c
configure:3706: $? = 0
configure:3706: result: yes
configure:3706: checking for sys/select.h
configure:3706: result: yes
configure:3706: checking for sys/types.h
configure:3706: result: yes
configure:3706: checking sys/socket.h usability
configure:3706: arm-linux-androideabi-gcc -c -g -O2 -Wall   conftest.c >&5
configure:3706: $? = 0
configure:3706: result: yes
configure:3706: checking sys/socket.h presence
configure:3706: arm-linux-androideabi-gcc -E  conftest.c
configure:3706: $? = 0
configure:3706: result: yes
configure:3706: checking for sys/socket.h
configure:3706: result: yes
configure:3706: checking netinet/in.h usability
configure:3706: arm-linux-androideabi-gcc -c -g -O2 -Wall   conftest.c >&5
configure:3706: $? = 0
configure:3706: result: yes
configure:3706: checking netinet/in.h presence
configure:3706: arm-linux-androideabi-gcc -E  conftest.c
configure:3706: $? = 0
configure:3706: result: yes
configure:3706: checking for netinet/in.h
configure:3706: result: yes
configure:3706: checking arpa/inet.h usability
configure:3706: arm-linux-androideabi-gcc -c -g -O2 -Wall   conftest.c >&5
configure:3706: $? = 0
configure:3706: result: yes
configure:3706: checking arpa/inet.h presence
configure:3706: arm-linux-androideabi-gcc -E  conftest.c
configure:3706: $? = 0
configure:3706: result: yes
configure:3706: checking for arpa/inet.h
configure:3706: result: yes
configure:3706: checking for sys/stat.h
configure:3706: result: yes
configure:3706: checking netdb.h usability
configure:3706: arm-linux-androideabi-gcc -c -g -O2 -Wall   conftest.c >&5
configure:3706: $? = 0
configure:3706: result: yes
configure:3706: checking netdb.h presence
configure:3706: arm-linux-androideabi-gcc -E  conftest.c
configure:3706: $? = 0
configure:3706: result: yes
configure:3706: checking for netdb.h
configure:3706: result: yes
configure:3706: checking sys/wait.h usability
configure:3706: arm-linux-androideabi-gcc -c -g -O2 -Wall   conftest.c >&5
configure:3706: $? = 0
configure:3706: result: yes
configure:3706: checking sys/wait.h presence
configure:3706: arm-linux-androideabi-gcc -E  conftest.c
configure:3706: $? = 0
configure:3706: result: yes
configure:3706: checking for sys/wait.h
configure:3706: result: yes
configure:3706: checking fcntl.h usability
configure:3706: arm-linux-androideabi-gcc -c -g -O2 -Wall   conftest.c >&5
configure:3706: $? = 0
configure:3706: result: yes
configure:3706: checking fcntl.h presence
configure:3706: arm-linux-androideabi-gcc -E  conftest.c
configure:3706: $? = 0
configure:3706: result: yes
configure:3706: checking for fcntl.h
configure:3706: result: yes
configure:3706: checking sys/resource.h usability
configure:3706: arm-linux-androideabi-gcc -c -g -O2 -Wall   conftest.c >&5
configure:3706: $? = 0
configure:3706: result: yes
configure:3706: checking sys/resource.h presence
configure:3706: arm-linux-androideabi-gcc -E  conftest.c
configure:3706: $? = 0
configure:3706: result: yes
configure:3706: checking for sys/resource.h
configure:3706: result: yes
configure:3706: checking for inttypes.h
configure:3706: result: yes
configure:3706: checking mach-o/dyld.h usability
configure:3706: arm-linux-androideabi-gcc -c -g -O2 -Wall   conftest.c >&5
conftest.c:70:25: fatal error: mach-o/dyld.h: No such file or directory
 #include <mach-o/dyld.h>
                         ^
compilation terminated.
configure:3706: $? = 1
configure: failed program was:
| /* confdefs.h */
| #define PACKAGE_NAME ""
| #define PACKAGE_TARNAME ""
| #define PACKAGE_VERSION ""
| #define PACKAGE_STRING ""
| #define PACKAGE_BUGREPORT ""
| #define PACKAGE_URL ""
| #define STDC_HEADERS 1
| #define HAVE_SYS_TYPES_H 1
| #define HAVE_SYS_STAT_H 1
| #define HAVE_STDLIB_H 1
| #define HAVE_STRING_H 1
| #define HAVE_MEMORY_H 1
| #define HAVE_STRINGS_H 1
| #define HAVE_INTTYPES_H 1
| #define HAVE_STDINT_H 1
| #define HAVE_UNISTD_H 1
| #define HAVE_STRING_H 1
| #define HAVE_GETOPT_H 1
| #define HAVE_STRINGS_H 1
| #define HAVE_SYS_PARAM_H 1
| #define HAVE_SYS_TIME_H 1
| #define HAVE_UNISTD_H 1
| #define HAVE_ERRNO_H 1
| #define HAVE_SYS_SELECT_H 1
| #define HAVE_SYS_TYPES_H 1
| #define HAVE_SYS_SOCKET_H 1
| #define HAVE_NETINET_IN_H 1
| #define HAVE_ARPA_INET_H 1
| #define HAVE_SYS_STAT_H 1
| #define HAVE_NETDB_H 1
| #define HAVE_SYS_WAIT_H 1
| #define HAVE_FCNTL_H 1
| #define HAVE_SYS_RESOURCE_H 1
| #define HAVE_INTTYPES_H 1
| /* end confdefs.h.  */
| #include <stdio.h>
| #ifdef HAVE_SYS_TYPES_H
| # include <sys/types.h>
| #endif
| #ifdef HAVE_SYS_STAT_H
| # include <sys/stat.h>
| #endif
| #ifdef STDC_HEADERS
| # include <stdlib.h>
| # include <stddef.h>
| #else
| # ifdef HAVE_STDLIB_H
| #  include <stdlib.h>
| # endif
| #endif
| #ifdef HAVE_STRING_H
| # if !defined STDC_HEADERS && defined HAVE_MEMORY_H
| #  include <memory.h>
| # endif
| # include <string.h>
| #endif
| #ifdef HAVE_STRINGS_H
| # include <strings.h>
| #endif
| #ifdef HAVE_INTTYPES_H
| # include <inttypes.h>
| #endif
| #ifdef HAVE_STDINT_H
| # include <stdint.h>
| #endif
| #ifdef HAVE_UNISTD_H
| # include <unistd.h>
| #endif
| #include <mach-o/dyld.h>
configure:3706: result: no
configure:3706: checking mach-o/dyld.h presence
configure:3706: arm-linux-androideabi-gcc -E  conftest.c
conftest.c:37:25: fatal error: mach-o/dyld.h: No such file or directory
 #include <mach-o/dyld.h>
                         ^
compilation terminated.
configure:3706: $? = 1
configure: failed program was:
| /* confdefs.h */
| #define PACKAGE_NAME ""
| #define PACKAGE_TARNAME ""
| #define PACKAGE_VERSION ""
| #define PACKAGE_STRING ""
| #define PACKAGE_BUGREPORT ""
| #define PACKAGE_URL ""
| #define STDC_HEADERS 1
| #define HAVE_SYS_TYPES_H 1
| #define HAVE_SYS_STAT_H 1
| #define HAVE_STDLIB_H 1
| #define HAVE_STRING_H 1
| #define HAVE_MEMORY_H 1
| #define HAVE_STRINGS_H 1
| #define HAVE_INTTYPES_H 1
| #define HAVE_STDINT_H 1
| #define HAVE_UNISTD_H 1
| #define HAVE_STRING_H 1
| #define HAVE_GETOPT_H 1
| #define HAVE_STRINGS_H 1
| #define HAVE_SYS_PARAM_H 1
| #define HAVE_SYS_TIME_H 1
| #define HAVE_UNISTD_H 1
| #define HAVE_ERRNO_H 1
| #define HAVE_SYS_SELECT_H 1
| #define HAVE_SYS_TYPES_H 1
| #define HAVE_SYS_SOCKET_H 1
| #define HAVE_NETINET_IN_H 1
| #define HAVE_ARPA_INET_H 1
| #define HAVE_SYS_STAT_H 1
| #define HAVE_NETDB_H 1
| #define HAVE_SYS_WAIT_H 1
| #define HAVE_FCNTL_H 1
| #define HAVE_SYS_RESOURCE_H 1
| #define HAVE_INTTYPES_H 1
| /* end confdefs.h.  */
| #include <mach-o/dyld.h>
configure:3706: result: no
configure:3706: checking for mach-o/dyld.h
configure:3706: result: no
configure:3716: checking whether time.h and sys/time.h may both be included
configure:3736: arm-linux-androideabi-gcc -c -g -O2 -Wall   conftest.c >&5
configure:3736: $? = 0
configure:3743: result: yes
configure:3753: checking for sys/socket.h
configure:3753: result: yes
configure:3765: checking for net/if.h
configure:3765: arm-linux-androideabi-gcc -c -g -O2 -Wall   conftest.c >&5
configure:3765: $? = 0
configure:3765: result: yes
configure:3789: checking for __attribute__
configure:3818: arm-linux-androideabi-gcc -c -g -O2 -Wall   conftest.c >&5
configure:3818: $? = 0
configure:3833: result: yes
configure:3839: checking if sockaddr{} has sa_len member
configure:3857: arm-linux-androideabi-gcc -c -g -O2 -Wall   conftest.c >&5
conftest.c: In function 'main':
conftest.c:47:47: error: 'struct sockaddr' has no member named 'sa_len'
 unsigned int i = sizeof(((struct sockaddr *)0)->sa_len)
                                               ^
conftest.c:47:14: warning: unused variable 'i' [-Wunused-variable]
 unsigned int i = sizeof(((struct sockaddr *)0)->sa_len)
              ^
configure:3857: $? = 1
configure: failed program was:
| /* confdefs.h */
| #define PACKAGE_NAME ""
| #define PACKAGE_TARNAME ""
| #define PACKAGE_VERSION ""
| #define PACKAGE_STRING ""
| #define PACKAGE_BUGREPORT ""
| #define PACKAGE_URL ""
| #define STDC_HEADERS 1
| #define HAVE_SYS_TYPES_H 1
| #define HAVE_SYS_STAT_H 1
| #define HAVE_STDLIB_H 1
| #define HAVE_STRING_H 1
| #define HAVE_MEMORY_H 1
| #define HAVE_STRINGS_H 1
| #define HAVE_INTTYPES_H 1
| #define HAVE_STDINT_H 1
| #define HAVE_UNISTD_H 1
| #define HAVE_STRING_H 1
| #define HAVE_GETOPT_H 1
| #define HAVE_STRINGS_H 1
| #define HAVE_SYS_PARAM_H 1
| #define HAVE_SYS_TIME_H 1
| #define HAVE_UNISTD_H 1
| #define HAVE_ERRNO_H 1
| #define HAVE_SYS_SELECT_H 1
| #define HAVE_SYS_TYPES_H 1
| #define HAVE_SYS_SOCKET_H 1
| #define HAVE_NETINET_IN_H 1
| #define HAVE_ARPA_INET_H 1
| #define HAVE_SYS_STAT_H 1
| #define HAVE_NETDB_H 1
| #define HAVE_SYS_WAIT_H 1
| #define HAVE_FCNTL_H 1
| #define HAVE_SYS_RESOURCE_H 1
| #define HAVE_INTTYPES_H 1
| #define TIME_WITH_SYS_TIME 1
| #define HAVE_SYS_SOCKET_H 1
| #define HAVE_NET_IF_H 1
| #define HAVE___ATTRIBUTE__ 1
| /* end confdefs.h.  */
| 
|                #include <sys/types.h>
|                #include <sys/socket.h>
| int
| main ()
| {
| unsigned int i = sizeof(((struct sockaddr *)0)->sa_len)
|   ;
|   return 0;
| }
configure:3864: result: no
configure:3871: checking whether byte ordering is bigendian
configure:3886: arm-linux-androideabi-gcc -c -g -O2 -Wall   conftest.c >&5
conftest.c:42:9: error: unknown type name 'not'
         not a universal capable compiler
         ^
conftest.c:42:15: error: expected '=', ',', ';', 'asm' or '__attribute__' before 'universal'
         not a universal capable compiler
               ^
conftest.c:42:15: error: unknown type name 'universal'
configure:3886: $? = 1
configure: failed program was:
| /* confdefs.h */
| #define PACKAGE_NAME ""
| #define PACKAGE_TARNAME ""
| #define PACKAGE_VERSION ""
| #define PACKAGE_STRING ""
| #define PACKAGE_BUGREPORT ""
| #define PACKAGE_URL ""
| #define STDC_HEADERS 1
| #define HAVE_SYS_TYPES_H 1
| #define HAVE_SYS_STAT_H 1
| #define HAVE_STDLIB_H 1
| #define HAVE_STRING_H 1
| #define HAVE_MEMORY_H 1
| #define HAVE_STRINGS_H 1
| #define HAVE_INTTYPES_H 1
| #define HAVE_STDINT_H 1
| #define HAVE_UNISTD_H 1
| #define HAVE_STRING_H 1
| #define HAVE_GETOPT_H 1
| #define HAVE_STRINGS_H 1
| #define HAVE_SYS_PARAM_H 1
| #define HAVE_SYS_TIME_H 1
| #define HAVE_UNISTD_H 1
| #define HAVE_ERRNO_H 1
| #define HAVE_SYS_SELECT_H 1
| #define HAVE_SYS_TYPES_H 1
| #define HAVE_SYS_SOCKET_H 1
| #define HAVE_NETINET_IN_H 1
| #define HAVE_ARPA_INET_H 1
| #define HAVE_SYS_STAT_H 1
| #define HAVE_NETDB_H 1
| #define HAVE_SYS_WAIT_H 1
| #define HAVE_FCNTL_H 1
| #define HAVE_SYS_RESOURCE_H 1
| #define HAVE_INTTYPES_H 1
| #define TIME_WITH_SYS_TIME 1
| #define HAVE_SYS_SOCKET_H 1
| #define HAVE_NET_IF_H 1
| #define HAVE___ATTRIBUTE__ 1
| /* end confdefs.h.  */
| #ifndef __APPLE_CC__
| 	       not a universal capable compiler
| 	     #endif
| 	     typedef int dummy;
| 
configure:3931: arm-linux-androideabi-gcc -c -g -O2 -Wall   conftest.c >&5
conftest.c: In function 'main':
conftest.c:48:8: error: unknown type name 'bogus'
        bogus endian macros
        ^
conftest.c:48:21: error: expected '=', ',', ';', 'asm' or '__attribute__' before 'macros'
        bogus endian macros
                     ^
configure:3931: $? = 1
configure: failed program was:
| /* confdefs.h */
| #define PACKAGE_NAME ""
| #define PACKAGE_TARNAME ""
| #define PACKAGE_VERSION ""
| #define PACKAGE_STRING ""
| #define PACKAGE_BUGREPORT ""
| #define PACKAGE_URL ""
| #define STDC_HEADERS 1
| #define HAVE_SYS_TYPES_H 1
| #define HAVE_SYS_STAT_H 1
| #define HAVE_STDLIB_H 1
| #define HAVE_STRING_H 1
| #define HAVE_MEMORY_H 1
| #define HAVE_STRINGS_H 1
| #define HAVE_INTTYPES_H 1
| #define HAVE_STDINT_H 1
| #define HAVE_UNISTD_H 1
| #define HAVE_STRING_H 1
| #define HAVE_GETOPT_H 1
| #define HAVE_STRINGS_H 1
| #define HAVE_SYS_PARAM_H 1
| #define HAVE_SYS_TIME_H 1
| #define HAVE_UNISTD_H 1
| #define HAVE_ERRNO_H 1
| #define HAVE_SYS_SELECT_H 1
| #define HAVE_SYS_TYPES_H 1
| #define HAVE_SYS_SOCKET_H 1
| #define HAVE_NETINET_IN_H 1
| #define HAVE_ARPA_INET_H 1
| #define HAVE_SYS_STAT_H 1
| #define HAVE_NETDB_H 1
| #define HAVE_SYS_WAIT_H 1
| #define HAVE_FCNTL_H 1
| #define HAVE_SYS_RESOURCE_H 1
| #define HAVE_INTTYPES_H 1
| #define TIME_WITH_SYS_TIME 1
| #define HAVE_SYS_SOCKET_H 1
| #define HAVE_NET_IF_H 1
| #define HAVE___ATTRIBUTE__ 1
| /* end confdefs.h.  */
| #include <sys/types.h>
| 	     #include <sys/param.h>
| 
| int
| main ()
| {
| #if ! (defined BYTE_ORDER && defined BIG_ENDIAN 		     && defined LITTLE_ENDIAN && BYTE_ORDER && BIG_ENDIAN 		     && LITTLE_ENDIAN)
| 	      bogus endian macros
| 	     #endif
| 
|   ;
|   return 0;
| }
configure:3975: arm-linux-androideabi-gcc -c -g -O2 -Wall   conftest.c >&5
conftest.c: In function 'main':
conftest.c:47:8: error: unknown type name 'bogus'
        bogus endian macros
        ^
conftest.c:47:21: error: expected '=', ',', ';', 'asm' or '__attribute__' before 'macros'
        bogus endian macros
                     ^
configure:3975: $? = 1
configure: failed program was:
| /* confdefs.h */
| #define PACKAGE_NAME ""
| #define PACKAGE_TARNAME ""
| #define PACKAGE_VERSION ""
| #define PACKAGE_STRING ""
| #define PACKAGE_BUGREPORT ""
| #define PACKAGE_URL ""
| #define STDC_HEADERS 1
| #define HAVE_SYS_TYPES_H 1
| #define HAVE_SYS_STAT_H 1
| #define HAVE_STDLIB_H 1
| #define HAVE_STRING_H 1
| #define HAVE_MEMORY_H 1
| #define HAVE_STRINGS_H 1
| #define HAVE_INTTYPES_H 1
| #define HAVE_STDINT_H 1
| #define HAVE_UNISTD_H 1
| #define HAVE_STRING_H 1
| #define HAVE_GETOPT_H 1
| #define HAVE_STRINGS_H 1
| #define HAVE_SYS_PARAM_H 1
| #define HAVE_SYS_TIME_H 1
| #define HAVE_UNISTD_H 1
| #define HAVE_ERRNO_H 1
| #define HAVE_SYS_SELECT_H 1
| #define HAVE_SYS_TYPES_H 1
| #define HAVE_SYS_SOCKET_H 1
| #define HAVE_NETINET_IN_H 1
| #define HAVE_ARPA_INET_H 1
| #define HAVE_SYS_STAT_H 1
| #define HAVE_NETDB_H 1
| #define HAVE_SYS_WAIT_H 1
| #define HAVE_FCNTL_H 1
| #define HAVE_SYS_RESOURCE_H 1
| #define HAVE_INTTYPES_H 1
| #define TIME_WITH_SYS_TIME 1
| #define HAVE_SYS_SOCKET_H 1
| #define HAVE_NET_IF_H 1
| #define HAVE___ATTRIBUTE__ 1
| /* end confdefs.h.  */
| #include <limits.h>
| 
| int
| main ()
| {
| #if ! (defined _LITTLE_ENDIAN || defined _BIG_ENDIAN)
| 	      bogus endian macros
| 	     #endif
| 
|   ;
|   return 0;
| }
configure:4031: arm-linux-androideabi-gcc -c -g -O2 -Wall   conftest.c >&5
configure:4031: $? = 0
configure:4077: result: no
configure:4096: checking for int8_t
configure:4096: arm-linux-androideabi-gcc -c -g -O2 -Wall   conftest.c >&5
configure:4096: $? = 0
configure:4096: arm-linux-androideabi-gcc -c -g -O2 -Wall   conftest.c >&5
conftest.c: In function 'main':
conftest.c:78:12: error: size of array 'test_array' is negative
 static int test_array [1 - 2 * !((int8_t) (((((int8_t) 1 << N) << N) - 1) * 2 + 1)
            ^
configure:4096: $? = 1
configure: failed program was:
| /* confdefs.h */
| #define PACKAGE_NAME ""
| #define PACKAGE_TARNAME ""
| #define PACKAGE_VERSION ""
| #define PACKAGE_STRING ""
| #define PACKAGE_BUGREPORT ""
| #define PACKAGE_URL ""
| #define STDC_HEADERS 1
| #define HAVE_SYS_TYPES_H 1
| #define HAVE_SYS_STAT_H 1
| #define HAVE_STDLIB_H 1
| #define HAVE_STRING_H 1
| #define HAVE_MEMORY_H 1
| #define HAVE_STRINGS_H 1
| #define HAVE_INTTYPES_H 1
| #define HAVE_STDINT_H 1
| #define HAVE_UNISTD_H 1
| #define HAVE_STRING_H 1
| #define HAVE_GETOPT_H 1
| #define HAVE_STRINGS_H 1
| #define HAVE_SYS_PARAM_H 1
| #define HAVE_SYS_TIME_H 1
| #define HAVE_UNISTD_H 1
| #define HAVE_ERRNO_H 1
| #define HAVE_SYS_SELECT_H 1
| #define HAVE_SYS_TYPES_H 1
| #define HAVE_SYS_SOCKET_H 1
| #define HAVE_NETINET_IN_H 1
| #define HAVE_ARPA_INET_H 1
| #define HAVE_SYS_STAT_H 1
| #define HAVE_NETDB_H 1
| #define HAVE_SYS_WAIT_H 1
| #define HAVE_FCNTL_H 1
| #define HAVE_SYS_RESOURCE_H 1
| #define HAVE_INTTYPES_H 1
| #define TIME_WITH_SYS_TIME 1
| #define HAVE_SYS_SOCKET_H 1
| #define HAVE_NET_IF_H 1
| #define HAVE___ATTRIBUTE__ 1
| /* end confdefs.h.  */
| #include <stdio.h>
| #ifdef HAVE_SYS_TYPES_H
| # include <sys/types.h>
| #endif
| #ifdef HAVE_SYS_STAT_H
| # include <sys/stat.h>
| #endif
| #ifdef STDC_HEADERS
| # include <stdlib.h>
| # include <stddef.h>
| #else
| # ifdef HAVE_STDLIB_H
| #  include <stdlib.h>
| # endif
| #endif
| #ifdef HAVE_STRING_H
| # if !defined STDC_HEADERS && defined HAVE_MEMORY_H
| #  include <memory.h>
| # endif
| # include <string.h>
| #endif
| #ifdef HAVE_STRINGS_H
| # include <strings.h>
| #endif
| #ifdef HAVE_INTTYPES_H
| # include <inttypes.h>
| #endif
| #ifdef HAVE_STDINT_H
| # include <stdint.h>
| #endif
| #ifdef HAVE_UNISTD_H
| # include <unistd.h>
| #endif
| 	        enum { N = 8 / 2 - 1 };
| int
| main ()
| {
| static int test_array [1 - 2 * !((int8_t) (((((int8_t) 1 << N) << N) - 1) * 2 + 1)
| 		 < (int8_t) (((((int8_t) 1 << N) << N) - 1) * 2 + 2))];
| test_array [0] = 0;
| return test_array [0];
| 
|   ;
|   return 0;
| }
configure:4096: result: yes
configure:4107: checking for int16_t
configure:4107: arm-linux-androideabi-gcc -c -g -O2 -Wall   conftest.c >&5
configure:4107: $? = 0
configure:4107: arm-linux-androideabi-gcc -c -g -O2 -Wall   conftest.c >&5
conftest.c: In function 'main':
conftest.c:78:12: error: size of array 'test_array' is negative
 static int test_array [1 - 2 * !((int16_t) (((((int16_t) 1 << N) << N) - 1) * 2 + 1)
            ^
configure:4107: $? = 1
configure: failed program was:
| /* confdefs.h */
| #define PACKAGE_NAME ""
| #define PACKAGE_TARNAME ""
| #define PACKAGE_VERSION ""
| #define PACKAGE_STRING ""
| #define PACKAGE_BUGREPORT ""
| #define PACKAGE_URL ""
| #define STDC_HEADERS 1
| #define HAVE_SYS_TYPES_H 1
| #define HAVE_SYS_STAT_H 1
| #define HAVE_STDLIB_H 1
| #define HAVE_STRING_H 1
| #define HAVE_MEMORY_H 1
| #define HAVE_STRINGS_H 1
| #define HAVE_INTTYPES_H 1
| #define HAVE_STDINT_H 1
| #define HAVE_UNISTD_H 1
| #define HAVE_STRING_H 1
| #define HAVE_GETOPT_H 1
| #define HAVE_STRINGS_H 1
| #define HAVE_SYS_PARAM_H 1
| #define HAVE_SYS_TIME_H 1
| #define HAVE_UNISTD_H 1
| #define HAVE_ERRNO_H 1
| #define HAVE_SYS_SELECT_H 1
| #define HAVE_SYS_TYPES_H 1
| #define HAVE_SYS_SOCKET_H 1
| #define HAVE_NETINET_IN_H 1
| #define HAVE_ARPA_INET_H 1
| #define HAVE_SYS_STAT_H 1
| #define HAVE_NETDB_H 1
| #define HAVE_SYS_WAIT_H 1
| #define HAVE_FCNTL_H 1
| #define HAVE_SYS_RESOURCE_H 1
| #define HAVE_INTTYPES_H 1
| #define TIME_WITH_SYS_TIME 1
| #define HAVE_SYS_SOCKET_H 1
| #define HAVE_NET_IF_H 1
| #define HAVE___ATTRIBUTE__ 1
| /* end confdefs.h.  */
| #include <stdio.h>
| #ifdef HAVE_SYS_TYPES_H
| # include <sys/types.h>
| #endif
| #ifdef HAVE_SYS_STAT_H
| # include <sys/stat.h>
| #endif
| #ifdef STDC_HEADERS
| # include <stdlib.h>
| # include <stddef.h>
| #else
| # ifdef HAVE_STDLIB_H
| #  include <stdlib.h>
| # endif
| #endif
| #ifdef HAVE_STRING_H
| # if !defined STDC_HEADERS && defined HAVE_MEMORY_H
| #  include <memory.h>
| # endif
| # include <string.h>
| #endif
| #ifdef HAVE_STRINGS_H
| # include <strings.h>
| #endif
| #ifdef HAVE_INTTYPES_H
| # include <inttypes.h>
| #endif
| #ifdef HAVE_STDINT_H
| # include <stdint.h>
| #endif
| #ifdef HAVE_UNISTD_H
| # include <unistd.h>
| #endif
| 	        enum { N = 16 / 2 - 1 };
| int
| main ()
| {
| static int test_array [1 - 2 * !((int16_t) (((((int16_t) 1 << N) << N) - 1) * 2 + 1)
| 		 < (int16_t) (((((int16_t) 1 << N) << N) - 1) * 2 + 2))];
| test_array [0] = 0;
| return test_array [0];
| 
|   ;
|   return 0;
| }
configure:4107: result: yes
configure:4118: checking for int32_t
configure:4118: arm-linux-androideabi-gcc -c -g -O2 -Wall   conftest.c >&5
configure:4118: $? = 0
configure:4118: arm-linux-androideabi-gcc -c -g -O2 -Wall   conftest.c >&5
conftest.c: In function 'main':
conftest.c:79:53: warning: integer overflow in expression [-Woverflow]
    < (int32_t) (((((int32_t) 1 << N) << N) - 1) * 2 + 2))];
                                                     ^
conftest.c:78:12: error: storage size of 'test_array' isn't constant
 static int test_array [1 - 2 * !((int32_t) (((((int32_t) 1 << N) << N) - 1) * 2 + 1)
            ^
conftest.c:78:12: warning: unused variable 'test_array' [-Wunused-variable]
configure:4118: $? = 1
configure: failed program was:
| /* confdefs.h */
| #define PACKAGE_NAME ""
| #define PACKAGE_TARNAME ""
| #define PACKAGE_VERSION ""
| #define PACKAGE_STRING ""
| #define PACKAGE_BUGREPORT ""
| #define PACKAGE_URL ""
| #define STDC_HEADERS 1
| #define HAVE_SYS_TYPES_H 1
| #define HAVE_SYS_STAT_H 1
| #define HAVE_STDLIB_H 1
| #define HAVE_STRING_H 1
| #define HAVE_MEMORY_H 1
| #define HAVE_STRINGS_H 1
| #define HAVE_INTTYPES_H 1
| #define HAVE_STDINT_H 1
| #define HAVE_UNISTD_H 1
| #define HAVE_STRING_H 1
| #define HAVE_GETOPT_H 1
| #define HAVE_STRINGS_H 1
| #define HAVE_SYS_PARAM_H 1
| #define HAVE_SYS_TIME_H 1
| #define HAVE_UNISTD_H 1
| #define HAVE_ERRNO_H 1
| #define HAVE_SYS_SELECT_H 1
| #define HAVE_SYS_TYPES_H 1
| #define HAVE_SYS_SOCKET_H 1
| #define HAVE_NETINET_IN_H 1
| #define HAVE_ARPA_INET_H 1
| #define HAVE_SYS_STAT_H 1
| #define HAVE_NETDB_H 1
| #define HAVE_SYS_WAIT_H 1
| #define HAVE_FCNTL_H 1
| #define HAVE_SYS_RESOURCE_H 1
| #define HAVE_INTTYPES_H 1
| #define TIME_WITH_SYS_TIME 1
| #define HAVE_SYS_SOCKET_H 1
| #define HAVE_NET_IF_H 1
| #define HAVE___ATTRIBUTE__ 1
| /* end confdefs.h.  */
| #include <stdio.h>
| #ifdef HAVE_SYS_TYPES_H
| # include <sys/types.h>
| #endif
| #ifdef HAVE_SYS_STAT_H
| # include <sys/stat.h>
| #endif
| #ifdef STDC_HEADERS
| # include <stdlib.h>
| # include <stddef.h>
| #else
| # ifdef HAVE_STDLIB_H
| #  include <stdlib.h>
| # endif
| #endif
| #ifdef HAVE_STRING_H
| # if !defined STDC_HEADERS && defined HAVE_MEMORY_H
| #  include <memory.h>
| # endif
| # include <string.h>
| #endif
| #ifdef HAVE_STRINGS_H
| # include <strings.h>
| #endif
| #ifdef HAVE_INTTYPES_H
| # include <inttypes.h>
| #endif
| #ifdef HAVE_STDINT_H
| # include <stdint.h>
| #endif
| #ifdef HAVE_UNISTD_H
| # include <unistd.h>
| #endif
| 	        enum { N = 32 / 2 - 1 };
| int
| main ()
| {
| static int test_array [1 - 2 * !((int32_t) (((((int32_t) 1 << N) << N) - 1) * 2 + 1)
| 		 < (int32_t) (((((int32_t) 1 << N) << N) - 1) * 2 + 2))];
| test_array [0] = 0;
| return test_array [0];
| 
|   ;
|   return 0;
| }
configure:4118: result: yes
configure:4129: checking for int64_t
configure:4129: arm-linux-androideabi-gcc -c -g -O2 -Wall   conftest.c >&5
configure:4129: $? = 0
configure:4129: arm-linux-androideabi-gcc -c -g -O2 -Wall   conftest.c >&5
conftest.c: In function 'main':
conftest.c:79:53: warning: integer overflow in expression [-Woverflow]
    < (int64_t) (((((int64_t) 1 << N) << N) - 1) * 2 + 2))];
                                                     ^
conftest.c:78:12: error: storage size of 'test_array' isn't constant
 static int test_array [1 - 2 * !((int64_t) (((((int64_t) 1 << N) << N) - 1) * 2 + 1)
            ^
conftest.c:78:12: warning: unused variable 'test_array' [-Wunused-variable]
configure:4129: $? = 1
configure: failed program was:
| /* confdefs.h */
| #define PACKAGE_NAME ""
| #define PACKAGE_TARNAME ""
| #define PACKAGE_VERSION ""
| #define PACKAGE_STRING ""
| #define PACKAGE_BUGREPORT ""
| #define PACKAGE_URL ""
| #define STDC_HEADERS 1
| #define HAVE_SYS_TYPES_H 1
| #define HAVE_SYS_STAT_H 1
| #define HAVE_STDLIB_H 1
| #define HAVE_STRING_H 1
| #define HAVE_MEMORY_H 1
| #define HAVE_STRINGS_H 1
| #define HAVE_INTTYPES_H 1
| #define HAVE_STDINT_H 1
| #define HAVE_UNISTD_H 1
| #define HAVE_STRING_H 1
| #define HAVE_GETOPT_H 1
| #define HAVE_STRINGS_H 1
| #define HAVE_SYS_PARAM_H 1
| #define HAVE_SYS_TIME_H 1
| #define HAVE_UNISTD_H 1
| #define HAVE_ERRNO_H 1
| #define HAVE_SYS_SELECT_H 1
| #define HAVE_SYS_TYPES_H 1
| #define HAVE_SYS_SOCKET_H 1
| #define HAVE_NETINET_IN_H 1
| #define HAVE_ARPA_INET_H 1
| #define HAVE_SYS_STAT_H 1
| #define HAVE_NETDB_H 1
| #define HAVE_SYS_WAIT_H 1
| #define HAVE_FCNTL_H 1
| #define HAVE_SYS_RESOURCE_H 1
| #define HAVE_INTTYPES_H 1
| #define TIME_WITH_SYS_TIME 1
| #define HAVE_SYS_SOCKET_H 1
| #define HAVE_NET_IF_H 1
| #define HAVE___ATTRIBUTE__ 1
| /* end confdefs.h.  */
| #include <stdio.h>
| #ifdef HAVE_SYS_TYPES_H
| # include <sys/types.h>
| #endif
| #ifdef HAVE_SYS_STAT_H
| # include <sys/stat.h>
| #endif
| #ifdef STDC_HEADERS
| # include <stdlib.h>
| # include <stddef.h>
| #else
| # ifdef HAVE_STDLIB_H
| #  include <stdlib.h>
| # endif
| #endif
| #ifdef HAVE_STRING_H
| # if !defined STDC_HEADERS && defined HAVE_MEMORY_H
| #  include <memory.h>
| # endif
| # include <string.h>
| #endif
| #ifdef HAVE_STRINGS_H
| # include <strings.h>
| #endif
| #ifdef HAVE_INTTYPES_H
| # include <inttypes.h>
| #endif
| #ifdef HAVE_STDINT_H
| # include <stdint.h>
| #endif
| #ifdef HAVE_UNISTD_H
| # include <unistd.h>
| #endif
| 	        enum { N = 64 / 2 - 1 };
| int
| main ()
| {
| static int test_array [1 - 2 * !((int64_t) (((((int64_t) 1 << N) << N) - 1) * 2 + 1)
| 		 < (int64_t) (((((int64_t) 1 << N) << N) - 1) * 2 + 2))];
| test_array [0] = 0;
| return test_array [0];
| 
|   ;
|   return 0;
| }
configure:4129: result: yes
configure:4140: checking for uint8_t
configure:4140: arm-linux-androideabi-gcc -c -g -O2 -Wall   conftest.c >&5
configure:4140: $? = 0
configure:4140: result: yes
configure:4154: checking for uint16_t
configure:4154: arm-linux-androideabi-gcc -c -g -O2 -Wall   conftest.c >&5
configure:4154: $? = 0
configure:4154: result: yes
configure:4166: checking for uint32_t
configure:4166: arm-linux-androideabi-gcc -c -g -O2 -Wall   conftest.c >&5
configure:4166: $? = 0
configure:4166: result: yes
configure:4180: checking for uint64_t
configure:4180: arm-linux-androideabi-gcc -c -g -O2 -Wall   conftest.c >&5
configure:4180: $? = 0
configure:4180: result: yes
configure:4198: checking for snprintf
configure:4198: arm-linux-androideabi-gcc -o conftest -g -O2 -Wall    conftest.c  >&5
conftest.c:64:6: warning: conflicting types for built-in function 'snprintf'
 char snprintf ();
      ^
configure:4198: $? = 0
configure:4198: result: yes
configure:4198: checking for vsnprintf
configure:4198: arm-linux-androideabi-gcc -o conftest -g -O2 -Wall    conftest.c  >&5
conftest.c:65:6: warning: conflicting types for built-in function 'vsnprintf'
 char vsnprintf ();
      ^
configure:4198: $? = 0
configure:4198: result: yes
configure:4198: checking for nanosleep
configure:4198: arm-linux-androideabi-gcc -o conftest -g -O2 -Wall    conftest.c  >&5
configure:4198: $? = 0
configure:4198: result: yes
configure:4198: checking for strerror
configure:4198: arm-linux-androideabi-gcc -o conftest -g -O2 -Wall    conftest.c  >&5
configure:4198: $? = 0
configure:4198: result: yes
configure:4198: checking for strcasestr
configure:4198: arm-linux-androideabi-gcc -o conftest -g -O2 -Wall    conftest.c  >&5
configure:4198: $? = 0
configure:4198: result: yes
configure:4198: checking for strcasecmp
configure:4198: arm-linux-androideabi-gcc -o conftest -g -O2 -Wall    conftest.c  >&5
conftest.c:69:6: warning: conflicting types for built-in function 'strcasecmp'
 char strcasecmp ();
      ^
configure:4198: $? = 0
configure:4198: result: yes
configure:4198: checking for strncasecmp
configure:4198: arm-linux-androideabi-gcc -o conftest -g -O2 -Wall    conftest.c  >&5
conftest.c:70:6: warning: conflicting types for built-in function 'strncasecmp'
 char strncasecmp ();
      ^
configure:4198: $? = 0
configure:4198: result: yes
configure:4198: checking for signal
configure:4198: arm-linux-androideabi-gcc -o conftest -g -O2 -Wall    conftest.c  >&5
configure:4198: $? = 0
configure:4198: result: yes
configure:4212: checking for vsnprintf
configure:4212: result: yes
configure:4212: checking for snprintf
configure:4212: result: yes
configure:4212: checking for asprintf
configure:4212: arm-linux-androideabi-gcc -o conftest -g -O2 -Wall    conftest.c  >&5
configure:4212: $? = 0
configure:4212: result: yes
configure:4212: checking for asnprintf
configure:4212: arm-linux-androideabi-gcc -o conftest -g -O2 -Wall    conftest.c  >&5
conftest.c:86: error: undefined reference to 'asnprintf'
collect2: error: ld returned 1 exit status
configure:4212: $? = 1
configure: failed program was:
| /* confdefs.h */
| #define PACKAGE_NAME ""
| #define PACKAGE_TARNAME ""
| #define PACKAGE_VERSION ""
| #define PACKAGE_STRING ""
| #define PACKAGE_BUGREPORT ""
| #define PACKAGE_URL ""
| #define STDC_HEADERS 1
| #define HAVE_SYS_TYPES_H 1
| #define HAVE_SYS_STAT_H 1
| #define HAVE_STDLIB_H 1
| #define HAVE_STRING_H 1
| #define HAVE_MEMORY_H 1
| #define HAVE_STRINGS_H 1
| #define HAVE_INTTYPES_H 1
| #define HAVE_STDINT_H 1
| #define HAVE_UNISTD_H 1
| #define HAVE_STRING_H 1
| #define HAVE_GETOPT_H 1
| #define HAVE_STRINGS_H 1
| #define HAVE_SYS_PARAM_H 1
| #define HAVE_SYS_TIME_H 1
| #define HAVE_UNISTD_H 1
| #define HAVE_ERRNO_H 1
| #define HAVE_SYS_SELECT_H 1
| #define HAVE_SYS_TYPES_H 1
| #define HAVE_SYS_SOCKET_H 1
| #define HAVE_NETINET_IN_H 1
| #define HAVE_ARPA_INET_H 1
| #define HAVE_SYS_STAT_H 1
| #define HAVE_NETDB_H 1
| #define HAVE_SYS_WAIT_H 1
| #define HAVE_FCNTL_H 1
| #define HAVE_SYS_RESOURCE_H 1
| #define HAVE_INTTYPES_H 1
| #define TIME_WITH_SYS_TIME 1
| #define HAVE_SYS_SOCKET_H 1
| #define HAVE_NET_IF_H 1
| #define HAVE___ATTRIBUTE__ 1
| #define HAVE_SNPRINTF 1
| #define HAVE_VSNPRINTF 1
| #define HAVE_NANOSLEEP 1
| #define HAVE_STRERROR 1
| #define HAVE_STRCASESTR 1
| #define HAVE_STRCASECMP 1
| #define HAVE_STRNCASECMP 1
| #define HAVE_SIGNAL 1
| #define HAVE_VSNPRINTF 1
| #define HAVE_SNPRINTF 1
| #define HAVE_ASPRINTF 1
| /* end confdefs.h.  */
| /* Define asnprintf to an innocuous variant, in case <limits.h> declares asnprintf.
|    For example, HP-UX 11i <limits.h> declares gettimeofday.  */
| #define asnprintf innocuous_asnprintf
| 
| /* System header to define __stub macros and hopefully few prototypes,
|     which can conflict with char asnprintf (); below.
|     Prefer <limits.h> to <assert.h> if __STDC__ is defined, since
|     <limits.h> exists even on freestanding compilers.  */
| 
| #ifdef __STDC__
| # include <limits.h>
| #else
| # include <assert.h>
| #endif
| 
| #undef asnprintf
| 
| /* Override any GCC internal prototype to avoid an error.
|    Use char because int might match the return type of a GCC
|    builtin and then its argument prototype would still apply.  */
| #ifdef __cplusplus
| extern "C"
| #endif
| char asnprintf ();
| /* The GNU C library defines this for functions which it implements
|     to always fail with ENOSYS.  Some functions are actually named
|     something starting with __ and the normal name is an alias.  */
| #if defined __stub_asnprintf || defined __stub___asnprintf
| choke me
| #endif
| 
| int
| main ()
| {
| return asnprintf ();
|   ;
|   return 0;
| }
configure:4212: result: no
configure:4212: checking for vasprintf
configure:4212: arm-linux-androideabi-gcc -o conftest -g -O2 -Wall    conftest.c  >&5
configure:4212: $? = 0
configure:4212: result: yes
configure:4212: checking for vasnprintf
configure:4212: arm-linux-androideabi-gcc -o conftest -g -O2 -Wall    conftest.c  >&5
conftest.c:87: error: undefined reference to 'vasnprintf'
collect2: error: ld returned 1 exit status
configure:4212: $? = 1
configure: failed program was:
| /* confdefs.h */
| #define PACKAGE_NAME ""
| #define PACKAGE_TARNAME ""
| #define PACKAGE_VERSION ""
| #define PACKAGE_STRING ""
| #define PACKAGE_BUGREPORT ""
| #define PACKAGE_URL ""
| #define STDC_HEADERS 1
| #define HAVE_SYS_TYPES_H 1
| #define HAVE_SYS_STAT_H 1
| #define HAVE_STDLIB_H 1
| #define HAVE_STRING_H 1
| #define HAVE_MEMORY_H 1
| #define HAVE_STRINGS_H 1
| #define HAVE_INTTYPES_H 1
| #define HAVE_STDINT_H 1
| #define HAVE_UNISTD_H 1
| #define HAVE_STRING_H 1
| #define HAVE_GETOPT_H 1
| #define HAVE_STRINGS_H 1
| #define HAVE_SYS_PARAM_H 1
| #define HAVE_SYS_TIME_H 1
| #define HAVE_UNISTD_H 1
| #define HAVE_ERRNO_H 1
| #define HAVE_SYS_SELECT_H 1
| #define HAVE_SYS_TYPES_H 1
| #define HAVE_SYS_SOCKET_H 1
| #define HAVE_NETINET_IN_H 1
| #define HAVE_ARPA_INET_H 1
| #define HAVE_SYS_STAT_H 1
| #define HAVE_NETDB_H 1
| #define HAVE_SYS_WAIT_H 1
| #define HAVE_FCNTL_H 1
| #define HAVE_SYS_RESOURCE_H 1
| #define HAVE_INTTYPES_H 1
| #define TIME_WITH_SYS_TIME 1
| #define HAVE_SYS_SOCKET_H 1
| #define HAVE_NET_IF_H 1
| #define HAVE___ATTRIBUTE__ 1
| #define HAVE_SNPRINTF 1
| #define HAVE_VSNPRINTF 1
| #define HAVE_NANOSLEEP 1
| #define HAVE_STRERROR 1
| #define HAVE_STRCASESTR 1
| #define HAVE_STRCASECMP 1
| #define HAVE_STRNCASECMP 1
| #define HAVE_SIGNAL 1
| #define HAVE_VSNPRINTF 1
| #define HAVE_SNPRINTF 1
| #define HAVE_ASPRINTF 1
| #define HAVE_VASPRINTF 1
| /* end confdefs.h.  */
| /* Define vasnprintf to an innocuous variant, in case <limits.h> declares vasnprintf.
|    For example, HP-UX 11i <limits.h> declares gettimeofday.  */
| #define vasnprintf innocuous_vasnprintf
| 
| /* System header to define __stub macros and hopefully few prototypes,
|     which can conflict with char vasnprintf (); below.
|     Prefer <limits.h> to <assert.h> if __STDC__ is defined, since
|     <limits.h> exists even on freestanding compilers.  */
| 
| #ifdef __STDC__
| # include <limits.h>
| #else
| # include <assert.h>
| #endif
| 
| #undef vasnprintf
| 
| /* Override any GCC internal prototype to avoid an error.
|    Use char because int might match the return type of a GCC
|    builtin and then its argument prototype would still apply.  */
| #ifdef __cplusplus
| extern "C"
| #endif
| char vasnprintf ();
| /* The GNU C library defines this for functions which it implements
|     to always fail with ENOSYS.  Some functions are actually named
|     something starting with __ and the normal name is an alias.  */
| #if defined __stub_vasnprintf || defined __stub___vasnprintf
| choke me
| #endif
| 
| int
| main ()
| {
| return vasnprintf ();
|   ;
|   return 0;
| }
configure:4212: result: no
configure:4235: checking for getopt
configure:4235: arm-linux-androideabi-gcc -o conftest -g -O2 -Wall    conftest.c  >&5
configure:4235: $? = 0
configure:4235: result: yes
configure:4235: checking for getopt_long_only
configure:4235: arm-linux-androideabi-gcc -o conftest -g -O2 -Wall    conftest.c  >&5
configure:4235: $? = 0
configure:4235: result: yes
configure:4248: checking for usleep
configure:4248: arm-linux-androideabi-gcc -o conftest -g -O2 -Wall    conftest.c  >&5
configure:4248: $? = 0
configure:4248: result: yes
configure:4248: checking for gettimeofday
configure:4248: arm-linux-androideabi-gcc -o conftest -g -O2 -Wall    conftest.c  >&5
configure:4248: $? = 0
configure:4248: result: yes
configure:4248: checking for sleep
configure:4248: arm-linux-androideabi-gcc -o conftest -g -O2 -Wall    conftest.c  >&5
configure:4248: $? = 0
configure:4248: result: yes
configure:4265: checking for getopt_long_only
configure:4265: result: yes
configure:4281: checking for strcasecmp
configure:4281: result: yes
configure:4281: checking for strncasecmp
configure:4281: result: yes
configure:4341: checking for library containing getaddrinfo
configure:4372: arm-linux-androideabi-gcc -o conftest -g -O2 -Wall    conftest.c  >&5
configure:4372: $? = 0
configure:4389: result: none required
configure:4397: checking for library containing gai_strerror
configure:4428: arm-linux-androideabi-gcc -o conftest -g -O2 -Wall    conftest.c  >&5
configure:4428: $? = 0
configure:4445: result: none required
configure:4453: checking for library containing getnameinfo
configure:4484: arm-linux-androideabi-gcc -o conftest -g -O2 -Wall    conftest.c  >&5
configure:4484: $? = 0
configure:4501: result: none required
configure:4511: checking for gai_strerror
configure:4511: arm-linux-androideabi-gcc -o conftest -g -O2 -Wall    conftest.c  >&5
configure:4511: $? = 0
configure:4511: result: yes
configure:4520: checking for inet_ntop
configure:4520: arm-linux-androideabi-gcc -o conftest -g -O2 -Wall    conftest.c  >&5
configure:4520: $? = 0
configure:4520: result: yes
configure:4533: checking for inet_pton
configure:4533: arm-linux-androideabi-gcc -o conftest -g -O2 -Wall    conftest.c  >&5
configure:4533: $? = 0
configure:4533: result: yes
configure:4548: checking for working getaddrinfo
configure:4607: result: yes
configure:4620: checking for library containing inet_addr
configure:4651: arm-linux-androideabi-gcc -o conftest -g -O2 -Wall    conftest.c  >&5
configure:4651: $? = 0
configure:4668: result: none required
configure:4677: checking for working getnameinfo
configure:4747: result: yes
configure:4756: checking for sockaddr_in6
configure:4782: arm-linux-androideabi-gcc -c -g -O2 -Wall   conftest.c >&5
conftest.c: In function 'main':
conftest.c:77:21: warning: unused variable 'sa' [-Wunused-variable]
 struct sockaddr_in6 sa;
                     ^
configure:4782: $? = 0
configure:4794: result: yes
configure:4806: checking for sockaddr_storage
configure:4835: arm-linux-androideabi-gcc -c -g -O2 -Wall   conftest.c >&5
conftest.c: In function 'main':
conftest.c:81:25: warning: unused variable 'sa' [-Wunused-variable]
 struct sockaddr_storage sa;
                         ^
configure:4835: $? = 0
configure:4847: result: yes
configure:4859: checking for AF_INET6 definition
configure:4888: arm-linux-androideabi-gcc -c -g -O2 -Wall   conftest.c >&5
conftest.c: In function 'main':
conftest.c:82:5: warning: unused variable 'af' [-Wunused-variable]
 int af = AF_INET6;
     ^
configure:4888: $? = 0
configure:4900: result: yes
configure:4912: checking for IPv6 support
configure:4923: result: yes
configure:4986: checking openssl/ssl.h usability
configure:4986: arm-linux-androideabi-gcc -c -g -O2 -Wall   conftest.c >&5
conftest.c:102:25: fatal error: openssl/ssl.h: No such file or directory
 #include <openssl/ssl.h>
                         ^
compilation terminated.
configure:4986: $? = 1
configure: failed program was:
| /* confdefs.h */
| #define PACKAGE_NAME ""
| #define PACKAGE_TARNAME ""
| #define PACKAGE_VERSION ""
| #define PACKAGE_STRING ""
| #define PACKAGE_BUGREPORT ""
| #define PACKAGE_URL ""
| #define STDC_HEADERS 1
| #define HAVE_SYS_TYPES_H 1
| #define HAVE_SYS_STAT_H 1
| #define HAVE_STDLIB_H 1
| #define HAVE_STRING_H 1
| #define HAVE_MEMORY_H 1
| #define HAVE_STRINGS_H 1
| #define HAVE_INTTYPES_H 1
| #define HAVE_STDINT_H 1
| #define HAVE_UNISTD_H 1
| #define HAVE_STRING_H 1
| #define HAVE_GETOPT_H 1
| #define HAVE_STRINGS_H 1
| #define HAVE_SYS_PARAM_H 1
| #define HAVE_SYS_TIME_H 1
| #define HAVE_UNISTD_H 1
| #define HAVE_ERRNO_H 1
| #define HAVE_SYS_SELECT_H 1
| #define HAVE_SYS_TYPES_H 1
| #define HAVE_SYS_SOCKET_H 1
| #define HAVE_NETINET_IN_H 1
| #define HAVE_ARPA_INET_H 1
| #define HAVE_SYS_STAT_H 1
| #define HAVE_NETDB_H 1
| #define HAVE_SYS_WAIT_H 1
| #define HAVE_FCNTL_H 1
| #define HAVE_SYS_RESOURCE_H 1
| #define HAVE_INTTYPES_H 1
| #define TIME_WITH_SYS_TIME 1
| #define HAVE_SYS_SOCKET_H 1
| #define HAVE_NET_IF_H 1
| #define HAVE___ATTRIBUTE__ 1
| #define HAVE_SNPRINTF 1
| #define HAVE_VSNPRINTF 1
| #define HAVE_NANOSLEEP 1
| #define HAVE_STRERROR 1
| #define HAVE_STRCASESTR 1
| #define HAVE_STRCASECMP 1
| #define HAVE_STRNCASECMP 1
| #define HAVE_SIGNAL 1
| #define HAVE_VSNPRINTF 1
| #define HAVE_SNPRINTF 1
| #define HAVE_ASPRINTF 1
| #define HAVE_VASPRINTF 1
| #define HAVE_GETOPT 1
| #define HAVE_GETOPT_LONG_ONLY 1
| #define HAVE_USLEEP 1
| #define HAVE_GETTIMEOFDAY 1
| #define HAVE_SLEEP 1
| #define HAVE_STRCASECMP 1
| #define HAVE_STRNCASECMP 1
| #define HAVE_GAI_STRERROR 1
| #define HAVE_INET_NTOP 1
| #define HAVE_INET_PTON 1
| #define HAVE_GETADDRINFO 1
| #define HAVE_GETNAMEINFO 1
| #define HAVE_SOCKADDR_IN6 1
| #define HAVE_SOCKADDR_STORAGE 1
| #define HAVE_AF_INET6 1
| #define HAVE_IPV6 1
| /* end confdefs.h.  */
| #include <stdio.h>
| #ifdef HAVE_SYS_TYPES_H
| # include <sys/types.h>
| #endif
| #ifdef HAVE_SYS_STAT_H
| # include <sys/stat.h>
| #endif
| #ifdef STDC_HEADERS
| # include <stdlib.h>
| # include <stddef.h>
| #else
| # ifdef HAVE_STDLIB_H
| #  include <stdlib.h>
| # endif
| #endif
| #ifdef HAVE_STRING_H
| # if !defined STDC_HEADERS && defined HAVE_MEMORY_H
| #  include <memory.h>
| # endif
| # include <string.h>
| #endif
| #ifdef HAVE_STRINGS_H
| # include <strings.h>
| #endif
| #ifdef HAVE_INTTYPES_H
| # include <inttypes.h>
| #endif
| #ifdef HAVE_STDINT_H
| # include <stdint.h>
| #endif
| #ifdef HAVE_UNISTD_H
| # include <unistd.h>
| #endif
| #include <openssl/ssl.h>
configure:4986: result: no
configure:4986: checking openssl/ssl.h presence
configure:4986: arm-linux-androideabi-gcc -E  conftest.c
conftest.c:69:25: fatal error: openssl/ssl.h: No such file or directory
 #include <openssl/ssl.h>
                         ^
compilation terminated.
configure:4986: $? = 1
configure: failed program was:
| /* confdefs.h */
| #define PACKAGE_NAME ""
| #define PACKAGE_TARNAME ""
| #define PACKAGE_VERSION ""
| #define PACKAGE_STRING ""
| #define PACKAGE_BUGREPORT ""
| #define PACKAGE_URL ""
| #define STDC_HEADERS 1
| #define HAVE_SYS_TYPES_H 1
| #define HAVE_SYS_STAT_H 1
| #define HAVE_STDLIB_H 1
| #define HAVE_STRING_H 1
| #define HAVE_MEMORY_H 1
| #define HAVE_STRINGS_H 1
| #define HAVE_INTTYPES_H 1
| #define HAVE_STDINT_H 1
| #define HAVE_UNISTD_H 1
| #define HAVE_STRING_H 1
| #define HAVE_GETOPT_H 1
| #define HAVE_STRINGS_H 1
| #define HAVE_SYS_PARAM_H 1
| #define HAVE_SYS_TIME_H 1
| #define HAVE_UNISTD_H 1
| #define HAVE_ERRNO_H 1
| #define HAVE_SYS_SELECT_H 1
| #define HAVE_SYS_TYPES_H 1
| #define HAVE_SYS_SOCKET_H 1
| #define HAVE_NETINET_IN_H 1
| #define HAVE_ARPA_INET_H 1
| #define HAVE_SYS_STAT_H 1
| #define HAVE_NETDB_H 1
| #define HAVE_SYS_WAIT_H 1
| #define HAVE_FCNTL_H 1
| #define HAVE_SYS_RESOURCE_H 1
| #define HAVE_INTTYPES_H 1
| #define TIME_WITH_SYS_TIME 1
| #define HAVE_SYS_SOCKET_H 1
| #define HAVE_NET_IF_H 1
| #define HAVE___ATTRIBUTE__ 1
| #define HAVE_SNPRINTF 1
| #define HAVE_VSNPRINTF 1
| #define HAVE_NANOSLEEP 1
| #define HAVE_STRERROR 1
| #define HAVE_STRCASESTR 1
| #define HAVE_STRCASECMP 1
| #define HAVE_STRNCASECMP 1
| #define HAVE_SIGNAL 1
| #define HAVE_VSNPRINTF 1
| #define HAVE_SNPRINTF 1
| #define HAVE_ASPRINTF 1
| #define HAVE_VASPRINTF 1
| #define HAVE_GETOPT 1
| #define HAVE_GETOPT_LONG_ONLY 1
| #define HAVE_USLEEP 1
| #define HAVE_GETTIMEOFDAY 1
| #define HAVE_SLEEP 1
| #define HAVE_STRCASECMP 1
| #define HAVE_STRNCASECMP 1
| #define HAVE_GAI_STRERROR 1
| #define HAVE_INET_NTOP 1
| #define HAVE_INET_PTON 1
| #define HAVE_GETADDRINFO 1
| #define HAVE_GETNAMEINFO 1
| #define HAVE_SOCKADDR_IN6 1
| #define HAVE_SOCKADDR_STORAGE 1
| #define HAVE_AF_INET6 1
| #define HAVE_IPV6 1
| /* end confdefs.h.  */
| #include <openssl/ssl.h>
configure:4986: result: no
configure:4986: checking for openssl/ssl.h
configure:4986: result: no
configure:4992: WARNING: Failed to find openssl/ssl.h so OpenSSL will not be used. If it
 is installed you can try the --with-openssl=DIR argument
configure:5297: creating ./config.status

## ---------------------- ##
## Running config.status. ##
## ---------------------- ##

This file was extended by config.status, which was
generated by GNU Autoconf 2.69.  Invocation command line was

  CONFIG_FILES    = 
  CONFIG_HEADERS  = 
  CONFIG_LINKS    = 
  CONFIG_COMMANDS = 
  $ ./config.status 

on francesco-desktop

config.status:859: creating Makefile
config.status:859: creating nbase_config.h
config.status:1029: nbase_config.h is unchanged

## ---------------- ##
## Cache variables. ##
## ---------------- ##

ac_cv___attribute__=yes
ac_cv_build=x86_64-unknown-linux-gnu
ac_cv_c_bigendian=no
ac_cv_c_compiler_gnu=yes
ac_cv_c_inline=inline
ac_cv_c_int16_t=yes
ac_cv_c_int32_t=yes
ac_cv_c_int64_t=yes
ac_cv_c_int8_t=yes
ac_cv_c_uint16_t=yes
ac_cv_c_uint32_t=yes
ac_cv_c_uint64_t=yes
ac_cv_c_uint8_t=yes
ac_cv_define_af_inet6=yes
ac_cv_define_sockaddr_in6=yes
ac_cv_define_sockaddr_storage=yes
ac_cv_env_CC_set=
ac_cv_env_CC_value=
ac_cv_env_CFLAGS_set=
ac_cv_env_CFLAGS_value=
ac_cv_env_CPPFLAGS_set=
ac_cv_env_CPPFLAGS_value=
ac_cv_env_CPP_set=
ac_cv_env_CPP_value=
ac_cv_env_LDFLAGS_set=
ac_cv_env_LDFLAGS_value=
ac_cv_env_LIBS_set=
ac_cv_env_LIBS_value=
ac_cv_env_build_alias_set=
ac_cv_env_build_alias_value=
ac_cv_env_host_alias_set=set
ac_cv_env_host_alias_value=arm-linux-androideabi
ac_cv_env_target_alias_set=
ac_cv_env_target_alias_value=
ac_cv_func_asnprintf=no
ac_cv_func_asprintf=yes
ac_cv_func_gai_strerror=yes
ac_cv_func_getopt=yes
ac_cv_func_getopt_long_only=yes
ac_cv_func_gettimeofday=yes
ac_cv_func_inet_ntop=yes
ac_cv_func_inet_pton=yes
ac_cv_func_nanosleep=yes
ac_cv_func_signal=yes
ac_cv_func_sleep=yes
ac_cv_func_snprintf=yes
ac_cv_func_strcasecmp=yes
ac_cv_func_strcasestr=yes
ac_cv_func_strerror=yes
ac_cv_func_strncasecmp=yes
ac_cv_func_usleep=yes
ac_cv_func_vasnprintf=no
ac_cv_func_vasprintf=yes
ac_cv_func_vsnprintf=yes
ac_cv_header_arpa_inet_h=yes
ac_cv_header_errno_h=yes
ac_cv_header_fcntl_h=yes
ac_cv_header_getopt_h=yes
ac_cv_header_inttypes_h=yes
ac_cv_header_mach_o_dyld_h=no
ac_cv_header_memory_h=yes
ac_cv_header_net_if_h=yes
ac_cv_header_netdb_h=yes
ac_cv_header_netinet_in_h=yes
ac_cv_header_openssl_ssl_h=no
ac_cv_header_stdc=yes
ac_cv_header_stdint_h=yes
ac_cv_header_stdlib_h=yes
ac_cv_header_string_h=yes
ac_cv_header_strings_h=yes
ac_cv_header_sys_param_h=yes
ac_cv_header_sys_resource_h=yes
ac_cv_header_sys_select_h=yes
ac_cv_header_sys_socket_h=yes
ac_cv_header_sys_stat_h=yes
ac_cv_header_sys_time_h=yes
ac_cv_header_sys_types_h=yes
ac_cv_header_sys_wait_h=yes
ac_cv_header_time=yes
ac_cv_header_unistd_h=yes
ac_cv_host=arm-unknown-linux-androideabi
ac_cv_objext=o
ac_cv_path_EGREP='/bin/grep -E'
ac_cv_path_GREP=/bin/grep
ac_cv_prog_CC=arm-linux-androideabi-gcc
ac_cv_prog_CPP='arm-linux-androideabi-gcc -E'
ac_cv_prog_RANLIB=arm-linux-androideabi-ranlib
ac_cv_prog_cc_c89=
ac_cv_prog_cc_g=yes
ac_cv_search_gai_strerror='none required'
ac_cv_search_getaddrinfo='none required'
ac_cv_search_getnameinfo='none required'
ac_cv_search_inet_addr='none required'
ac_cv_sockaddr_has_sa_len=no
ac_cv_working_getaddrinfo=yes
ac_cv_working_getnameinfo=yes

## ----------------- ##
## Output variables. ##
## ----------------- ##

CC='arm-linux-androideabi-gcc'
CFLAGS='-g -O2 -Wall '
CPP='arm-linux-androideabi-gcc -E'
CPPFLAGS=''
DEFS='-DHAVE_CONFIG_H'
ECHO_C=''
ECHO_N='-n'
ECHO_T=''
EGREP='/bin/grep -E'
EXEEXT=''
GREP='/bin/grep'
LDFLAGS=''
LIBOBJS=' ${LIBOBJDIR}snprintf$U.o ${LIBOBJDIR}nbase_str$U.o ${LIBOBJDIR}nbase_misc$U.o ${LIBOBJDIR}nbase_memalloc$U.o ${LIBOBJDIR}nbase_rnd$U.o ${LIBOBJDIR}nbase_addrset$U.o'
LIBS=''
LTLIBOBJS=' ${LIBOBJDIR}snprintf$U.lo ${LIBOBJDIR}nbase_str$U.lo ${LIBOBJDIR}nbase_misc$U.lo ${LIBOBJDIR}nbase_memalloc$U.lo ${LIBOBJDIR}nbase_rnd$U.lo ${LIBOBJDIR}nbase_addrset$U.lo'
OBJEXT='o'
PACKAGE_BUGREPORT=''
PACKAGE_NAME=''
PACKAGE_STRING=''
PACKAGE_TARNAME=''
PACKAGE_URL=''
PACKAGE_VERSION=''
PATH_SEPARATOR=':'
RANLIB='arm-linux-androideabi-ranlib'
SHELL='/bin/bash'
ac_ct_CC=''
bindir='${exec_prefix}/bin'
build='x86_64-unknown-linux-gnu'
build_alias=''
build_cpu='x86_64'
build_os='linux-gnu'
build_vendor='unknown'
datadir='${datarootdir}'
datarootdir='${prefix}/share'
docdir='${datarootdir}/doc/${PACKAGE}'
dvidir='${docdir}'
exec_prefix='${prefix}'
host='arm-unknown-linux-androideabi'
host_alias='arm-linux-androideabi'
host_cpu='arm'
host_os='linux-androideabi'
host_vendor='unknown'
htmldir='${docdir}'
includedir='${prefix}/include'
infodir='${datarootdir}/info'
libdir='${exec_prefix}/lib'
libexecdir='${exec_prefix}/libexec'
localedir='${datarootdir}/locale'
localstatedir='${prefix}/var'
mandir='${datarootdir}/man'
oldincludedir='/usr/include'
pdfdir='${docdir}'
prefix='/usr/local'
program_transform_name='s,x,x,'
psdir='${docdir}'
sbindir='${exec_prefix}/sbin'
sharedstatedir='${prefix}/com'
sysconfdir='${prefix}/etc'
target_alias=''

## ----------- ##
## confdefs.h. ##
## ----------- ##

/* confdefs.h */
#define PACKAGE_NAME ""
#define PACKAGE_TARNAME ""
#define PACKAGE_VERSION ""
#define PACKAGE_STRING ""
#define PACKAGE_BUGREPORT ""
#define PACKAGE_URL ""
#define STDC_HEADERS 1
#define HAVE_SYS_TYPES_H 1
#define HAVE_SYS_STAT_H 1
#define HAVE_STDLIB_H 1
#define HAVE_STRING_H 1
#define HAVE_MEMORY_H 1
#define HAVE_STRINGS_H 1
#define HAVE_INTTYPES_H 1
#define HAVE_STDINT_H 1
#define HAVE_UNISTD_H 1
#define HAVE_STRING_H 1
#define HAVE_GETOPT_H 1
#define HAVE_STRINGS_H 1
#define HAVE_SYS_PARAM_H 1
#define HAVE_SYS_TIME_H 1
#define HAVE_UNISTD_H 1
#define HAVE_ERRNO_H 1
#define HAVE_SYS_SELECT_H 1
#define HAVE_SYS_TYPES_H 1
#define HAVE_SYS_SOCKET_H 1
#define HAVE_NETINET_IN_H 1
#define HAVE_ARPA_INET_H 1
#define HAVE_SYS_STAT_H 1
#define HAVE_NETDB_H 1
#define HAVE_SYS_WAIT_H 1
#define HAVE_FCNTL_H 1
#define HAVE_SYS_RESOURCE_H 1
#define HAVE_INTTYPES_H 1
#define TIME_WITH_SYS_TIME 1
#define HAVE_SYS_SOCKET_H 1
#define HAVE_NET_IF_H 1
#define HAVE___ATTRIBUTE__ 1
#define HAVE_SNPRINTF 1
#define HAVE_VSNPRINTF 1
#define HAVE_NANOSLEEP 1
#define HAVE_STRERROR 1
#define HAVE_STRCASESTR 1
#define HAVE_STRCASECMP 1
#define HAVE_STRNCASECMP 1
#define HAVE_SIGNAL 1
#define HAVE_VSNPRINTF 1
#define HAVE_SNPRINTF 1
#define HAVE_ASPRINTF 1
#define HAVE_VASPRINTF 1
#define HAVE_GETOPT 1
#define HAVE_GETOPT_LONG_ONLY 1
#define HAVE_USLEEP 1
#define HAVE_GETTIMEOFDAY 1
#define HAVE_SLEEP 1
#define HAVE_STRCASECMP 1
#define HAVE_STRNCASECMP 1
#define HAVE_GAI_STRERROR 1
#define HAVE_INET_NTOP 1
#define HAVE_INET_PTON 1
#define HAVE_GETADDRINFO 1
#define HAVE_GETNAMEINFO 1
#define HAVE_SOCKADDR_IN6 1
#define HAVE_SOCKADDR_STORAGE 1
#define HAVE_AF_INET6 1
#define HAVE_IPV6 1
#define HAVE_PROC_SELF_EXE 1

configure: exit 0
