This file contains any messages produced by compilers while
running configure, to aid debugging if configure makes a mistake.

It was created by configure, which was
generated by GNU Autoconf 2.69.  Invocation command line was

  $ ./configure --disable-option-checking --prefix=/usr/local --host=arm-linux-androideabi --without-zenmap --with-liblua=included --with-pcap=linux --with-libpcap=internal --enable-static --without-ndiff --without-nping --without-nmap-update --without-ncat host_alias=arm-linux-androideabi --cache-file=/dev/null --srcdir=.

## --------- ##
## Platform. ##
## --------- ##

hostname = francesco-desktop
uname -m = x86_64
uname -r = 4.2.0-34-generic
uname -s = Linux
uname -v = #39-Ubuntu SMP Thu Mar 10 22:13:01 UTC 2016

/usr/bin/uname -p = unknown
/bin/uname -X     = unknown

/bin/arch              = unknown
/usr/bin/arch -k       = unknown
/usr/convex/getsysinfo = unknown
/usr/bin/hostinfo      = unknown
/bin/machine           = unknown
/usr/bin/oslevel       = unknown
/bin/universe          = unknown

PATH: /home/francesco/Dropbox/bin/android-toolchain/bin
PATH: /home/francesco/Dropbox/bin/android-sdk/ndk-bundle/
PATH: /home/francesco/Dropbox/bin/android-sdk/platform-tools
PATH: /home/francesco/Dropbox/bin/android-studio/bin
PATH: /home/francesco/Dropbox/bin/netbeans-8.1/bin
PATH: /home/francesco/Dropbox/bin/jdk1.8.0_73/bin
PATH: /home/francesco-ubn/bin
PATH: /home/francesco/Dropbox/bin/android-sdk/ndk-bundle/
PATH: /home/francesco/Dropbox/bin/android-sdk/platform-tools
PATH: /home/francesco/Dropbox/bin/android-studio/bin
PATH: /home/francesco/Dropbox/bin/netbeans-8.1/bin
PATH: /home/francesco/Dropbox/bin/jdk1.8.0_73/bin
PATH: /home/francesco-ubn/bin
PATH: /usr/local/sbin
PATH: /usr/local/bin
PATH: /usr/sbin
PATH: /usr/bin
PATH: /sbin
PATH: /bin
PATH: /usr/games
PATH: /usr/local/games


## ----------- ##
## Core tests. ##
## ----------- ##

configure:2332: checking build system type
configure:2346: result: x86_64-unknown-linux-gnu
configure:2366: checking host system type
configure:2379: result: arm-unknown-linux-androideabi
configure:2399: checking target system type
configure:2412: result: arm-unknown-linux-androideabi
configure:2520: checking for arm-linux-androideabi-gcc
configure:2536: found /home/francesco/Dropbox/bin/android-toolchain/bin/arm-linux-androideabi-gcc
configure:2547: result: arm-linux-androideabi-gcc
configure:2816: checking for C compiler version
configure:2825: arm-linux-androideabi-gcc --version >&5
arm-linux-androideabi-gcc (GCC) 4.9 20150123 (prerelease)
Copyright (C) 2014 Free Software Foundation, Inc.
This is free software; see the source for copying conditions.  There is NO
warranty; not even for MERCHANTABILITY or FITNESS FOR A PARTICULAR PURPOSE.

configure:2836: $? = 0
configure:2825: arm-linux-androideabi-gcc -v >&5
Using built-in specs.
COLLECT_GCC=arm-linux-androideabi-gcc
COLLECT_LTO_WRAPPER=/home/francesco/Dropbox/bin/android-toolchain/bin/../libexec/gcc/arm-linux-androideabi/4.9/lto-wrapper
Target: arm-linux-androideabi
Configured with: /usr/local/google/buildbot/src/android/gcc/toolchain/build/../gcc/gcc-4.9/configure --prefix=/tmp/002ff922da42f0f80603ab1715cd43d4 --target=arm-linux-androideabi --host=x86_64-linux-gnu --build=x86_64-linux-gnu --with-gnu-as --with-gnu-ld --enable-languages=c,c++ --with-gmp=/buildbot/tmp/build/toolchain/temp-install --with-mpfr=/buildbot/tmp/build/toolchain/temp-install --with-mpc=/buildbot/tmp/build/toolchain/temp-install --with-cloog=/buildbot/tmp/build/toolchain/temp-install --with-isl=/buildbot/tmp/build/toolchain/temp-install --with-ppl=/buildbot/tmp/build/toolchain/temp-install --disable-ppl-version-check --disable-cloog-version-check --disable-isl-version-check --enable-cloog-backend=isl --with-host-libstdcxx='-static-libgcc -Wl,-Bstatic,-lstdc++,-Bdynamic -lm' --disable-libssp --enable-threads --disable-nls --disable-libmudflap --disable-libgomp --disable-libstdc__-v3 --disable-sjlj-exceptions --disable-shared --disable-tls --disable-libitm --with-float=soft --with-fpu=vfp --with-arch=armv5te --enable-target-optspace --enable-initfini-array --disable-nls --prefix=/tmp/002ff922da42f0f80603ab1715cd43d4 --with-sysroot=/tmp/002ff922da42f0f80603ab1715cd43d4/sysroot --with-binutils-version=2.25 --with-mpfr-version=3.1.1 --with-mpc-version=1.0.1 --with-gmp-version=5.0.5 --with-gcc-version=4.9 --with-gdb-version=none --with-gxx-include-dir=/tmp/002ff922da42f0f80603ab1715cd43d4/include/c++/4.9 --with-bugurl=http://source.android.com/source/report-bugs.html --enable-languages=c,c++ --disable-bootstrap --enable-plugins --enable-libgomp --enable-gnu-indirect-function --disable-libsanitizer --enable-gold --enable-threads --enable-eh-frame-hdr-for-static --enable-graphite=yes --with-isl-version=0.11.1 --with-cloog-version=0.18.0 --with-arch=armv5te --program-transform-name='s&^&arm-linux-androideabi-&' --enable-gold=default
Thread model: posix
gcc version 4.9 20150123 (prerelease) (GCC) 
configure:2836: $? = 0
configure:2825: arm-linux-androideabi-gcc -V >&5
arm-linux-androideabi-gcc: error: unrecognized command line option '-V'
arm-linux-androideabi-gcc: fatal error: no input files
compilation terminated.
configure:2836: $? = 1
configure:2825: arm-linux-androideabi-gcc -qversion >&5
arm-linux-androideabi-gcc: error: unrecognized command line option '-qversion'
arm-linux-androideabi-gcc: fatal error: no input files
compilation terminated.
configure:2836: $? = 1
configure:2856: checking whether the C compiler works
configure:2878: arm-linux-androideabi-gcc    conftest.c  >&5
configure:2882: $? = 0
configure:2930: result: yes
configure:2933: checking for C compiler default output file name
configure:2935: result: a.out
configure:2941: checking for suffix of executables
configure:2948: arm-linux-androideabi-gcc -o conftest    conftest.c  >&5
configure:2952: $? = 0
configure:2974: result: 
configure:2996: checking whether we are cross compiling
configure:3004: arm-linux-androideabi-gcc -o conftest    conftest.c  >&5
configure:3008: $? = 0
configure:3015: ./conftest
./configure: line 3017: ./conftest: cannot execute binary file: Exec format error
configure:3019: $? = 126
configure:3034: result: yes
configure:3039: checking for suffix of object files
configure:3061: arm-linux-androideabi-gcc -c   conftest.c >&5
configure:3065: $? = 0
configure:3086: result: o
configure:3090: checking whether we are using the GNU C compiler
configure:3109: arm-linux-androideabi-gcc -c   conftest.c >&5
configure:3109: $? = 0
configure:3118: result: yes
configure:3127: checking whether arm-linux-androideabi-gcc accepts -g
configure:3147: arm-linux-androideabi-gcc -c -g  conftest.c >&5
configure:3147: $? = 0
configure:3188: result: yes
configure:3205: checking for arm-linux-androideabi-gcc option to accept ISO C89
configure:3268: arm-linux-androideabi-gcc  -c -g -O2  conftest.c >&5
configure:3268: $? = 0
configure:3281: result: none needed
configure:3584: checking for inline
configure:3620: arm-linux-androideabi-gcc -c  -fpic  conftest.c >&5
configure:3620: $? = 0
configure:3635: result: inline
configure:3647: checking for __attribute__
configure:3674: arm-linux-androideabi-gcc -c -g -O2  conftest.c >&5
configure:3674: $? = 0
configure:3693: result: yes
configure:3698: checking whether __attribute__((unused)) can be used without warnings
configure:3721: arm-linux-androideabi-gcc -c -g -O2 -Werror  conftest.c >&5
configure:3721: $? = 0
configure:3735: result: yes
configure:3739: checking whether __attribute__((format)) can be used without warnings
configure:3763: arm-linux-androideabi-gcc -c -g -O2 -Werror  conftest.c >&5
configure:3763: $? = 0
configure:3777: result: yes
configure:3787: checking how to run the C preprocessor
configure:3818: arm-linux-androideabi-gcc -E  conftest.c
configure:3818: $? = 0
configure:3832: arm-linux-androideabi-gcc -E  conftest.c
conftest.c:12:28: fatal error: ac_nonexistent.h: No such file or directory
 #include <ac_nonexistent.h>
                            ^
compilation terminated.
configure:3832: $? = 1
configure: failed program was:
| /* confdefs.h */
| #define PACKAGE_NAME ""
| #define PACKAGE_TARNAME ""
| #define PACKAGE_VERSION ""
| #define PACKAGE_STRING ""
| #define PACKAGE_BUGREPORT ""
| #define PACKAGE_URL ""
| #define inline inline
| #define HAVE___ATTRIBUTE__ 1
| #define __ATTRIBUTE___FORMAT_OK 1
| /* end confdefs.h.  */
| #include <ac_nonexistent.h>
configure:3857: result: arm-linux-androideabi-gcc -E
configure:3877: arm-linux-androideabi-gcc -E  conftest.c
configure:3877: $? = 0
configure:3891: arm-linux-androideabi-gcc -E  conftest.c
conftest.c:12:28: fatal error: ac_nonexistent.h: No such file or directory
 #include <ac_nonexistent.h>
                            ^
compilation terminated.
configure:3891: $? = 1
configure: failed program was:
| /* confdefs.h */
| #define PACKAGE_NAME ""
| #define PACKAGE_TARNAME ""
| #define PACKAGE_VERSION ""
| #define PACKAGE_STRING ""
| #define PACKAGE_BUGREPORT ""
| #define PACKAGE_URL ""
| #define inline inline
| #define HAVE___ATTRIBUTE__ 1
| #define __ATTRIBUTE___FORMAT_OK 1
| /* end confdefs.h.  */
| #include <ac_nonexistent.h>
configure:3920: checking for grep that handles long lines and -e
configure:3978: result: /bin/grep
configure:3983: checking for egrep
configure:4045: result: /bin/grep -E
configure:4050: checking for ANSI C header files
configure:4070: arm-linux-androideabi-gcc -c -g -O2  conftest.c >&5
configure:4070: $? = 0
configure:4154: result: yes
configure:4167: checking for sys/types.h
configure:4167: arm-linux-androideabi-gcc -c -g -O2  conftest.c >&5
configure:4167: $? = 0
configure:4167: result: yes
configure:4167: checking for sys/stat.h
configure:4167: arm-linux-androideabi-gcc -c -g -O2  conftest.c >&5
configure:4167: $? = 0
configure:4167: result: yes
configure:4167: checking for stdlib.h
configure:4167: arm-linux-androideabi-gcc -c -g -O2  conftest.c >&5
configure:4167: $? = 0
configure:4167: result: yes
configure:4167: checking for string.h
configure:4167: arm-linux-androideabi-gcc -c -g -O2  conftest.c >&5
configure:4167: $? = 0
configure:4167: result: yes
configure:4167: checking for memory.h
configure:4167: arm-linux-androideabi-gcc -c -g -O2  conftest.c >&5
configure:4167: $? = 0
configure:4167: result: yes
configure:4167: checking for strings.h
configure:4167: arm-linux-androideabi-gcc -c -g -O2  conftest.c >&5
configure:4167: $? = 0
configure:4167: result: yes
configure:4167: checking for inttypes.h
configure:4167: arm-linux-androideabi-gcc -c -g -O2  conftest.c >&5
configure:4167: $? = 0
configure:4167: result: yes
configure:4167: checking for stdint.h
configure:4167: arm-linux-androideabi-gcc -c -g -O2  conftest.c >&5
configure:4167: $? = 0
configure:4167: result: yes
configure:4167: checking for unistd.h
configure:4167: arm-linux-androideabi-gcc -c -g -O2  conftest.c >&5
configure:4167: $? = 0
configure:4167: result: yes
configure:4181: checking sys/bitypes.h usability
configure:4181: arm-linux-androideabi-gcc -c -g -O2  conftest.c >&5
conftest.c:55:25: fatal error: sys/bitypes.h: No such file or directory
 #include <sys/bitypes.h>
                         ^
compilation terminated.
configure:4181: $? = 1
configure: failed program was:
| /* confdefs.h */
| #define PACKAGE_NAME ""
| #define PACKAGE_TARNAME ""
| #define PACKAGE_VERSION ""
| #define PACKAGE_STRING ""
| #define PACKAGE_BUGREPORT ""
| #define PACKAGE_URL ""
| #define inline inline
| #define HAVE___ATTRIBUTE__ 1
| #define __ATTRIBUTE___FORMAT_OK 1
| #define STDC_HEADERS 1
| #define HAVE_SYS_TYPES_H 1
| #define HAVE_SYS_STAT_H 1
| #define HAVE_STDLIB_H 1
| #define HAVE_STRING_H 1
| #define HAVE_MEMORY_H 1
| #define HAVE_STRINGS_H 1
| #define HAVE_INTTYPES_H 1
| #define HAVE_STDINT_H 1
| #define HAVE_UNISTD_H 1
| /* end confdefs.h.  */
| #include <stdio.h>
| #ifdef HAVE_SYS_TYPES_H
| # include <sys/types.h>
| #endif
| #ifdef HAVE_SYS_STAT_H
| # include <sys/stat.h>
| #endif
| #ifdef STDC_HEADERS
| # include <stdlib.h>
| # include <stddef.h>
| #else
| # ifdef HAVE_STDLIB_H
| #  include <stdlib.h>
| # endif
| #endif
| #ifdef HAVE_STRING_H
| # if !defined STDC_HEADERS && defined HAVE_MEMORY_H
| #  include <memory.h>
| # endif
| # include <string.h>
| #endif
| #ifdef HAVE_STRINGS_H
| # include <strings.h>
| #endif
| #ifdef HAVE_INTTYPES_H
| # include <inttypes.h>
| #endif
| #ifdef HAVE_STDINT_H
| # include <stdint.h>
| #endif
| #ifdef HAVE_UNISTD_H
| # include <unistd.h>
| #endif
| #include <sys/bitypes.h>
configure:4181: result: no
configure:4181: checking sys/bitypes.h presence
configure:4181: arm-linux-androideabi-gcc -E  conftest.c
conftest.c:22:25: fatal error: sys/bitypes.h: No such file or directory
 #include <sys/bitypes.h>
                         ^
compilation terminated.
configure:4181: $? = 1
configure: failed program was:
| /* confdefs.h */
| #define PACKAGE_NAME ""
| #define PACKAGE_TARNAME ""
| #define PACKAGE_VERSION ""
| #define PACKAGE_STRING ""
| #define PACKAGE_BUGREPORT ""
| #define PACKAGE_URL ""
| #define inline inline
| #define HAVE___ATTRIBUTE__ 1
| #define __ATTRIBUTE___FORMAT_OK 1
| #define STDC_HEADERS 1
| #define HAVE_SYS_TYPES_H 1
| #define HAVE_SYS_STAT_H 1
| #define HAVE_STDLIB_H 1
| #define HAVE_STRING_H 1
| #define HAVE_MEMORY_H 1
| #define HAVE_STRINGS_H 1
| #define HAVE_INTTYPES_H 1
| #define HAVE_STDINT_H 1
| #define HAVE_UNISTD_H 1
| /* end confdefs.h.  */
| #include <sys/bitypes.h>
configure:4181: result: no
configure:4181: checking for sys/bitypes.h
configure:4181: result: no
configure:4192: checking for int8_t
configure:4192: arm-linux-androideabi-gcc -c -g -O2  conftest.c >&5
configure:4192: $? = 0
configure:4192: arm-linux-androideabi-gcc -c -g -O2  conftest.c >&5
conftest.c: In function 'main':
conftest.c:62:21: error: expected expression before ')' token
 if (sizeof ((int8_t)))
                     ^
configure:4192: $? = 1
configure: failed program was:
| /* confdefs.h */
| #define PACKAGE_NAME ""
| #define PACKAGE_TARNAME ""
| #define PACKAGE_VERSION ""
| #define PACKAGE_STRING ""
| #define PACKAGE_BUGREPORT ""
| #define PACKAGE_URL ""
| #define inline inline
| #define HAVE___ATTRIBUTE__ 1
| #define __ATTRIBUTE___FORMAT_OK 1
| #define STDC_HEADERS 1
| #define HAVE_SYS_TYPES_H 1
| #define HAVE_SYS_STAT_H 1
| #define HAVE_STDLIB_H 1
| #define HAVE_STRING_H 1
| #define HAVE_MEMORY_H 1
| #define HAVE_STRINGS_H 1
| #define HAVE_INTTYPES_H 1
| #define HAVE_STDINT_H 1
| #define HAVE_UNISTD_H 1
| /* end confdefs.h.  */
| #include <stdio.h>
| #ifdef HAVE_SYS_TYPES_H
| # include <sys/types.h>
| #endif
| #ifdef HAVE_SYS_STAT_H
| # include <sys/stat.h>
| #endif
| #ifdef STDC_HEADERS
| # include <stdlib.h>
| # include <stddef.h>
| #else
| # ifdef HAVE_STDLIB_H
| #  include <stdlib.h>
| # endif
| #endif
| #ifdef HAVE_STRING_H
| # if !defined STDC_HEADERS && defined HAVE_MEMORY_H
| #  include <memory.h>
| # endif
| # include <string.h>
| #endif
| #ifdef HAVE_STRINGS_H
| # include <strings.h>
| #endif
| #ifdef HAVE_INTTYPES_H
| # include <inttypes.h>
| #endif
| #ifdef HAVE_STDINT_H
| # include <stdint.h>
| #endif
| #ifdef HAVE_UNISTD_H
| # include <unistd.h>
| #endif
| #ifdef HAVE_SYS_BITYPES_H
| #include <sys/bitypes.h>
| #endif
| 
| int
| main ()
| {
| if (sizeof ((int8_t)))
| 	    return 0;
|   ;
|   return 0;
| }
configure:4192: result: yes
configure:4205: checking for u_int8_t
configure:4205: arm-linux-androideabi-gcc -c -g -O2  conftest.c >&5
configure:4205: $? = 0
configure:4205: arm-linux-androideabi-gcc -c -g -O2  conftest.c >&5
conftest.c: In function 'main':
conftest.c:62:23: error: expected expression before ')' token
 if (sizeof ((u_int8_t)))
                       ^
configure:4205: $? = 1
configure: failed program was:
| /* confdefs.h */
| #define PACKAGE_NAME ""
| #define PACKAGE_TARNAME ""
| #define PACKAGE_VERSION ""
| #define PACKAGE_STRING ""
| #define PACKAGE_BUGREPORT ""
| #define PACKAGE_URL ""
| #define inline inline
| #define HAVE___ATTRIBUTE__ 1
| #define __ATTRIBUTE___FORMAT_OK 1
| #define STDC_HEADERS 1
| #define HAVE_SYS_TYPES_H 1
| #define HAVE_SYS_STAT_H 1
| #define HAVE_STDLIB_H 1
| #define HAVE_STRING_H 1
| #define HAVE_MEMORY_H 1
| #define HAVE_STRINGS_H 1
| #define HAVE_INTTYPES_H 1
| #define HAVE_STDINT_H 1
| #define HAVE_UNISTD_H 1
| /* end confdefs.h.  */
| #include <stdio.h>
| #ifdef HAVE_SYS_TYPES_H
| # include <sys/types.h>
| #endif
| #ifdef HAVE_SYS_STAT_H
| # include <sys/stat.h>
| #endif
| #ifdef STDC_HEADERS
| # include <stdlib.h>
| # include <stddef.h>
| #else
| # ifdef HAVE_STDLIB_H
| #  include <stdlib.h>
| # endif
| #endif
| #ifdef HAVE_STRING_H
| # if !defined STDC_HEADERS && defined HAVE_MEMORY_H
| #  include <memory.h>
| # endif
| # include <string.h>
| #endif
| #ifdef HAVE_STRINGS_H
| # include <strings.h>
| #endif
| #ifdef HAVE_INTTYPES_H
| # include <inttypes.h>
| #endif
| #ifdef HAVE_STDINT_H
| # include <stdint.h>
| #endif
| #ifdef HAVE_UNISTD_H
| # include <unistd.h>
| #endif
| #ifdef HAVE_SYS_BITYPES_H
| #include <sys/bitypes.h>
| #endif
| 
| int
| main ()
| {
| if (sizeof ((u_int8_t)))
| 	    return 0;
|   ;
|   return 0;
| }
configure:4205: result: yes
configure:4218: checking for int16_t
configure:4218: arm-linux-androideabi-gcc -c -g -O2  conftest.c >&5
configure:4218: $? = 0
configure:4218: arm-linux-androideabi-gcc -c -g -O2  conftest.c >&5
conftest.c: In function 'main':
conftest.c:58:22: error: expected expression before ')' token
 if (sizeof ((int16_t)))
                      ^
configure:4218: $? = 1
configure: failed program was:
| /* confdefs.h */
| #define PACKAGE_NAME ""
| #define PACKAGE_TARNAME ""
| #define PACKAGE_VERSION ""
| #define PACKAGE_STRING ""
| #define PACKAGE_BUGREPORT ""
| #define PACKAGE_URL ""
| #define inline inline
| #define HAVE___ATTRIBUTE__ 1
| #define __ATTRIBUTE___FORMAT_OK 1
| #define STDC_HEADERS 1
| #define HAVE_SYS_TYPES_H 1
| #define HAVE_SYS_STAT_H 1
| #define HAVE_STDLIB_H 1
| #define HAVE_STRING_H 1
| #define HAVE_MEMORY_H 1
| #define HAVE_STRINGS_H 1
| #define HAVE_INTTYPES_H 1
| #define HAVE_STDINT_H 1
| #define HAVE_UNISTD_H 1
| /* end confdefs.h.  */
| #include <stdio.h>
| #ifdef HAVE_SYS_TYPES_H
| # include <sys/types.h>
| #endif
| #ifdef HAVE_SYS_STAT_H
| # include <sys/stat.h>
| #endif
| #ifdef STDC_HEADERS
| # include <stdlib.h>
| # include <stddef.h>
| #else
| # ifdef HAVE_STDLIB_H
| #  include <stdlib.h>
| # endif
| #endif
| #ifdef HAVE_STRING_H
| # if !defined STDC_HEADERS && defined HAVE_MEMORY_H
| #  include <memory.h>
| # endif
| # include <string.h>
| #endif
| #ifdef HAVE_STRINGS_H
| # include <strings.h>
| #endif
| #ifdef HAVE_INTTYPES_H
| # include <inttypes.h>
| #endif
| #ifdef HAVE_STDINT_H
| # include <stdint.h>
| #endif
| #ifdef HAVE_UNISTD_H
| # include <unistd.h>
| #endif
| int
| main ()
| {
| if (sizeof ((int16_t)))
| 	    return 0;
|   ;
|   return 0;
| }
configure:4218: result: yes
configure:4231: checking for u_int16_t
configure:4231: arm-linux-androideabi-gcc -c -g -O2  conftest.c >&5
configure:4231: $? = 0
configure:4231: arm-linux-androideabi-gcc -c -g -O2  conftest.c >&5
conftest.c: In function 'main':
conftest.c:62:24: error: expected expression before ')' token
 if (sizeof ((u_int16_t)))
                        ^
configure:4231: $? = 1
configure: failed program was:
| /* confdefs.h */
| #define PACKAGE_NAME ""
| #define PACKAGE_TARNAME ""
| #define PACKAGE_VERSION ""
| #define PACKAGE_STRING ""
| #define PACKAGE_BUGREPORT ""
| #define PACKAGE_URL ""
| #define inline inline
| #define HAVE___ATTRIBUTE__ 1
| #define __ATTRIBUTE___FORMAT_OK 1
| #define STDC_HEADERS 1
| #define HAVE_SYS_TYPES_H 1
| #define HAVE_SYS_STAT_H 1
| #define HAVE_STDLIB_H 1
| #define HAVE_STRING_H 1
| #define HAVE_MEMORY_H 1
| #define HAVE_STRINGS_H 1
| #define HAVE_INTTYPES_H 1
| #define HAVE_STDINT_H 1
| #define HAVE_UNISTD_H 1
| /* end confdefs.h.  */
| #include <stdio.h>
| #ifdef HAVE_SYS_TYPES_H
| # include <sys/types.h>
| #endif
| #ifdef HAVE_SYS_STAT_H
| # include <sys/stat.h>
| #endif
| #ifdef STDC_HEADERS
| # include <stdlib.h>
| # include <stddef.h>
| #else
| # ifdef HAVE_STDLIB_H
| #  include <stdlib.h>
| # endif
| #endif
| #ifdef HAVE_STRING_H
| # if !defined STDC_HEADERS && defined HAVE_MEMORY_H
| #  include <memory.h>
| # endif
| # include <string.h>
| #endif
| #ifdef HAVE_STRINGS_H
| # include <strings.h>
| #endif
| #ifdef HAVE_INTTYPES_H
| # include <inttypes.h>
| #endif
| #ifdef HAVE_STDINT_H
| # include <stdint.h>
| #endif
| #ifdef HAVE_UNISTD_H
| # include <unistd.h>
| #endif
| #ifdef HAVE_SYS_BITYPES_H
| #include <sys/bitypes.h>
| #endif
| 
| int
| main ()
| {
| if (sizeof ((u_int16_t)))
| 	    return 0;
|   ;
|   return 0;
| }
configure:4231: result: yes
configure:4244: checking for int32_t
configure:4244: arm-linux-androideabi-gcc -c -g -O2  conftest.c >&5
configure:4244: $? = 0
configure:4244: arm-linux-androideabi-gcc -c -g -O2  conftest.c >&5
conftest.c: In function 'main':
conftest.c:62:22: error: expected expression before ')' token
 if (sizeof ((int32_t)))
                      ^
configure:4244: $? = 1
configure: failed program was:
| /* confdefs.h */
| #define PACKAGE_NAME ""
| #define PACKAGE_TARNAME ""
| #define PACKAGE_VERSION ""
| #define PACKAGE_STRING ""
| #define PACKAGE_BUGREPORT ""
| #define PACKAGE_URL ""
| #define inline inline
| #define HAVE___ATTRIBUTE__ 1
| #define __ATTRIBUTE___FORMAT_OK 1
| #define STDC_HEADERS 1
| #define HAVE_SYS_TYPES_H 1
| #define HAVE_SYS_STAT_H 1
| #define HAVE_STDLIB_H 1
| #define HAVE_STRING_H 1
| #define HAVE_MEMORY_H 1
| #define HAVE_STRINGS_H 1
| #define HAVE_INTTYPES_H 1
| #define HAVE_STDINT_H 1
| #define HAVE_UNISTD_H 1
| /* end confdefs.h.  */
| #include <stdio.h>
| #ifdef HAVE_SYS_TYPES_H
| # include <sys/types.h>
| #endif
| #ifdef HAVE_SYS_STAT_H
| # include <sys/stat.h>
| #endif
| #ifdef STDC_HEADERS
| # include <stdlib.h>
| # include <stddef.h>
| #else
| # ifdef HAVE_STDLIB_H
| #  include <stdlib.h>
| # endif
| #endif
| #ifdef HAVE_STRING_H
| # if !defined STDC_HEADERS && defined HAVE_MEMORY_H
| #  include <memory.h>
| # endif
| # include <string.h>
| #endif
| #ifdef HAVE_STRINGS_H
| # include <strings.h>
| #endif
| #ifdef HAVE_INTTYPES_H
| # include <inttypes.h>
| #endif
| #ifdef HAVE_STDINT_H
| # include <stdint.h>
| #endif
| #ifdef HAVE_UNISTD_H
| # include <unistd.h>
| #endif
| #ifdef HAVE_SYS_BITYPES_H
| #include <sys/bitypes.h>
| #endif
| 
| int
| main ()
| {
| if (sizeof ((int32_t)))
| 	    return 0;
|   ;
|   return 0;
| }
configure:4244: result: yes
configure:4257: checking for u_int32_t
configure:4257: arm-linux-androideabi-gcc -c -g -O2  conftest.c >&5
configure:4257: $? = 0
configure:4257: arm-linux-androideabi-gcc -c -g -O2  conftest.c >&5
conftest.c: In function 'main':
conftest.c:62:24: error: expected expression before ')' token
 if (sizeof ((u_int32_t)))
                        ^
configure:4257: $? = 1
configure: failed program was:
| /* confdefs.h */
| #define PACKAGE_NAME ""
| #define PACKAGE_TARNAME ""
| #define PACKAGE_VERSION ""
| #define PACKAGE_STRING ""
| #define PACKAGE_BUGREPORT ""
| #define PACKAGE_URL ""
| #define inline inline
| #define HAVE___ATTRIBUTE__ 1
| #define __ATTRIBUTE___FORMAT_OK 1
| #define STDC_HEADERS 1
| #define HAVE_SYS_TYPES_H 1
| #define HAVE_SYS_STAT_H 1
| #define HAVE_STDLIB_H 1
| #define HAVE_STRING_H 1
| #define HAVE_MEMORY_H 1
| #define HAVE_STRINGS_H 1
| #define HAVE_INTTYPES_H 1
| #define HAVE_STDINT_H 1
| #define HAVE_UNISTD_H 1
| /* end confdefs.h.  */
| #include <stdio.h>
| #ifdef HAVE_SYS_TYPES_H
| # include <sys/types.h>
| #endif
| #ifdef HAVE_SYS_STAT_H
| # include <sys/stat.h>
| #endif
| #ifdef STDC_HEADERS
| # include <stdlib.h>
| # include <stddef.h>
| #else
| # ifdef HAVE_STDLIB_H
| #  include <stdlib.h>
| # endif
| #endif
| #ifdef HAVE_STRING_H
| # if !defined STDC_HEADERS && defined HAVE_MEMORY_H
| #  include <memory.h>
| # endif
| # include <string.h>
| #endif
| #ifdef HAVE_STRINGS_H
| # include <strings.h>
| #endif
| #ifdef HAVE_INTTYPES_H
| # include <inttypes.h>
| #endif
| #ifdef HAVE_STDINT_H
| # include <stdint.h>
| #endif
| #ifdef HAVE_UNISTD_H
| # include <unistd.h>
| #endif
| #ifdef HAVE_SYS_BITYPES_H
| #include <sys/bitypes.h>
| #endif
| 
| int
| main ()
| {
| if (sizeof ((u_int32_t)))
| 	    return 0;
|   ;
|   return 0;
| }
configure:4257: result: yes
configure:4270: checking for int64_t
configure:4270: arm-linux-androideabi-gcc -c -g -O2  conftest.c >&5
configure:4270: $? = 0
configure:4270: arm-linux-androideabi-gcc -c -g -O2  conftest.c >&5
conftest.c: In function 'main':
conftest.c:62:22: error: expected expression before ')' token
 if (sizeof ((int64_t)))
                      ^
configure:4270: $? = 1
configure: failed program was:
| /* confdefs.h */
| #define PACKAGE_NAME ""
| #define PACKAGE_TARNAME ""
| #define PACKAGE_VERSION ""
| #define PACKAGE_STRING ""
| #define PACKAGE_BUGREPORT ""
| #define PACKAGE_URL ""
| #define inline inline
| #define HAVE___ATTRIBUTE__ 1
| #define __ATTRIBUTE___FORMAT_OK 1
| #define STDC_HEADERS 1
| #define HAVE_SYS_TYPES_H 1
| #define HAVE_SYS_STAT_H 1
| #define HAVE_STDLIB_H 1
| #define HAVE_STRING_H 1
| #define HAVE_MEMORY_H 1
| #define HAVE_STRINGS_H 1
| #define HAVE_INTTYPES_H 1
| #define HAVE_STDINT_H 1
| #define HAVE_UNISTD_H 1
| /* end confdefs.h.  */
| #include <stdio.h>
| #ifdef HAVE_SYS_TYPES_H
| # include <sys/types.h>
| #endif
| #ifdef HAVE_SYS_STAT_H
| # include <sys/stat.h>
| #endif
| #ifdef STDC_HEADERS
| # include <stdlib.h>
| # include <stddef.h>
| #else
| # ifdef HAVE_STDLIB_H
| #  include <stdlib.h>
| # endif
| #endif
| #ifdef HAVE_STRING_H
| # if !defined STDC_HEADERS && defined HAVE_MEMORY_H
| #  include <memory.h>
| # endif
| # include <string.h>
| #endif
| #ifdef HAVE_STRINGS_H
| # include <strings.h>
| #endif
| #ifdef HAVE_INTTYPES_H
| # include <inttypes.h>
| #endif
| #ifdef HAVE_STDINT_H
| # include <stdint.h>
| #endif
| #ifdef HAVE_UNISTD_H
| # include <unistd.h>
| #endif
| #ifdef HAVE_SYS_BITYPES_H
| #include <sys/bitypes.h>
| #endif
| 
| int
| main ()
| {
| if (sizeof ((int64_t)))
| 	    return 0;
|   ;
|   return 0;
| }
configure:4270: result: yes
configure:4283: checking for u_int64_t
configure:4283: arm-linux-androideabi-gcc -c -g -O2  conftest.c >&5
configure:4283: $? = 0
configure:4283: arm-linux-androideabi-gcc -c -g -O2  conftest.c >&5
conftest.c: In function 'main':
conftest.c:62:24: error: expected expression before ')' token
 if (sizeof ((u_int64_t)))
                        ^
configure:4283: $? = 1
configure: failed program was:
| /* confdefs.h */
| #define PACKAGE_NAME ""
| #define PACKAGE_TARNAME ""
| #define PACKAGE_VERSION ""
| #define PACKAGE_STRING ""
| #define PACKAGE_BUGREPORT ""
| #define PACKAGE_URL ""
| #define inline inline
| #define HAVE___ATTRIBUTE__ 1
| #define __ATTRIBUTE___FORMAT_OK 1
| #define STDC_HEADERS 1
| #define HAVE_SYS_TYPES_H 1
| #define HAVE_SYS_STAT_H 1
| #define HAVE_STDLIB_H 1
| #define HAVE_STRING_H 1
| #define HAVE_MEMORY_H 1
| #define HAVE_STRINGS_H 1
| #define HAVE_INTTYPES_H 1
| #define HAVE_STDINT_H 1
| #define HAVE_UNISTD_H 1
| /* end confdefs.h.  */
| #include <stdio.h>
| #ifdef HAVE_SYS_TYPES_H
| # include <sys/types.h>
| #endif
| #ifdef HAVE_SYS_STAT_H
| # include <sys/stat.h>
| #endif
| #ifdef STDC_HEADERS
| # include <stdlib.h>
| # include <stddef.h>
| #else
| # ifdef HAVE_STDLIB_H
| #  include <stdlib.h>
| # endif
| #endif
| #ifdef HAVE_STRING_H
| # if !defined STDC_HEADERS && defined HAVE_MEMORY_H
| #  include <memory.h>
| # endif
| # include <string.h>
| #endif
| #ifdef HAVE_STRINGS_H
| # include <strings.h>
| #endif
| #ifdef HAVE_INTTYPES_H
| # include <inttypes.h>
| #endif
| #ifdef HAVE_STDINT_H
| # include <stdint.h>
| #endif
| #ifdef HAVE_UNISTD_H
| # include <unistd.h>
| #endif
| #ifdef HAVE_SYS_BITYPES_H
| #include <sys/bitypes.h>
| #endif
| 
| int
| main ()
| {
| if (sizeof ((u_int64_t)))
| 	    return 0;
|   ;
|   return 0;
| }
configure:4283: result: yes
configure:4307: checking for special C compiler options needed for large files
configure:4352: result: no
configure:4358: checking for _FILE_OFFSET_BITS value needed for large files
configure:4383: arm-linux-androideabi-gcc -c -g -O2  conftest.c >&5
conftest.c:28:7: error: size of array 'off_t_is_large' is negative
   int off_t_is_large[(LARGE_OFF_T % 2147483629 == 721
       ^
configure:4383: $? = 1
configure: failed program was:
| /* confdefs.h */
| #define PACKAGE_NAME ""
| #define PACKAGE_TARNAME ""
| #define PACKAGE_VERSION ""
| #define PACKAGE_STRING ""
| #define PACKAGE_BUGREPORT ""
| #define PACKAGE_URL ""
| #define inline inline
| #define HAVE___ATTRIBUTE__ 1
| #define __ATTRIBUTE___FORMAT_OK 1
| #define STDC_HEADERS 1
| #define HAVE_SYS_TYPES_H 1
| #define HAVE_SYS_STAT_H 1
| #define HAVE_STDLIB_H 1
| #define HAVE_STRING_H 1
| #define HAVE_MEMORY_H 1
| #define HAVE_STRINGS_H 1
| #define HAVE_INTTYPES_H 1
| #define HAVE_STDINT_H 1
| #define HAVE_UNISTD_H 1
| /* end confdefs.h.  */
| #include <sys/types.h>
|  /* Check that off_t can represent 2**63 - 1 correctly.
|     We can't simply define LARGE_OFF_T to be 9223372036854775807,
|     since some C++ compilers masquerading as C compilers
|     incorrectly reject 9223372036854775807.  */
| #define LARGE_OFF_T ((((off_t) 1 << 31) << 31) - 1 + (((off_t) 1 << 31) << 31))
|   int off_t_is_large[(LARGE_OFF_T % 2147483629 == 721
| 		       && LARGE_OFF_T % 2147483647 == 1)
| 		      ? 1 : -1];
| int
| main ()
| {
| 
|   ;
|   return 0;
| }
configure:4407: arm-linux-androideabi-gcc -c -g -O2  conftest.c >&5
conftest.c:29:7: error: size of array 'off_t_is_large' is negative
   int off_t_is_large[(LARGE_OFF_T % 2147483629 == 721
       ^
configure:4407: $? = 1
configure: failed program was:
| /* confdefs.h */
| #define PACKAGE_NAME ""
| #define PACKAGE_TARNAME ""
| #define PACKAGE_VERSION ""
| #define PACKAGE_STRING ""
| #define PACKAGE_BUGREPORT ""
| #define PACKAGE_URL ""
| #define inline inline
| #define HAVE___ATTRIBUTE__ 1
| #define __ATTRIBUTE___FORMAT_OK 1
| #define STDC_HEADERS 1
| #define HAVE_SYS_TYPES_H 1
| #define HAVE_SYS_STAT_H 1
| #define HAVE_STDLIB_H 1
| #define HAVE_STRING_H 1
| #define HAVE_MEMORY_H 1
| #define HAVE_STRINGS_H 1
| #define HAVE_INTTYPES_H 1
| #define HAVE_STDINT_H 1
| #define HAVE_UNISTD_H 1
| /* end confdefs.h.  */
| #define _FILE_OFFSET_BITS 64
| #include <sys/types.h>
|  /* Check that off_t can represent 2**63 - 1 correctly.
|     We can't simply define LARGE_OFF_T to be 9223372036854775807,
|     since some C++ compilers masquerading as C compilers
|     incorrectly reject 9223372036854775807.  */
| #define LARGE_OFF_T ((((off_t) 1 << 31) << 31) - 1 + (((off_t) 1 << 31) << 31))
|   int off_t_is_large[(LARGE_OFF_T % 2147483629 == 721
| 		       && LARGE_OFF_T % 2147483647 == 1)
| 		      ? 1 : -1];
| int
| main ()
| {
| 
|   ;
|   return 0;
| }
configure:4415: result: unknown
configure:4427: checking for _LARGE_FILES value needed for large files
configure:4452: arm-linux-androideabi-gcc -c -g -O2  conftest.c >&5
conftest.c:28:7: error: size of array 'off_t_is_large' is negative
   int off_t_is_large[(LARGE_OFF_T % 2147483629 == 721
       ^
configure:4452: $? = 1
configure: failed program was:
| /* confdefs.h */
| #define PACKAGE_NAME ""
| #define PACKAGE_TARNAME ""
| #define PACKAGE_VERSION ""
| #define PACKAGE_STRING ""
| #define PACKAGE_BUGREPORT ""
| #define PACKAGE_URL ""
| #define inline inline
| #define HAVE___ATTRIBUTE__ 1
| #define __ATTRIBUTE___FORMAT_OK 1
| #define STDC_HEADERS 1
| #define HAVE_SYS_TYPES_H 1
| #define HAVE_SYS_STAT_H 1
| #define HAVE_STDLIB_H 1
| #define HAVE_STRING_H 1
| #define HAVE_MEMORY_H 1
| #define HAVE_STRINGS_H 1
| #define HAVE_INTTYPES_H 1
| #define HAVE_STDINT_H 1
| #define HAVE_UNISTD_H 1
| /* end confdefs.h.  */
| #include <sys/types.h>
|  /* Check that off_t can represent 2**63 - 1 correctly.
|     We can't simply define LARGE_OFF_T to be 9223372036854775807,
|     since some C++ compilers masquerading as C compilers
|     incorrectly reject 9223372036854775807.  */
| #define LARGE_OFF_T ((((off_t) 1 << 31) << 31) - 1 + (((off_t) 1 << 31) << 31))
|   int off_t_is_large[(LARGE_OFF_T % 2147483629 == 721
| 		       && LARGE_OFF_T % 2147483647 == 1)
| 		      ? 1 : -1];
| int
| main ()
| {
| 
|   ;
|   return 0;
| }
configure:4476: arm-linux-androideabi-gcc -c -g -O2  conftest.c >&5
conftest.c:29:7: error: size of array 'off_t_is_large' is negative
   int off_t_is_large[(LARGE_OFF_T % 2147483629 == 721
       ^
configure:4476: $? = 1
configure: failed program was:
| /* confdefs.h */
| #define PACKAGE_NAME ""
| #define PACKAGE_TARNAME ""
| #define PACKAGE_VERSION ""
| #define PACKAGE_STRING ""
| #define PACKAGE_BUGREPORT ""
| #define PACKAGE_URL ""
| #define inline inline
| #define HAVE___ATTRIBUTE__ 1
| #define __ATTRIBUTE___FORMAT_OK 1
| #define STDC_HEADERS 1
| #define HAVE_SYS_TYPES_H 1
| #define HAVE_SYS_STAT_H 1
| #define HAVE_STDLIB_H 1
| #define HAVE_STRING_H 1
| #define HAVE_MEMORY_H 1
| #define HAVE_STRINGS_H 1
| #define HAVE_INTTYPES_H 1
| #define HAVE_STDINT_H 1
| #define HAVE_UNISTD_H 1
| /* end confdefs.h.  */
| #define _LARGE_FILES 1
| #include <sys/types.h>
|  /* Check that off_t can represent 2**63 - 1 correctly.
|     We can't simply define LARGE_OFF_T to be 9223372036854775807,
|     since some C++ compilers masquerading as C compilers
|     incorrectly reject 9223372036854775807.  */
| #define LARGE_OFF_T ((((off_t) 1 << 31) << 31) - 1 + (((off_t) 1 << 31) << 31))
|   int off_t_is_large[(LARGE_OFF_T % 2147483629 == 721
| 		       && LARGE_OFF_T % 2147483647 == 1)
| 		      ? 1 : -1];
| int
| main ()
| {
| 
|   ;
|   return 0;
| }
configure:4484: result: unknown
configure:4500: checking for _LARGEFILE_SOURCE value needed for large files
configure:4519: arm-linux-androideabi-gcc -o conftest -g -O2   conftest.c  >&5
configure:4519: $? = 0
configure:4547: result: no
configure:4572: checking sys/ioccom.h usability
configure:4572: arm-linux-androideabi-gcc -c -g -O2  conftest.c >&5
conftest.c:56:24: fatal error: sys/ioccom.h: No such file or directory
 #include <sys/ioccom.h>
                        ^
compilation terminated.
configure:4572: $? = 1
configure: failed program was:
| /* confdefs.h */
| #define PACKAGE_NAME ""
| #define PACKAGE_TARNAME ""
| #define PACKAGE_VERSION ""
| #define PACKAGE_STRING ""
| #define PACKAGE_BUGREPORT ""
| #define PACKAGE_URL ""
| #define inline inline
| #define HAVE___ATTRIBUTE__ 1
| #define __ATTRIBUTE___FORMAT_OK 1
| #define STDC_HEADERS 1
| #define HAVE_SYS_TYPES_H 1
| #define HAVE_SYS_STAT_H 1
| #define HAVE_STDLIB_H 1
| #define HAVE_STRING_H 1
| #define HAVE_MEMORY_H 1
| #define HAVE_STRINGS_H 1
| #define HAVE_INTTYPES_H 1
| #define HAVE_STDINT_H 1
| #define HAVE_UNISTD_H 1
| #define HAVE_FSEEKO 1
| /* end confdefs.h.  */
| #include <stdio.h>
| #ifdef HAVE_SYS_TYPES_H
| # include <sys/types.h>
| #endif
| #ifdef HAVE_SYS_STAT_H
| # include <sys/stat.h>
| #endif
| #ifdef STDC_HEADERS
| # include <stdlib.h>
| # include <stddef.h>
| #else
| # ifdef HAVE_STDLIB_H
| #  include <stdlib.h>
| # endif
| #endif
| #ifdef HAVE_STRING_H
| # if !defined STDC_HEADERS && defined HAVE_MEMORY_H
| #  include <memory.h>
| # endif
| # include <string.h>
| #endif
| #ifdef HAVE_STRINGS_H
| # include <strings.h>
| #endif
| #ifdef HAVE_INTTYPES_H
| # include <inttypes.h>
| #endif
| #ifdef HAVE_STDINT_H
| # include <stdint.h>
| #endif
| #ifdef HAVE_UNISTD_H
| # include <unistd.h>
| #endif
| #include <sys/ioccom.h>
configure:4572: result: no
configure:4572: checking sys/ioccom.h presence
configure:4572: arm-linux-androideabi-gcc -E  conftest.c
conftest.c:23:24: fatal error: sys/ioccom.h: No such file or directory
 #include <sys/ioccom.h>
                        ^
compilation terminated.
configure:4572: $? = 1
configure: failed program was:
| /* confdefs.h */
| #define PACKAGE_NAME ""
| #define PACKAGE_TARNAME ""
| #define PACKAGE_VERSION ""
| #define PACKAGE_STRING ""
| #define PACKAGE_BUGREPORT ""
| #define PACKAGE_URL ""
| #define inline inline
| #define HAVE___ATTRIBUTE__ 1
| #define __ATTRIBUTE___FORMAT_OK 1
| #define STDC_HEADERS 1
| #define HAVE_SYS_TYPES_H 1
| #define HAVE_SYS_STAT_H 1
| #define HAVE_STDLIB_H 1
| #define HAVE_STRING_H 1
| #define HAVE_MEMORY_H 1
| #define HAVE_STRINGS_H 1
| #define HAVE_INTTYPES_H 1
| #define HAVE_STDINT_H 1
| #define HAVE_UNISTD_H 1
| #define HAVE_FSEEKO 1
| /* end confdefs.h.  */
| #include <sys/ioccom.h>
configure:4572: result: no
configure:4572: checking for sys/ioccom.h
configure:4572: result: no
configure:4572: checking sys/sockio.h usability
configure:4572: arm-linux-androideabi-gcc -c -g -O2  conftest.c >&5
conftest.c:56:24: fatal error: sys/sockio.h: No such file or directory
 #include <sys/sockio.h>
                        ^
compilation terminated.
configure:4572: $? = 1
configure: failed program was:
| /* confdefs.h */
| #define PACKAGE_NAME ""
| #define PACKAGE_TARNAME ""
| #define PACKAGE_VERSION ""
| #define PACKAGE_STRING ""
| #define PACKAGE_BUGREPORT ""
| #define PACKAGE_URL ""
| #define inline inline
| #define HAVE___ATTRIBUTE__ 1
| #define __ATTRIBUTE___FORMAT_OK 1
| #define STDC_HEADERS 1
| #define HAVE_SYS_TYPES_H 1
| #define HAVE_SYS_STAT_H 1
| #define HAVE_STDLIB_H 1
| #define HAVE_STRING_H 1
| #define HAVE_MEMORY_H 1
| #define HAVE_STRINGS_H 1
| #define HAVE_INTTYPES_H 1
| #define HAVE_STDINT_H 1
| #define HAVE_UNISTD_H 1
| #define HAVE_FSEEKO 1
| /* end confdefs.h.  */
| #include <stdio.h>
| #ifdef HAVE_SYS_TYPES_H
| # include <sys/types.h>
| #endif
| #ifdef HAVE_SYS_STAT_H
| # include <sys/stat.h>
| #endif
| #ifdef STDC_HEADERS
| # include <stdlib.h>
| # include <stddef.h>
| #else
| # ifdef HAVE_STDLIB_H
| #  include <stdlib.h>
| # endif
| #endif
| #ifdef HAVE_STRING_H
| # if !defined STDC_HEADERS && defined HAVE_MEMORY_H
| #  include <memory.h>
| # endif
| # include <string.h>
| #endif
| #ifdef HAVE_STRINGS_H
| # include <strings.h>
| #endif
| #ifdef HAVE_INTTYPES_H
| # include <inttypes.h>
| #endif
| #ifdef HAVE_STDINT_H
| # include <stdint.h>
| #endif
| #ifdef HAVE_UNISTD_H
| # include <unistd.h>
| #endif
| #include <sys/sockio.h>
configure:4572: result: no
configure:4572: checking sys/sockio.h presence
configure:4572: arm-linux-androideabi-gcc -E  conftest.c
conftest.c:23:24: fatal error: sys/sockio.h: No such file or directory
 #include <sys/sockio.h>
                        ^
compilation terminated.
configure:4572: $? = 1
configure: failed program was:
| /* confdefs.h */
| #define PACKAGE_NAME ""
| #define PACKAGE_TARNAME ""
| #define PACKAGE_VERSION ""
| #define PACKAGE_STRING ""
| #define PACKAGE_BUGREPORT ""
| #define PACKAGE_URL ""
| #define inline inline
| #define HAVE___ATTRIBUTE__ 1
| #define __ATTRIBUTE___FORMAT_OK 1
| #define STDC_HEADERS 1
| #define HAVE_SYS_TYPES_H 1
| #define HAVE_SYS_STAT_H 1
| #define HAVE_STDLIB_H 1
| #define HAVE_STRING_H 1
| #define HAVE_MEMORY_H 1
| #define HAVE_STRINGS_H 1
| #define HAVE_INTTYPES_H 1
| #define HAVE_STDINT_H 1
| #define HAVE_UNISTD_H 1
| #define HAVE_FSEEKO 1
| /* end confdefs.h.  */
| #include <sys/sockio.h>
configure:4572: result: no
configure:4572: checking for sys/sockio.h
configure:4572: result: no
configure:4572: checking limits.h usability
configure:4572: arm-linux-androideabi-gcc -c -g -O2  conftest.c >&5
configure:4572: $? = 0
configure:4572: result: yes
configure:4572: checking limits.h presence
configure:4572: arm-linux-androideabi-gcc -E  conftest.c
configure:4572: $? = 0
configure:4572: result: yes
configure:4572: checking for limits.h
configure:4572: result: yes
configure:4572: checking paths.h usability
configure:4572: arm-linux-androideabi-gcc -c -g -O2  conftest.c >&5
configure:4572: $? = 0
configure:4572: result: yes
configure:4572: checking paths.h presence
configure:4572: arm-linux-androideabi-gcc -E  conftest.c
configure:4572: $? = 0
configure:4572: result: yes
configure:4572: checking for paths.h
configure:4572: result: yes
configure:4584: checking linux/types.h usability
configure:4584: arm-linux-androideabi-gcc -c -g -O2  conftest.c >&5
configure:4584: $? = 0
configure:4584: result: yes
configure:4584: checking linux/types.h presence
configure:4584: arm-linux-androideabi-gcc -E  conftest.c
configure:4584: $? = 0
configure:4584: result: yes
configure:4584: checking for linux/types.h
configure:4584: result: yes
configure:4597: checking linux/if_packet.h usability
configure:4597: arm-linux-androideabi-gcc -c -g -O2  conftest.c >&5
configure:4597: $? = 0
configure:4597: result: yes
configure:4597: checking linux/if_packet.h presence
configure:4597: arm-linux-androideabi-gcc -E  conftest.c
configure:4597: $? = 0
configure:4597: result: yes
configure:4597: checking for linux/if_packet.h
configure:4597: result: yes
configure:4597: checking netpacket/packet.h usability
configure:4597: arm-linux-androideabi-gcc -c -g -O2  conftest.c >&5
configure:4597: $? = 0
configure:4597: result: yes
configure:4597: checking netpacket/packet.h presence
configure:4597: arm-linux-androideabi-gcc -E  conftest.c
configure:4597: $? = 0
configure:4597: result: yes
configure:4597: checking for netpacket/packet.h
configure:4597: result: yes
configure:4597: checking netpacket/if_packet.h usability
configure:4597: arm-linux-androideabi-gcc -c -g -O2  conftest.c >&5
conftest.c:61:33: fatal error: netpacket/if_packet.h: No such file or directory
 #include <netpacket/if_packet.h>
                                 ^
compilation terminated.
configure:4597: $? = 1
configure: failed program was:
| /* confdefs.h */
| #define PACKAGE_NAME ""
| #define PACKAGE_TARNAME ""
| #define PACKAGE_VERSION ""
| #define PACKAGE_STRING ""
| #define PACKAGE_BUGREPORT ""
| #define PACKAGE_URL ""
| #define inline inline
| #define HAVE___ATTRIBUTE__ 1
| #define __ATTRIBUTE___FORMAT_OK 1
| #define STDC_HEADERS 1
| #define HAVE_SYS_TYPES_H 1
| #define HAVE_SYS_STAT_H 1
| #define HAVE_STDLIB_H 1
| #define HAVE_STRING_H 1
| #define HAVE_MEMORY_H 1
| #define HAVE_STRINGS_H 1
| #define HAVE_INTTYPES_H 1
| #define HAVE_STDINT_H 1
| #define HAVE_UNISTD_H 1
| #define HAVE_FSEEKO 1
| #define HAVE_LIMITS_H 1
| #define HAVE_PATHS_H 1
| #define HAVE_LINUX_TYPES_H 1
| #define HAVE_LINUX_IF_PACKET_H 1
| #define HAVE_NETPACKET_PACKET_H 1
| /* end confdefs.h.  */
| #include <stdio.h>
| #ifdef HAVE_SYS_TYPES_H
| # include <sys/types.h>
| #endif
| #ifdef HAVE_SYS_STAT_H
| # include <sys/stat.h>
| #endif
| #ifdef STDC_HEADERS
| # include <stdlib.h>
| # include <stddef.h>
| #else
| # ifdef HAVE_STDLIB_H
| #  include <stdlib.h>
| # endif
| #endif
| #ifdef HAVE_STRING_H
| # if !defined STDC_HEADERS && defined HAVE_MEMORY_H
| #  include <memory.h>
| # endif
| # include <string.h>
| #endif
| #ifdef HAVE_STRINGS_H
| # include <strings.h>
| #endif
| #ifdef HAVE_INTTYPES_H
| # include <inttypes.h>
| #endif
| #ifdef HAVE_STDINT_H
| # include <stdint.h>
| #endif
| #ifdef HAVE_UNISTD_H
| # include <unistd.h>
| #endif
| #include <netpacket/if_packet.h>
configure:4597: result: no
configure:4597: checking netpacket/if_packet.h presence
configure:4597: arm-linux-androideabi-gcc -E  conftest.c
conftest.c:28:33: fatal error: netpacket/if_packet.h: No such file or directory
 #include <netpacket/if_packet.h>
                                 ^
compilation terminated.
configure:4597: $? = 1
configure: failed program was:
| /* confdefs.h */
| #define PACKAGE_NAME ""
| #define PACKAGE_TARNAME ""
| #define PACKAGE_VERSION ""
| #define PACKAGE_STRING ""
| #define PACKAGE_BUGREPORT ""
| #define PACKAGE_URL ""
| #define inline inline
| #define HAVE___ATTRIBUTE__ 1
| #define __ATTRIBUTE___FORMAT_OK 1
| #define STDC_HEADERS 1
| #define HAVE_SYS_TYPES_H 1
| #define HAVE_SYS_STAT_H 1
| #define HAVE_STDLIB_H 1
| #define HAVE_STRING_H 1
| #define HAVE_MEMORY_H 1
| #define HAVE_STRINGS_H 1
| #define HAVE_INTTYPES_H 1
| #define HAVE_STDINT_H 1
| #define HAVE_UNISTD_H 1
| #define HAVE_FSEEKO 1
| #define HAVE_LIMITS_H 1
| #define HAVE_PATHS_H 1
| #define HAVE_LINUX_TYPES_H 1
| #define HAVE_LINUX_IF_PACKET_H 1
| #define HAVE_NETPACKET_PACKET_H 1
| /* end confdefs.h.  */
| #include <netpacket/if_packet.h>
configure:4597: result: no
configure:4597: checking for netpacket/if_packet.h
configure:4597: result: no
configure:4609: checking for net/pfvar.h
configure:4609: arm-linux-androideabi-gcc -c -g -O2  conftest.c >&5
conftest.c:32:23: fatal error: net/pfvar.h: No such file or directory
 #include <net/pfvar.h>
                       ^
compilation terminated.
configure:4609: $? = 1
configure: failed program was:
| /* confdefs.h */
| #define PACKAGE_NAME ""
| #define PACKAGE_TARNAME ""
| #define PACKAGE_VERSION ""
| #define PACKAGE_STRING ""
| #define PACKAGE_BUGREPORT ""
| #define PACKAGE_URL ""
| #define inline inline
| #define HAVE___ATTRIBUTE__ 1
| #define __ATTRIBUTE___FORMAT_OK 1
| #define STDC_HEADERS 1
| #define HAVE_SYS_TYPES_H 1
| #define HAVE_SYS_STAT_H 1
| #define HAVE_STDLIB_H 1
| #define HAVE_STRING_H 1
| #define HAVE_MEMORY_H 1
| #define HAVE_STRINGS_H 1
| #define HAVE_INTTYPES_H 1
| #define HAVE_STDINT_H 1
| #define HAVE_UNISTD_H 1
| #define HAVE_FSEEKO 1
| #define HAVE_LIMITS_H 1
| #define HAVE_PATHS_H 1
| #define HAVE_LINUX_TYPES_H 1
| #define HAVE_LINUX_IF_PACKET_H 1
| #define HAVE_NETPACKET_PACKET_H 1
| /* end confdefs.h.  */
| #include <sys/types.h>
| #include <sys/socket.h>
| #include <net/if.h>
| 
| #include <net/pfvar.h>
configure:4609: result: no
configure:4658: checking for netinet/if_ether.h
configure:4658: arm-linux-androideabi-gcc -c -g -O2  conftest.c >&5
configure:4658: $? = 0
configure:4658: result: yes
configure:4706: checking for linux/sockios.h
configure:4706: arm-linux-androideabi-gcc -c -g -O2  conftest.c >&5
configure:4706: $? = 0
configure:4706: result: yes
configure:4706: checking for linux/if_bonding.h
configure:4706: arm-linux-androideabi-gcc -c -g -O2  conftest.c >&5
configure:4706: $? = 0
configure:4706: result: yes
configure:4724: checking for ANSI ioctl definitions
configure:4752: arm-linux-androideabi-gcc -c -g -O2  conftest.c >&5
configure:4752: $? = 0
configure:4760: result: yes
configure:4772: checking for strerror
configure:4772: arm-linux-androideabi-gcc -o conftest -g -O2   conftest.c  >&5
configure:4772: $? = 0
configure:4772: result: yes
configure:4772: checking for strlcpy
configure:4772: arm-linux-androideabi-gcc -o conftest -g -O2   conftest.c  >&5
configure:4772: $? = 0
configure:4772: result: yes
configure:4786: checking for vsnprintf
configure:4786: arm-linux-androideabi-gcc -o conftest -g -O2   conftest.c  >&5
conftest.c:56:6: warning: conflicting types for built-in function 'vsnprintf'
 char vsnprintf ();
      ^
configure:4786: $? = 0
configure:4786: result: yes
configure:4786: checking for snprintf
configure:4786: arm-linux-androideabi-gcc -o conftest -g -O2   conftest.c  >&5
conftest.c:57:6: warning: conflicting types for built-in function 'snprintf'
 char snprintf ();
      ^
configure:4786: $? = 0
configure:4786: result: yes
configure:4815: checking for library containing gethostbyname
configure:4846: arm-linux-androideabi-gcc -o conftest -g -O2   conftest.c  >&5
configure:4846: $? = 0
configure:4863: result: none required
configure:4916: checking for library containing socket
configure:4947: arm-linux-androideabi-gcc -o conftest -g -O2   conftest.c  >&5
configure:4947: $? = 0
configure:4964: result: none required
configure:5014: checking for library containing putmsg
configure:5045: arm-linux-androideabi-gcc -o conftest -g -O2   conftest.c  >&5
conftest.c:46: error: undefined reference to 'putmsg'
collect2: error: ld returned 1 exit status
configure:5045: $? = 1
configure: failed program was:
| /* confdefs.h */
| #define PACKAGE_NAME ""
| #define PACKAGE_TARNAME ""
| #define PACKAGE_VERSION ""
| #define PACKAGE_STRING ""
| #define PACKAGE_BUGREPORT ""
| #define PACKAGE_URL ""
| #define inline inline
| #define HAVE___ATTRIBUTE__ 1
| #define __ATTRIBUTE___FORMAT_OK 1
| #define STDC_HEADERS 1
| #define HAVE_SYS_TYPES_H 1
| #define HAVE_SYS_STAT_H 1
| #define HAVE_STDLIB_H 1
| #define HAVE_STRING_H 1
| #define HAVE_MEMORY_H 1
| #define HAVE_STRINGS_H 1
| #define HAVE_INTTYPES_H 1
| #define HAVE_STDINT_H 1
| #define HAVE_UNISTD_H 1
| #define HAVE_FSEEKO 1
| #define HAVE_LIMITS_H 1
| #define HAVE_PATHS_H 1
| #define HAVE_LINUX_TYPES_H 1
| #define HAVE_LINUX_IF_PACKET_H 1
| #define HAVE_NETPACKET_PACKET_H 1
| #define HAVE_NETINET_IF_ETHER_H 1
| #define HAVE_LINUX_SOCKIOS_H 1
| #define HAVE_LINUX_IF_BONDING_H 1
| #define HAVE_STRERROR 1
| #define HAVE_STRLCPY 1
| #define HAVE_VSNPRINTF 1
| #define HAVE_SNPRINTF 1
| /* end confdefs.h.  */
| 
| /* Override any GCC internal prototype to avoid an error.
|    Use char because int might match the return type of a GCC
|    builtin and then its argument prototype would still apply.  */
| #ifdef __cplusplus
| extern "C"
| #endif
| char putmsg ();
| int
| main ()
| {
| return putmsg ();
|   ;
|   return 0;
| }
configure:5045: arm-linux-androideabi-gcc -o conftest -g -O2   conftest.c -lstr   >&5
/home/francesco/Dropbox/bin/android-toolchain/bin/../lib/gcc/arm-linux-androideabi/4.9/../../../../arm-linux-androideabi/bin/ld: error: cannot find -lstr
conftest.c:46: error: undefined reference to 'putmsg'
collect2: error: ld returned 1 exit status
configure:5045: $? = 1
configure: failed program was:
| /* confdefs.h */
| #define PACKAGE_NAME ""
| #define PACKAGE_TARNAME ""
| #define PACKAGE_VERSION ""
| #define PACKAGE_STRING ""
| #define PACKAGE_BUGREPORT ""
| #define PACKAGE_URL ""
| #define inline inline
| #define HAVE___ATTRIBUTE__ 1
| #define __ATTRIBUTE___FORMAT_OK 1
| #define STDC_HEADERS 1
| #define HAVE_SYS_TYPES_H 1
| #define HAVE_SYS_STAT_H 1
| #define HAVE_STDLIB_H 1
| #define HAVE_STRING_H 1
| #define HAVE_MEMORY_H 1
| #define HAVE_STRINGS_H 1
| #define HAVE_INTTYPES_H 1
| #define HAVE_STDINT_H 1
| #define HAVE_UNISTD_H 1
| #define HAVE_FSEEKO 1
| #define HAVE_LIMITS_H 1
| #define HAVE_PATHS_H 1
| #define HAVE_LINUX_TYPES_H 1
| #define HAVE_LINUX_IF_PACKET_H 1
| #define HAVE_NETPACKET_PACKET_H 1
| #define HAVE_NETINET_IF_ETHER_H 1
| #define HAVE_LINUX_SOCKIOS_H 1
| #define HAVE_LINUX_IF_BONDING_H 1
| #define HAVE_STRERROR 1
| #define HAVE_STRLCPY 1
| #define HAVE_VSNPRINTF 1
| #define HAVE_SNPRINTF 1
| /* end confdefs.h.  */
| 
| /* Override any GCC internal prototype to avoid an error.
|    Use char because int might match the return type of a GCC
|    builtin and then its argument prototype would still apply.  */
| #ifdef __cplusplus
| extern "C"
| #endif
| char putmsg ();
| int
| main ()
| {
| return putmsg ();
|   ;
|   return 0;
| }
configure:5062: result: no
configure:5085: checking for ether_hostton
configure:5085: arm-linux-androideabi-gcc -o conftest -g -O2   conftest.c  >&5
conftest.c:69: error: undefined reference to 'ether_hostton'
collect2: error: ld returned 1 exit status
configure:5085: $? = 1
configure: failed program was:
| /* confdefs.h */
| #define PACKAGE_NAME ""
| #define PACKAGE_TARNAME ""
| #define PACKAGE_VERSION ""
| #define PACKAGE_STRING ""
| #define PACKAGE_BUGREPORT ""
| #define PACKAGE_URL ""
| #define inline inline
| #define HAVE___ATTRIBUTE__ 1
| #define __ATTRIBUTE___FORMAT_OK 1
| #define STDC_HEADERS 1
| #define HAVE_SYS_TYPES_H 1
| #define HAVE_SYS_STAT_H 1
| #define HAVE_STDLIB_H 1
| #define HAVE_STRING_H 1
| #define HAVE_MEMORY_H 1
| #define HAVE_STRINGS_H 1
| #define HAVE_INTTYPES_H 1
| #define HAVE_STDINT_H 1
| #define HAVE_UNISTD_H 1
| #define HAVE_FSEEKO 1
| #define HAVE_LIMITS_H 1
| #define HAVE_PATHS_H 1
| #define HAVE_LINUX_TYPES_H 1
| #define HAVE_LINUX_IF_PACKET_H 1
| #define HAVE_NETPACKET_PACKET_H 1
| #define HAVE_NETINET_IF_ETHER_H 1
| #define HAVE_LINUX_SOCKIOS_H 1
| #define HAVE_LINUX_IF_BONDING_H 1
| #define HAVE_STRERROR 1
| #define HAVE_STRLCPY 1
| #define HAVE_VSNPRINTF 1
| #define HAVE_SNPRINTF 1
| /* end confdefs.h.  */
| /* Define ether_hostton to an innocuous variant, in case <limits.h> declares ether_hostton.
|    For example, HP-UX 11i <limits.h> declares gettimeofday.  */
| #define ether_hostton innocuous_ether_hostton
| 
| /* System header to define __stub macros and hopefully few prototypes,
|     which can conflict with char ether_hostton (); below.
|     Prefer <limits.h> to <assert.h> if __STDC__ is defined, since
|     <limits.h> exists even on freestanding compilers.  */
| 
| #ifdef __STDC__
| # include <limits.h>
| #else
| # include <assert.h>
| #endif
| 
| #undef ether_hostton
| 
| /* Override any GCC internal prototype to avoid an error.
|    Use char because int might match the return type of a GCC
|    builtin and then its argument prototype would still apply.  */
| #ifdef __cplusplus
| extern "C"
| #endif
| char ether_hostton ();
| /* The GNU C library defines this for functions which it implements
|     to always fail with ENOSYS.  Some functions are actually named
|     something starting with __ and the normal name is an alias.  */
| #if defined __stub_ether_hostton || defined __stub___ether_hostton
| choke me
| #endif
| 
| int
| main ()
| {
| return ether_hostton ();
|   ;
|   return 0;
| }
configure:5085: result: no
configure:5201: checking if --disable-protochain option is specified
configure:5219: result: enabled
configure:5251: checking packet capture type
configure:5295: result: linux
configure:5502: checking for linux/wireless.h
configure:5502: arm-linux-androideabi-gcc -c -g -O2  conftest.c >&5
configure:5502: $? = 0
configure:5502: result: yes
configure:5732: checking for linux/ethtool.h
configure:5732: arm-linux-androideabi-gcc -c -g -O2  conftest.c >&5
configure:5732: $? = 0
configure:5732: result: yes
configure:5746: checking if if_packet.h has tpacket_stats defined
configure:5763: arm-linux-androideabi-gcc -c -g -O2  conftest.c >&5
configure:5763: $? = 0
configure:5771: result: yes
configure:5778: checking if tpacket_auxdata struct has tp_vlan_tci member
configure:5796: arm-linux-androideabi-gcc -c -g -O2  conftest.c >&5
configure:5796: $? = 0
configure:5804: result: yes
configure:5913: checking for getifaddrs
configure:5913: arm-linux-androideabi-gcc -o conftest -g -O2   conftest.c  >&5
conftest.c:73: error: undefined reference to 'getifaddrs'
collect2: error: ld returned 1 exit status
configure:5913: $? = 1
configure: failed program was:
| /* confdefs.h */
| #define PACKAGE_NAME ""
| #define PACKAGE_TARNAME ""
| #define PACKAGE_VERSION ""
| #define PACKAGE_STRING ""
| #define PACKAGE_BUGREPORT ""
| #define PACKAGE_URL ""
| #define inline inline
| #define HAVE___ATTRIBUTE__ 1
| #define __ATTRIBUTE___FORMAT_OK 1
| #define STDC_HEADERS 1
| #define HAVE_SYS_TYPES_H 1
| #define HAVE_SYS_STAT_H 1
| #define HAVE_STDLIB_H 1
| #define HAVE_STRING_H 1
| #define HAVE_MEMORY_H 1
| #define HAVE_STRINGS_H 1
| #define HAVE_INTTYPES_H 1
| #define HAVE_STDINT_H 1
| #define HAVE_UNISTD_H 1
| #define HAVE_FSEEKO 1
| #define HAVE_LIMITS_H 1
| #define HAVE_PATHS_H 1
| #define HAVE_LINUX_TYPES_H 1
| #define HAVE_LINUX_IF_PACKET_H 1
| #define HAVE_NETPACKET_PACKET_H 1
| #define HAVE_NETINET_IF_ETHER_H 1
| #define HAVE_LINUX_SOCKIOS_H 1
| #define HAVE_LINUX_IF_BONDING_H 1
| #define HAVE_STRERROR 1
| #define HAVE_STRLCPY 1
| #define HAVE_VSNPRINTF 1
| #define HAVE_SNPRINTF 1
| #define HAVE_LINUX_WIRELESS_H 1
| #define HAVE_LINUX_ETHTOOL_H 1
| #define HAVE_TPACKET_STATS 1
| #define HAVE_LINUX_TPACKET_AUXDATA_TP_VLAN_TCI 1
| /* end confdefs.h.  */
| /* Define getifaddrs to an innocuous variant, in case <limits.h> declares getifaddrs.
|    For example, HP-UX 11i <limits.h> declares gettimeofday.  */
| #define getifaddrs innocuous_getifaddrs
| 
| /* System header to define __stub macros and hopefully few prototypes,
|     which can conflict with char getifaddrs (); below.
|     Prefer <limits.h> to <assert.h> if __STDC__ is defined, since
|     <limits.h> exists even on freestanding compilers.  */
| 
| #ifdef __STDC__
| # include <limits.h>
| #else
| # include <assert.h>
| #endif
| 
| #undef getifaddrs
| 
| /* Override any GCC internal prototype to avoid an error.
|    Use char because int might match the return type of a GCC
|    builtin and then its argument prototype would still apply.  */
| #ifdef __cplusplus
| extern "C"
| #endif
| char getifaddrs ();
| /* The GNU C library defines this for functions which it implements
|     to always fail with ENOSYS.  Some functions are actually named
|     something starting with __ and the normal name is an alias.  */
| #if defined __stub_getifaddrs || defined __stub___getifaddrs
| choke me
| #endif
| 
| int
| main ()
| {
| return getifaddrs ();
|   ;
|   return 0;
| }
configure:5913: result: no
configure:6018: checking for socklen_t
configure:6034: arm-linux-androideabi-gcc -c -g -O2  conftest.c >&5
configure:6034: $? = 0
configure:6045: result: yes
configure:6056: checking for getaddrinfo
configure:6056: arm-linux-androideabi-gcc -o conftest -g -O2   conftest.c  >&5
configure:6056: $? = 0
configure:6056: result: yes
configure:6076: checking whether to build optimizer debugging code
configure:6088: result: no
configure:6091: checking whether to build parser debugging code
configure:6103: result: no
configure:6182: checking whether we have DAG API headers
configure:6205: result: no (/usr/local/include)
configure:6414: checking whether we have the DAG API
configure:6418: result: no
configure:6485: checking whether we have Septel API
configure:6507: result: no
configure:6600: checking whether we have Myricom Sniffer API
configure:6618: result: no (/opt/snf)
configure:6979: checking for arm-linux-androideabi-ranlib
configure:6995: found /home/francesco/Dropbox/bin/android-toolchain/bin/arm-linux-androideabi-ranlib
configure:7006: result: arm-linux-androideabi-ranlib
configure:7071: checking for arm-linux-androideabi-ar
configure:7087: found /home/francesco/Dropbox/bin/android-toolchain/bin/arm-linux-androideabi-ar
configure:7098: result: arm-linux-androideabi-ar
configure:7161: checking whether ln -s works
configure:7165: result: yes
configure:7436: checking if sockaddr struct has the sa_len member
configure:7454: arm-linux-androideabi-gcc -c -g -O2  conftest.c >&5
conftest.c: In function 'main':
conftest.c:47:40: error: 'struct sockaddr' has no member named 'sa_len'
 u_int i = sizeof(((struct sockaddr *)0)->sa_len)
                                        ^
configure:7454: $? = 1
configure: failed program was:
| /* confdefs.h */
| #define PACKAGE_NAME ""
| #define PACKAGE_TARNAME ""
| #define PACKAGE_VERSION ""
| #define PACKAGE_STRING ""
| #define PACKAGE_BUGREPORT ""
| #define PACKAGE_URL ""
| #define inline inline
| #define HAVE___ATTRIBUTE__ 1
| #define __ATTRIBUTE___FORMAT_OK 1
| #define STDC_HEADERS 1
| #define HAVE_SYS_TYPES_H 1
| #define HAVE_SYS_STAT_H 1
| #define HAVE_STDLIB_H 1
| #define HAVE_STRING_H 1
| #define HAVE_MEMORY_H 1
| #define HAVE_STRINGS_H 1
| #define HAVE_INTTYPES_H 1
| #define HAVE_STDINT_H 1
| #define HAVE_UNISTD_H 1
| #define HAVE_FSEEKO 1
| #define HAVE_LIMITS_H 1
| #define HAVE_PATHS_H 1
| #define HAVE_LINUX_TYPES_H 1
| #define HAVE_LINUX_IF_PACKET_H 1
| #define HAVE_NETPACKET_PACKET_H 1
| #define HAVE_NETINET_IF_ETHER_H 1
| #define HAVE_LINUX_SOCKIOS_H 1
| #define HAVE_LINUX_IF_BONDING_H 1
| #define HAVE_STRERROR 1
| #define HAVE_STRLCPY 1
| #define HAVE_VSNPRINTF 1
| #define HAVE_SNPRINTF 1
| #define HAVE_LINUX_WIRELESS_H 1
| #define HAVE_LINUX_ETHTOOL_H 1
| #define HAVE_TPACKET_STATS 1
| #define HAVE_LINUX_TPACKET_AUXDATA_TP_VLAN_TCI 1
| #define HAVE_SOCKLEN_T 1
| #define INET6 1
| /* end confdefs.h.  */
| 
| #	include <sys/types.h>
| #	include <sys/socket.h>
| int
| main ()
| {
| u_int i = sizeof(((struct sockaddr *)0)->sa_len)
|   ;
|   return 0;
| }
configure:7462: result: no
configure:7470: checking if sockaddr_storage struct exists
configure:7488: arm-linux-androideabi-gcc -c -g -O2  conftest.c >&5
configure:7488: $? = 0
configure:7496: result: yes
configure:7504: checking if dl_hp_ppa_info_t struct has dl_module_id_1 member
configure:7523: arm-linux-androideabi-gcc -c -g -O2  conftest.c >&5
conftest.c:44:23: fatal error: sys/dlpi.h: No such file or directory
 # include <sys/dlpi.h>
                       ^
compilation terminated.
configure:7523: $? = 1
configure: failed program was:
| /* confdefs.h */
| #define PACKAGE_NAME ""
| #define PACKAGE_TARNAME ""
| #define PACKAGE_VERSION ""
| #define PACKAGE_STRING ""
| #define PACKAGE_BUGREPORT ""
| #define PACKAGE_URL ""
| #define inline inline
| #define HAVE___ATTRIBUTE__ 1
| #define __ATTRIBUTE___FORMAT_OK 1
| #define STDC_HEADERS 1
| #define HAVE_SYS_TYPES_H 1
| #define HAVE_SYS_STAT_H 1
| #define HAVE_STDLIB_H 1
| #define HAVE_STRING_H 1
| #define HAVE_MEMORY_H 1
| #define HAVE_STRINGS_H 1
| #define HAVE_INTTYPES_H 1
| #define HAVE_STDINT_H 1
| #define HAVE_UNISTD_H 1
| #define HAVE_FSEEKO 1
| #define HAVE_LIMITS_H 1
| #define HAVE_PATHS_H 1
| #define HAVE_LINUX_TYPES_H 1
| #define HAVE_LINUX_IF_PACKET_H 1
| #define HAVE_NETPACKET_PACKET_H 1
| #define HAVE_NETINET_IF_ETHER_H 1
| #define HAVE_LINUX_SOCKIOS_H 1
| #define HAVE_LINUX_IF_BONDING_H 1
| #define HAVE_STRERROR 1
| #define HAVE_STRLCPY 1
| #define HAVE_VSNPRINTF 1
| #define HAVE_SNPRINTF 1
| #define HAVE_LINUX_WIRELESS_H 1
| #define HAVE_LINUX_ETHTOOL_H 1
| #define HAVE_TPACKET_STATS 1
| #define HAVE_LINUX_TPACKET_AUXDATA_TP_VLAN_TCI 1
| #define HAVE_SOCKLEN_T 1
| #define INET6 1
| #define HAVE_SOCKADDR_STORAGE 1
| /* end confdefs.h.  */
| 
| #	include <sys/types.h>
| #	include <sys/dlpi.h>
| #	include <sys/dlpi_ext.h>
| int
| main ()
| {
| u_int i = sizeof(((dl_hp_ppa_info_t *)0)->dl_module_id_1)
|   ;
|   return 0;
| }
configure:7531: result: no
configure:7539: checking if unaligned accesses fail
configure:7626: result: yes
configure:7670: checking for USB sniffing support
configure:7678: result: yes
configure:7689: Device for USB sniffing is /dev/usbmon
configure:7697: checking linux/compiler.h usability
configure:7697: arm-linux-androideabi-gcc -c -g -O2  conftest.c >&5
configure:7697: $? = 0
configure:7697: result: yes
configure:7697: checking linux/compiler.h presence
configure:7697: arm-linux-androideabi-gcc -E  conftest.c
configure:7697: $? = 0
configure:7697: result: yes
configure:7697: checking for linux/compiler.h
configure:7697: result: yes
configure:7713: checking for linux/usbdevice_fs.h
configure:7713: arm-linux-androideabi-gcc -c -g -O2  conftest.c >&5
configure:7713: $? = 0
configure:7713: result: yes
configure:7745: checking if usbdevfs_ctrltransfer struct has bRequestType member
configure:7769: arm-linux-androideabi-gcc -c -g -O2  conftest.c >&5
configure:7769: $? = 0
configure:7777: result: yes
configure:7795: checking whether the platform could support netfilter sniffing
configure:7799: result: yes
configure:7809: checking whether we can compile the netfilter support
configure:7835: arm-linux-androideabi-gcc -c -g -O2  conftest.c >&5
configure:7835: $? = 0
configure:7843: result: yes
configure:8282: checking linux/net_tstamp.h usability
configure:8282: arm-linux-androideabi-gcc -c -g -O2  conftest.c >&5
configure:8282: $? = 0
configure:8282: result: yes
configure:8282: checking linux/net_tstamp.h presence
configure:8282: arm-linux-androideabi-gcc -E  conftest.c
configure:8282: $? = 0
configure:8282: result: yes
configure:8282: checking for linux/net_tstamp.h
configure:8282: result: yes
configure:8328: checking for a BSD-compatible install
configure:8396: result: /usr/bin/install -c
configure:8529: creating ./config.status

## ---------------------- ##
## Running config.status. ##
## ---------------------- ##

This file was extended by config.status, which was
generated by GNU Autoconf 2.69.  Invocation command line was

  CONFIG_FILES    = 
  CONFIG_HEADERS  = 
  CONFIG_LINKS    = 
  CONFIG_COMMANDS = 
  $ ./config.status 

on francesco-desktop

config.status:909: creating Makefile
config.status:909: creating pcap-filter.manmisc
config.status:909: creating pcap-linktype.manmisc
config.status:909: creating pcap-tstamp.manmisc
config.status:909: creating pcap-savefile.manfile
config.status:909: creating pcap.3pcap
config.status:909: creating pcap_compile.3pcap
config.status:909: creating pcap_datalink.3pcap
config.status:909: creating pcap_dump_open.3pcap
config.status:909: creating pcap_get_tstamp_precision.3pcap
config.status:909: creating pcap_list_datalinks.3pcap
config.status:909: creating pcap_list_tstamp_types.3pcap
config.status:909: creating pcap_open_dead.3pcap
config.status:909: creating pcap_open_offline.3pcap
config.status:909: creating pcap_set_tstamp_precision.3pcap
config.status:909: creating pcap_set_tstamp_type.3pcap
config.status:909: creating config.h
config.status:1084: config.h is unchanged
config.status:1098: executing default-1 commands

## ---------------- ##
## Cache variables. ##
## ---------------- ##

ac_cv___attribute__=yes
ac_cv___attribute___format=yes
ac_cv___attribute___unused=yes
ac_cv_build=x86_64-unknown-linux-gnu
ac_cv_c_compiler_gnu=yes
ac_cv_env_CC_set=
ac_cv_env_CC_value=
ac_cv_env_CFLAGS_set=
ac_cv_env_CFLAGS_value=
ac_cv_env_CPPFLAGS_set=
ac_cv_env_CPPFLAGS_value=
ac_cv_env_CPP_set=
ac_cv_env_CPP_value=
ac_cv_env_LDFLAGS_set=
ac_cv_env_LDFLAGS_value=
ac_cv_env_LIBS_set=
ac_cv_env_LIBS_value=
ac_cv_env_build_alias_set=
ac_cv_env_build_alias_value=
ac_cv_env_host_alias_set=set
ac_cv_env_host_alias_value=arm-linux-androideabi
ac_cv_env_target_alias_set=
ac_cv_env_target_alias_value=
ac_cv_func_ether_hostton=no
ac_cv_func_getaddrinfo=yes
ac_cv_func_getifaddrs=no
ac_cv_func_snprintf=yes
ac_cv_func_strerror=yes
ac_cv_func_strlcpy=yes
ac_cv_func_vsnprintf=yes
ac_cv_header_inttypes_h=yes
ac_cv_header_limits_h=yes
ac_cv_header_linux_compiler_h=yes
ac_cv_header_linux_ethtool_h=yes
ac_cv_header_linux_if_bonding_h=yes
ac_cv_header_linux_if_packet_h=yes
ac_cv_header_linux_net_tstamp_h=yes
ac_cv_header_linux_sockios_h=yes
ac_cv_header_linux_types_h=yes
ac_cv_header_linux_usbdevice_fs_h=yes
ac_cv_header_linux_wireless_h=yes
ac_cv_header_memory_h=yes
ac_cv_header_net_pfvar_h=no
ac_cv_header_netinet_if_ether_h=yes
ac_cv_header_netpacket_if_packet_h=no
ac_cv_header_netpacket_packet_h=yes
ac_cv_header_paths_h=yes
ac_cv_header_stdc=yes
ac_cv_header_stdint_h=yes
ac_cv_header_stdlib_h=yes
ac_cv_header_string_h=yes
ac_cv_header_strings_h=yes
ac_cv_header_sys_bitypes_h=no
ac_cv_header_sys_ioccom_h=no
ac_cv_header_sys_sockio_h=no
ac_cv_header_sys_stat_h=yes
ac_cv_header_sys_types_h=yes
ac_cv_header_unistd_h=yes
ac_cv_host=arm-unknown-linux-androideabi
ac_cv_lbl_dag_api=no
ac_cv_lbl_dl_hp_ppa_info_t_has_dl_module_id_1=no
ac_cv_lbl_gcc_fixincludes=yes
ac_cv_lbl_has_sockaddr_storage=yes
ac_cv_lbl_inline=inline
ac_cv_lbl_linux_tpacket_auxdata_tp_vlan_tci=yes
ac_cv_lbl_septel_api=no
ac_cv_lbl_snf_api=no
ac_cv_lbl_sockaddr_has_sa_len=no
ac_cv_lbl_tpacket_stats=yes
ac_cv_lbl_unaligned_fail=yes
ac_cv_netfilter_can_compile=yes
ac_cv_objext=o
ac_cv_path_EGREP='/bin/grep -E'
ac_cv_path_GREP=/bin/grep
ac_cv_path_install='/usr/bin/install -c'
ac_cv_prog_AR=arm-linux-androideabi-ar
ac_cv_prog_CC=arm-linux-androideabi-gcc
ac_cv_prog_CPP='arm-linux-androideabi-gcc -E'
ac_cv_prog_RANLIB=arm-linux-androideabi-ranlib
ac_cv_prog_cc_c89=
ac_cv_prog_cc_g=yes
ac_cv_search_gethostbyname='none required'
ac_cv_search_putmsg=no
ac_cv_search_socket='none required'
ac_cv_sys_file_offset_bits=unknown
ac_cv_sys_large_files=unknown
ac_cv_sys_largefile_CC=no
ac_cv_sys_largefile_source=no
ac_cv_target=arm-unknown-linux-androideabi
ac_cv_type_int16_t=yes
ac_cv_type_int32_t=yes
ac_cv_type_int64_t=yes
ac_cv_type_int8_t=yes
ac_cv_type_u_int16_t=yes
ac_cv_type_u_int32_t=yes
ac_cv_type_u_int64_t=yes
ac_cv_type_u_int8_t=yes
ac_cv_usbdevfs_ctrltransfer_has_bRequestType=yes

## ----------------- ##
## Output variables. ##
## ----------------- ##

ADDLARCHIVEOBJS=''
ADDLOBJS=''
AR='arm-linux-androideabi-ar'
BT_MONITOR_SRC=''
BT_SRC=''
CANUSB_SRC=''
CAN_SRC=''
CC='arm-linux-androideabi-gcc'
CFLAGS='-g -O2'
CPP='arm-linux-androideabi-gcc -E'
CPPFLAGS=''
DBUS_SRC=''
DEFS='-DHAVE_CONFIG_H'
DEPENDENCY_CFLAG=''
DYEXT='none'
ECHO_C=''
ECHO_N='-n'
ECHO_T=''
EGREP='/bin/grep -E'
EXEEXT=''
GREP='/bin/grep'
HAVE_LINUX_TPACKET_AUXDATA='tp_vlan_tci'
INSTALL_DATA='${INSTALL} -m 644'
INSTALL_PROGRAM='${INSTALL}'
INSTALL_SCRIPT='${INSTALL}'
LDFLAGS=''
LIBOBJS=''
LIBS=''
LN_S='ln -s'
LTLIBOBJS=''
MAN_FILE_FORMATS='5'
MAN_MISC_INFO='7'
MKDEP=''
NETFILTER_SRC='pcap-netfilter-linux.c'
OBJEXT='o'
PACKAGE_BUGREPORT=''
PACKAGE_NAME=''
PACKAGE_STRING=''
PACKAGE_TARNAME=''
PACKAGE_URL=''
PACKAGE_VERSION=''
PATH_SEPARATOR=':'
PCAP_SUPPORT_BT=''
PCAP_SUPPORT_CAN=''
PCAP_SUPPORT_CANUSB=''
PCAP_SUPPORT_DBUS=''
PCAP_SUPPORT_NETFILTER=''
PCAP_SUPPORT_PACKET_RING=''
PCAP_SUPPORT_USB=''
PKGCONFIG=''
RANLIB='arm-linux-androideabi-ranlib'
SHELL='/bin/bash'
SHLICC2=''
SSRC=''
USB_SRC='pcap-usb-linux.c'
V_CCOPT=' -fpic'
V_DEFS=' -D_U_="__attribute__((unused))"'
V_FINDALLDEVS='gifc'
V_INCLS=''
V_PCAP='linux'
V_RPATH_OPT='-Wl,-rpath,'
V_SHLIB_CMD='$(CC)'
V_SHLIB_OPT='-shared'
V_SONAME_OPT='-Wl,-soname,'
ac_ct_CC=''
bindir='${exec_prefix}/bin'
build='x86_64-unknown-linux-gnu'
build_alias=''
build_cpu='x86_64'
build_os='linux-gnu'
build_vendor='unknown'
datadir='${datarootdir}'
datarootdir='${prefix}/share'
docdir='${datarootdir}/doc/${PACKAGE}'
dvidir='${docdir}'
exec_prefix='${prefix}'
host='arm-unknown-linux-androideabi'
host_alias='arm-linux-androideabi'
host_cpu='arm'
host_os='linux-androideabi'
host_vendor='unknown'
htmldir='${docdir}'
includedir='${prefix}/include'
infodir='${datarootdir}/info'
libdir='${exec_prefix}/lib'
libexecdir='${exec_prefix}/libexec'
localedir='${datarootdir}/locale'
localstatedir='${prefix}/var'
mandir='${datarootdir}/man'
oldincludedir='/usr/include'
pdfdir='${docdir}'
prefix='/usr/local'
program_transform_name='s,x,x,'
psdir='${docdir}'
sbindir='${exec_prefix}/sbin'
sharedstatedir='${prefix}/com'
sysconfdir='${prefix}/etc'
target='arm-unknown-linux-androideabi'
target_alias=''
target_cpu='arm'
target_os='linux-androideabi'
target_vendor='unknown'

## ----------- ##
## confdefs.h. ##
## ----------- ##

/* confdefs.h */
#define PACKAGE_NAME ""
#define PACKAGE_TARNAME ""
#define PACKAGE_VERSION ""
#define PACKAGE_STRING ""
#define PACKAGE_BUGREPORT ""
#define PACKAGE_URL ""
#define inline inline
#define HAVE___ATTRIBUTE__ 1
#define __ATTRIBUTE___FORMAT_OK 1
#define STDC_HEADERS 1
#define HAVE_SYS_TYPES_H 1
#define HAVE_SYS_STAT_H 1
#define HAVE_STDLIB_H 1
#define HAVE_STRING_H 1
#define HAVE_MEMORY_H 1
#define HAVE_STRINGS_H 1
#define HAVE_INTTYPES_H 1
#define HAVE_STDINT_H 1
#define HAVE_UNISTD_H 1
#define HAVE_FSEEKO 1
#define HAVE_LIMITS_H 1
#define HAVE_PATHS_H 1
#define HAVE_LINUX_TYPES_H 1
#define HAVE_LINUX_IF_PACKET_H 1
#define HAVE_NETPACKET_PACKET_H 1
#define HAVE_NETINET_IF_ETHER_H 1
#define HAVE_LINUX_SOCKIOS_H 1
#define HAVE_LINUX_IF_BONDING_H 1
#define HAVE_STRERROR 1
#define HAVE_STRLCPY 1
#define HAVE_VSNPRINTF 1
#define HAVE_SNPRINTF 1
#define HAVE_LINUX_WIRELESS_H 1
#define HAVE_LINUX_ETHTOOL_H 1
#define HAVE_TPACKET_STATS 1
#define HAVE_LINUX_TPACKET_AUXDATA_TP_VLAN_TCI 1
#define HAVE_SOCKLEN_T 1
#define INET6 1
#define HAVE_SOCKADDR_STORAGE 1
#define LBL_ALIGN 1
#define HAVE_VERSION_H 1
#define PCAP_SUPPORT_USB 1
#define LINUX_USB_MON_DEV "/dev/usbmon"
#define HAVE_LINUX_COMPILER_H 1
#define HAVE_LINUX_USBDEVICE_FS_H 1
#define HAVE_USBDEVFS_CTRLTRANSFER_BREQUESTTYPE 1
#define PCAP_SUPPORT_NETFILTER 1
#define HAVE_LINUX_NET_TSTAMP_H 1
#define PCAP_SUPPORT_PACKET_RING 1

configure: exit 0

## ---------------------- ##
## Running config.status. ##
## ---------------------- ##

This file was extended by config.status, which was
generated by GNU Autoconf 2.69.  Invocation command line was

  CONFIG_FILES    = 
  CONFIG_HEADERS  = 
  CONFIG_LINKS    = 
  CONFIG_COMMANDS = 
  $ ./config.status --file=pcap-config.tmp:./pcap-config.in

on francesco-desktop

config.status:909: creating pcap-config.tmp
